2026-01-17 13:47:57.322 | INFO  | [background-preinit] | o.h.validator.internal.util.Version.<clinit> | HV000001: Hibernate Validator 8.0.3.Final
2026-01-17 13:47:57.439 | INFO  | [main] | c.example.Backend.BackendApplication.logStarting | Starting BackendApplication using Java 24.0.1 with PID 16512 (C:\Users\inam\Desktop\10pearl\contact-management-system-Description-\Backend\target\classes started by inam in C:\Users\inam\Desktop\10pearl\contact-management-system-Description-\Backend)
2026-01-17 13:47:57.440 | INFO  | [main] | c.example.Backend.BackendApplication.logStartupProfileInfo | No active profile set, falling back to 1 default profile: "default"
2026-01-17 13:47:59.817 | INFO  | [main] | o.a.coyote.http11.Http11NioProtocol.log | Initializing ProtocolHandler ["http-nio-0.0.0.0-8082"]
2026-01-17 13:47:59.819 | INFO  | [main] | o.a.catalina.core.StandardService.log | Starting service [Tomcat]
2026-01-17 13:47:59.820 | INFO  | [main] | o.a.catalina.core.StandardEngine.log | Starting Servlet engine: [Apache Tomcat/10.1.50]
2026-01-17 13:47:59.903 | INFO  | [main] | o.a.c.c.C.[Tomcat].[localhost].[/].log | Initializing Spring embedded WebApplicationContext
2026-01-17 13:48:00.120 | INFO  | [main] | o.h.jpa.internal.util.LogHelper.logPersistenceUnitInformation | HHH000204: Processing PersistenceUnitInfo [name: default]
2026-01-17 13:48:00.226 | INFO  | [main] | org.hibernate.Version.logVersion | HHH000412: Hibernate ORM core version 6.6.39.Final
2026-01-17 13:48:00.284 | INFO  | [main] | o.h.c.i.RegionFactoryInitiator.initiateService | HHH000026: Second-level cache disabled
2026-01-17 13:48:00.822 | INFO  | [main] | com.zaxxer.hikari.HikariDataSource.getConnection | HikariPool-1 - Starting...
2026-01-17 13:48:01.075 | INFO  | [main] | com.zaxxer.hikari.pool.HikariPool.checkFailFast | HikariPool-1 - Added connection org.postgresql.jdbc.PgConnection@65fc8edc
2026-01-17 13:48:01.077 | INFO  | [main] | com.zaxxer.hikari.HikariDataSource.getConnection | HikariPool-1 - Start completed.
2026-01-17 13:48:01.177 | INFO  | [main] | o.hibernate.orm.connections.pooling.logConnectionInfo | HHH10001005: Database info:
	Database JDBC URL [Connecting through datasource 'HikariDataSource (HikariPool-1)']
	Database driver: undefined/unknown
	Database version: 17.6
	Autocommit mode: undefined/unknown
	Isolation level: undefined/unknown
	Minimum pool size: undefined/unknown
	Maximum pool size: undefined/unknown
2026-01-17 13:48:01.188 | DEBUG | [main] | o.h.t.d.sql.spi.DdlTypeRegistry.addDescriptor | addDescriptor(2003, org.hibernate.type.descriptor.sql.internal.ArrayDdlTypeImpl@dd20ebc) replaced previous registration(org.hibernate.type.descriptor.sql.internal.ArrayDdlTypeImpl@6c70b7c3)
2026-01-17 13:48:01.188 | DEBUG | [main] | o.h.t.d.sql.spi.DdlTypeRegistry.addDescriptor | addDescriptor(6, org.hibernate.type.descriptor.sql.internal.CapacityDependentDdlType@16a09809) replaced previous registration(org.hibernate.type.descriptor.sql.internal.DdlTypeImpl@69a73867)
2026-01-17 13:48:02.848 | INFO  | [main] | o.h.e.t.j.p.i.JtaPlatformInitiator.initiateService | HHH000489: No JTA platform available (set 'hibernate.transaction.jta.platform' to enable JTA platform integration)
2026-01-17 13:48:05.013 | WARN  | [main] | o.s.b.a.o.j.JpaBaseConfiguration$JpaWebConfiguration.openEntityManagerInViewInterceptor | spring.jpa.open-in-view is enabled by default. Therefore, database queries may be performed during view rendering. Explicitly configure spring.jpa.open-in-view to disable this warning
2026-01-17 13:48:05.252 | WARN  | [main] | o.s.s.c.a.a.c.InitializeUserDetailsBeanManagerConfigurer$InitializeUserDetailsManagerConfigurer.configure | Global AuthenticationManager configured with an AuthenticationProvider bean. UserDetailsService beans will not be used by Spring Security for automatically configuring username/password login. Consider removing the AuthenticationProvider bean. Alternatively, consider using the UserDetailsService in a manually instantiated DaoAuthenticationProvider. If the current configuration is intentional, to turn off this warning, increase the logging level of 'org.springframework.security.config.annotation.authentication.configuration.InitializeUserDetailsBeanManagerConfigurer' to ERROR
2026-01-17 13:48:05.641 | INFO  | [main] | o.a.coyote.http11.Http11NioProtocol.log | Starting ProtocolHandler ["http-nio-0.0.0.0-8082"]
2026-01-17 13:48:05.675 | INFO  | [main] | c.example.Backend.BackendApplication.logStarted | Started BackendApplication in 9.157 seconds (process running for 10.566)
2026-01-17 13:50:20.695 | INFO  | [http-nio-0.0.0.0-8082-exec-1] | o.a.c.c.C.[Tomcat].[localhost].[/].log | Initializing Spring DispatcherServlet 'dispatcherServlet'
2026-01-17 13:50:20.879 | INFO  | [http-nio-0.0.0.0-8082-exec-1] | c.e.B.controller.auth.AuthController.login | Login attempt for email: inam@gmail.com
2026-01-17 13:50:20.990 | DEBUG | [http-nio-0.0.0.0-8082-exec-1] | org.hibernate.SQL.logStatement | 
    select
        u1_0.id,
        u1_0.active,
        u1_0.is_deleted,
        u1_0.email,
        u1_0.last_login,
        u1_0.name,
        u1_0.password,
        u1_0.refresh_token,
        u1_0.reset_password_token,
        u1_0.reset_token_expiry,
        u1_0.role_id,
        u1_0.token_expiry,
        u1_0.verification_token,
        u1_0.verified 
    from
        users u1_0 
    where
        upper(u1_0.email)=upper(?)
2026-01-17 13:50:21.036 | DEBUG | [http-nio-0.0.0.0-8082-exec-1] | org.hibernate.SQL.logStatement | 
    select
        r1_0.id,
        r1_0.role_name 
    from
        roles r1_0 
    where
        r1_0.id=?
2026-01-17 13:50:21.139 | DEBUG | [http-nio-0.0.0.0-8082-exec-1] | org.hibernate.SQL.logStatement | 
    select
        u1_0.id,
        u1_0.active,
        u1_0.is_deleted,
        u1_0.email,
        u1_0.last_login,
        u1_0.name,
        u1_0.password,
        u1_0.refresh_token,
        u1_0.reset_password_token,
        u1_0.reset_token_expiry,
        u1_0.role_id,
        u1_0.token_expiry,
        u1_0.verification_token,
        u1_0.verified 
    from
        users u1_0 
    where
        upper(u1_0.email)=upper(?)
2026-01-17 13:50:21.246 | DEBUG | [http-nio-0.0.0.0-8082-exec-1] | org.hibernate.SQL.logStatement | 
    update
        users 
    set
        active=?,
        is_deleted=?,
        email=?,
        last_login=?,
        name=?,
        password=?,
        refresh_token=?,
        reset_password_token=?,
        reset_token_expiry=?,
        role_id=?,
        token_expiry=?,
        verification_token=?,
        verified=? 
    where
        id=?
2026-01-17 13:50:21.263 | INFO  | [http-nio-0.0.0.0-8082-exec-1] | c.e.B.controller.auth.AuthController.login | Login successful for email: inam@gmail.com
2026-01-17 13:50:34.872 | DEBUG | [http-nio-0.0.0.0-8082-exec-3] | org.hibernate.SQL.logStatement | 
    select
        c1_0.id,
        c1_0.first_name,
        c1_0.last_name,
        c1_0.title,
        c1_0.user_id 
    from
        contacts c1_0 
    order by
        c1_0.first_name 
    offset
        ? rows 
    fetch
        first ? rows only
2026-01-17 13:50:34.891 | DEBUG | [http-nio-0.0.0.0-8082-exec-3] | org.hibernate.SQL.logStatement | 
    select
        count(c1_0.id) 
    from
        contacts c1_0
2026-01-17 13:50:34.896 | DEBUG | [http-nio-0.0.0.0-8082-exec-3] | org.hibernate.SQL.logStatement | 
    select
        e1_0.contact_id,
        e1_0.id,
        e1_0.email_address,
        e1_0.label 
    from
        contact_emails e1_0 
    where
        e1_0.contact_id=?
2026-01-17 13:50:34.902 | DEBUG | [http-nio-0.0.0.0-8082-exec-3] | org.hibernate.SQL.logStatement | 
    select
        p1_0.contact_id,
        p1_0.id,
        p1_0.label,
        p1_0.phone_number 
    from
        contact_phones p1_0 
    where
        p1_0.contact_id=?
2026-01-17 13:50:34.905 | DEBUG | [http-nio-0.0.0.0-8082-exec-3] | org.hibernate.SQL.logStatement | 
    select
        e1_0.contact_id,
        e1_0.id,
        e1_0.email_address,
        e1_0.label 
    from
        contact_emails e1_0 
    where
        e1_0.contact_id=?
2026-01-17 13:50:34.906 | DEBUG | [http-nio-0.0.0.0-8082-exec-3] | org.hibernate.SQL.logStatement | 
    select
        p1_0.contact_id,
        p1_0.id,
        p1_0.label,
        p1_0.phone_number 
    from
        contact_phones p1_0 
    where
        p1_0.contact_id=?
2026-01-17 13:50:34.908 | DEBUG | [http-nio-0.0.0.0-8082-exec-3] | org.hibernate.SQL.logStatement | 
    select
        e1_0.contact_id,
        e1_0.id,
        e1_0.email_address,
        e1_0.label 
    from
        contact_emails e1_0 
    where
        e1_0.contact_id=?
2026-01-17 13:50:34.909 | DEBUG | [http-nio-0.0.0.0-8082-exec-3] | org.hibernate.SQL.logStatement | 
    select
        p1_0.contact_id,
        p1_0.id,
        p1_0.label,
        p1_0.phone_number 
    from
        contact_phones p1_0 
    where
        p1_0.contact_id=?
2026-01-17 13:50:34.911 | DEBUG | [http-nio-0.0.0.0-8082-exec-3] | org.hibernate.SQL.logStatement | 
    select
        e1_0.contact_id,
        e1_0.id,
        e1_0.email_address,
        e1_0.label 
    from
        contact_emails e1_0 
    where
        e1_0.contact_id=?
2026-01-17 13:50:34.912 | DEBUG | [http-nio-0.0.0.0-8082-exec-3] | org.hibernate.SQL.logStatement | 
    select
        p1_0.contact_id,
        p1_0.id,
        p1_0.label,
        p1_0.phone_number 
    from
        contact_phones p1_0 
    where
        p1_0.contact_id=?
2026-01-17 13:50:34.914 | DEBUG | [http-nio-0.0.0.0-8082-exec-3] | org.hibernate.SQL.logStatement | 
    select
        e1_0.contact_id,
        e1_0.id,
        e1_0.email_address,
        e1_0.label 
    from
        contact_emails e1_0 
    where
        e1_0.contact_id=?
2026-01-17 13:50:34.917 | DEBUG | [http-nio-0.0.0.0-8082-exec-3] | org.hibernate.SQL.logStatement | 
    select
        p1_0.contact_id,
        p1_0.id,
        p1_0.label,
        p1_0.phone_number 
    from
        contact_phones p1_0 
    where
        p1_0.contact_id=?
2026-01-17 13:50:34.919 | DEBUG | [http-nio-0.0.0.0-8082-exec-3] | org.hibernate.SQL.logStatement | 
    select
        e1_0.contact_id,
        e1_0.id,
        e1_0.email_address,
        e1_0.label 
    from
        contact_emails e1_0 
    where
        e1_0.contact_id=?
2026-01-17 13:50:34.921 | DEBUG | [http-nio-0.0.0.0-8082-exec-3] | org.hibernate.SQL.logStatement | 
    select
        p1_0.contact_id,
        p1_0.id,
        p1_0.label,
        p1_0.phone_number 
    from
        contact_phones p1_0 
    where
        p1_0.contact_id=?
2026-01-17 13:50:34.925 | DEBUG | [http-nio-0.0.0.0-8082-exec-3] | org.hibernate.SQL.logStatement | 
    select
        e1_0.contact_id,
        e1_0.id,
        e1_0.email_address,
        e1_0.label 
    from
        contact_emails e1_0 
    where
        e1_0.contact_id=?
2026-01-17 13:50:34.926 | DEBUG | [http-nio-0.0.0.0-8082-exec-3] | org.hibernate.SQL.logStatement | 
    select
        p1_0.contact_id,
        p1_0.id,
        p1_0.label,
        p1_0.phone_number 
    from
        contact_phones p1_0 
    where
        p1_0.contact_id=?
2026-01-17 13:50:34.928 | DEBUG | [http-nio-0.0.0.0-8082-exec-3] | org.hibernate.SQL.logStatement | 
    select
        e1_0.contact_id,
        e1_0.id,
        e1_0.email_address,
        e1_0.label 
    from
        contact_emails e1_0 
    where
        e1_0.contact_id=?
2026-01-17 13:50:34.929 | DEBUG | [http-nio-0.0.0.0-8082-exec-3] | org.hibernate.SQL.logStatement | 
    select
        p1_0.contact_id,
        p1_0.id,
        p1_0.label,
        p1_0.phone_number 
    from
        contact_phones p1_0 
    where
        p1_0.contact_id=?
2026-01-17 13:50:34.931 | DEBUG | [http-nio-0.0.0.0-8082-exec-3] | org.hibernate.SQL.logStatement | 
    select
        e1_0.contact_id,
        e1_0.id,
        e1_0.email_address,
        e1_0.label 
    from
        contact_emails e1_0 
    where
        e1_0.contact_id=?
2026-01-17 13:50:34.936 | DEBUG | [http-nio-0.0.0.0-8082-exec-3] | org.hibernate.SQL.logStatement | 
    select
        p1_0.contact_id,
        p1_0.id,
        p1_0.label,
        p1_0.phone_number 
    from
        contact_phones p1_0 
    where
        p1_0.contact_id=?
2026-01-17 13:50:34.938 | DEBUG | [http-nio-0.0.0.0-8082-exec-3] | org.hibernate.SQL.logStatement | 
    select
        e1_0.contact_id,
        e1_0.id,
        e1_0.email_address,
        e1_0.label 
    from
        contact_emails e1_0 
    where
        e1_0.contact_id=?
2026-01-17 13:50:34.940 | DEBUG | [http-nio-0.0.0.0-8082-exec-3] | org.hibernate.SQL.logStatement | 
    select
        p1_0.contact_id,
        p1_0.id,
        p1_0.label,
        p1_0.phone_number 
    from
        contact_phones p1_0 
    where
        p1_0.contact_id=?
2026-01-17 13:54:09.438 | INFO  | [http-nio-0.0.0.0-8082-exec-7] | c.e.B.c.group.GroupCreateController.createGroup | Creating group: GroupCreateRequest(groupName=Project Team A, description=Team for Project A, contactIds=[1, 2, 18, 5, 6, 7, 9, 10, 12, 14])
2026-01-17 13:54:09.442 | DEBUG | [http-nio-0.0.0.0-8082-exec-7] | org.hibernate.SQL.logStatement | 
    select
        g1_0.id,
        g1_0.description,
        g1_0.group_name,
        g1_0.user_id 
    from
        groups g1_0 
    where
        g1_0.group_name=?
2026-01-17 13:54:09.446 | DEBUG | [http-nio-0.0.0.0-8082-exec-7] | org.hibernate.SQL.logStatement | 
    select
        u1_0.id,
        u1_0.active,
        u1_0.is_deleted,
        u1_0.email,
        u1_0.last_login,
        u1_0.name,
        u1_0.password,
        u1_0.refresh_token,
        u1_0.reset_password_token,
        u1_0.reset_token_expiry,
        u1_0.role_id,
        u1_0.token_expiry,
        u1_0.verification_token,
        u1_0.verified 
    from
        users u1_0 
    where
        upper(u1_0.email)=upper(?)
2026-01-17 13:54:09.448 | DEBUG | [http-nio-0.0.0.0-8082-exec-7] | org.hibernate.SQL.logStatement | 
    select
        r1_0.id,
        r1_0.role_name 
    from
        roles r1_0 
    where
        r1_0.id=?
2026-01-17 13:54:09.462 | DEBUG | [http-nio-0.0.0.0-8082-exec-7] | org.hibernate.SQL.logStatement | 
    insert 
    into
        groups
        (description, group_name, user_id) 
    values
        (?, ?, ?)
2026-01-17 13:58:43.635 | INFO  | [SpringApplicationShutdownHook] | com.zaxxer.hikari.HikariDataSource.close | HikariPool-1 - Shutdown initiated...
2026-01-17 13:58:43.654 | INFO  | [SpringApplicationShutdownHook] | com.zaxxer.hikari.HikariDataSource.close | HikariPool-1 - Shutdown completed.
2026-01-17 14:01:37.393 | INFO  | [background-preinit] | o.h.validator.internal.util.Version.<clinit> | HV000001: Hibernate Validator 8.0.3.Final
2026-01-17 14:01:37.449 | INFO  | [main] | c.example.Backend.BackendApplication.logStarting | Starting BackendApplication using Java 24.0.1 with PID 22224 (C:\Users\inam\Desktop\10pearl\contact-management-system-Description-\Backend\target\classes started by inam in C:\Users\inam\Desktop\10pearl\contact-management-system-Description-\Backend)
2026-01-17 14:01:37.450 | INFO  | [main] | c.example.Backend.BackendApplication.logStartupProfileInfo | No active profile set, falling back to 1 default profile: "default"
2026-01-17 14:01:40.024 | INFO  | [main] | o.a.coyote.http11.Http11NioProtocol.log | Initializing ProtocolHandler ["http-nio-0.0.0.0-8082"]
2026-01-17 14:01:40.026 | INFO  | [main] | o.a.catalina.core.StandardService.log | Starting service [Tomcat]
2026-01-17 14:01:40.027 | INFO  | [main] | o.a.catalina.core.StandardEngine.log | Starting Servlet engine: [Apache Tomcat/10.1.50]
2026-01-17 14:01:40.108 | INFO  | [main] | o.a.c.c.C.[Tomcat].[localhost].[/].log | Initializing Spring embedded WebApplicationContext
2026-01-17 14:01:40.397 | INFO  | [main] | o.h.jpa.internal.util.LogHelper.logPersistenceUnitInformation | HHH000204: Processing PersistenceUnitInfo [name: default]
2026-01-17 14:01:40.580 | INFO  | [main] | org.hibernate.Version.logVersion | HHH000412: Hibernate ORM core version 6.6.39.Final
2026-01-17 14:01:40.643 | INFO  | [main] | o.h.c.i.RegionFactoryInitiator.initiateService | HHH000026: Second-level cache disabled
2026-01-17 14:01:41.169 | INFO  | [main] | com.zaxxer.hikari.HikariDataSource.getConnection | HikariPool-1 - Starting...
2026-01-17 14:01:41.428 | INFO  | [main] | com.zaxxer.hikari.pool.HikariPool.checkFailFast | HikariPool-1 - Added connection org.postgresql.jdbc.PgConnection@3f322610
2026-01-17 14:01:41.430 | INFO  | [main] | com.zaxxer.hikari.HikariDataSource.getConnection | HikariPool-1 - Start completed.
2026-01-17 14:01:41.511 | INFO  | [main] | o.hibernate.orm.connections.pooling.logConnectionInfo | HHH10001005: Database info:
	Database JDBC URL [Connecting through datasource 'HikariDataSource (HikariPool-1)']
	Database driver: undefined/unknown
	Database version: 17.6
	Autocommit mode: undefined/unknown
	Isolation level: undefined/unknown
	Minimum pool size: undefined/unknown
	Maximum pool size: undefined/unknown
2026-01-17 14:01:41.522 | DEBUG | [main] | o.h.t.d.sql.spi.DdlTypeRegistry.addDescriptor | addDescriptor(2003, org.hibernate.type.descriptor.sql.internal.ArrayDdlTypeImpl@749d7c01) replaced previous registration(org.hibernate.type.descriptor.sql.internal.ArrayDdlTypeImpl@1d3a03fe)
2026-01-17 14:01:41.523 | DEBUG | [main] | o.h.t.d.sql.spi.DdlTypeRegistry.addDescriptor | addDescriptor(6, org.hibernate.type.descriptor.sql.internal.CapacityDependentDdlType@f48a080) replaced previous registration(org.hibernate.type.descriptor.sql.internal.DdlTypeImpl@5f7cd50e)
2026-01-17 14:01:43.350 | INFO  | [main] | o.h.e.t.j.p.i.JtaPlatformInitiator.initiateService | HHH000489: No JTA platform available (set 'hibernate.transaction.jta.platform' to enable JTA platform integration)
2026-01-17 14:01:45.890 | WARN  | [main] | o.s.b.a.o.j.JpaBaseConfiguration$JpaWebConfiguration.openEntityManagerInViewInterceptor | spring.jpa.open-in-view is enabled by default. Therefore, database queries may be performed during view rendering. Explicitly configure spring.jpa.open-in-view to disable this warning
2026-01-17 14:01:46.165 | WARN  | [main] | o.s.s.c.a.a.c.InitializeUserDetailsBeanManagerConfigurer$InitializeUserDetailsManagerConfigurer.configure | Global AuthenticationManager configured with an AuthenticationProvider bean. UserDetailsService beans will not be used by Spring Security for automatically configuring username/password login. Consider removing the AuthenticationProvider bean. Alternatively, consider using the UserDetailsService in a manually instantiated DaoAuthenticationProvider. If the current configuration is intentional, to turn off this warning, increase the logging level of 'org.springframework.security.config.annotation.authentication.configuration.InitializeUserDetailsBeanManagerConfigurer' to ERROR
2026-01-17 14:01:46.537 | INFO  | [main] | o.a.coyote.http11.Http11NioProtocol.log | Starting ProtocolHandler ["http-nio-0.0.0.0-8082"]
2026-01-17 14:01:46.568 | INFO  | [main] | c.example.Backend.BackendApplication.logStarted | Started BackendApplication in 10.15 seconds (process running for 10.793)
2026-01-17 14:02:39.114 | INFO  | [http-nio-0.0.0.0-8082-exec-2] | o.a.c.c.C.[Tomcat].[localhost].[/].log | Initializing Spring DispatcherServlet 'dispatcherServlet'
2026-01-17 14:02:39.305 | INFO  | [http-nio-0.0.0.0-8082-exec-2] | c.e.B.c.group.GroupCreateController.createGroup | Creating group: GroupCreateRequest(groupName=Project Team A, description=Team for Project A, contactIds=[1, 2, 18, 5, 6, 7, 9, 10, 12, 14])
2026-01-17 14:02:39.396 | DEBUG | [http-nio-0.0.0.0-8082-exec-2] | org.hibernate.SQL.logStatement | 
    select
        g1_0.id,
        g1_0.description,
        g1_0.group_name,
        g1_0.user_id 
    from
        groups g1_0 
    where
        g1_0.group_name=?
2026-01-17 14:02:39.438 | DEBUG | [http-nio-0.0.0.0-8082-exec-2] | org.hibernate.SQL.logStatement | 
    select
        u1_0.id,
        u1_0.active,
        u1_0.is_deleted,
        u1_0.email,
        u1_0.last_login,
        u1_0.name,
        u1_0.password,
        u1_0.refresh_token,
        u1_0.reset_password_token,
        u1_0.reset_token_expiry,
        u1_0.role_id,
        u1_0.token_expiry,
        u1_0.verification_token,
        u1_0.verified 
    from
        users u1_0 
    where
        upper(u1_0.email)=upper(?)
2026-01-17 14:02:39.460 | DEBUG | [http-nio-0.0.0.0-8082-exec-2] | org.hibernate.SQL.logStatement | 
    select
        r1_0.id,
        r1_0.role_name 
    from
        roles r1_0 
    where
        r1_0.id=?
2026-01-17 14:02:39.499 | DEBUG | [http-nio-0.0.0.0-8082-exec-2] | org.hibernate.SQL.logStatement | 
    select
        c1_0.id,
        c1_0.first_name,
        c1_0.last_name,
        c1_0.title,
        c1_0.user_id 
    from
        contacts c1_0 
    where
        c1_0.id in (?, ?, ?, ?, ?, ?, ?, ?, ?, ?)
2026-01-17 14:02:39.511 | DEBUG | [http-nio-0.0.0.0-8082-exec-2] | org.hibernate.SQL.logStatement | 
    select
        g1_0.contact_id,
        g1_1.id,
        g1_1.description,
        g1_1.group_name,
        g1_1.user_id 
    from
        contact_groups g1_0 
    join
        groups g1_1 
            on g1_1.id=g1_0.group_id 
    where
        g1_0.contact_id=?
2026-01-17 14:02:39.516 | DEBUG | [http-nio-0.0.0.0-8082-exec-2] | org.hibernate.SQL.logStatement | 
    select
        g1_0.contact_id,
        g1_1.id,
        g1_1.description,
        g1_1.group_name,
        g1_1.user_id 
    from
        contact_groups g1_0 
    join
        groups g1_1 
            on g1_1.id=g1_0.group_id 
    where
        g1_0.contact_id=?
2026-01-17 14:02:39.519 | DEBUG | [http-nio-0.0.0.0-8082-exec-2] | org.hibernate.SQL.logStatement | 
    select
        g1_0.contact_id,
        g1_1.id,
        g1_1.description,
        g1_1.group_name,
        g1_1.user_id 
    from
        contact_groups g1_0 
    join
        groups g1_1 
            on g1_1.id=g1_0.group_id 
    where
        g1_0.contact_id=?
2026-01-17 14:02:39.520 | DEBUG | [http-nio-0.0.0.0-8082-exec-2] | org.hibernate.SQL.logStatement | 
    select
        g1_0.contact_id,
        g1_1.id,
        g1_1.description,
        g1_1.group_name,
        g1_1.user_id 
    from
        contact_groups g1_0 
    join
        groups g1_1 
            on g1_1.id=g1_0.group_id 
    where
        g1_0.contact_id=?
2026-01-17 14:02:39.522 | DEBUG | [http-nio-0.0.0.0-8082-exec-2] | org.hibernate.SQL.logStatement | 
    select
        g1_0.contact_id,
        g1_1.id,
        g1_1.description,
        g1_1.group_name,
        g1_1.user_id 
    from
        contact_groups g1_0 
    join
        groups g1_1 
            on g1_1.id=g1_0.group_id 
    where
        g1_0.contact_id=?
2026-01-17 14:02:39.523 | DEBUG | [http-nio-0.0.0.0-8082-exec-2] | org.hibernate.SQL.logStatement | 
    select
        g1_0.contact_id,
        g1_1.id,
        g1_1.description,
        g1_1.group_name,
        g1_1.user_id 
    from
        contact_groups g1_0 
    join
        groups g1_1 
            on g1_1.id=g1_0.group_id 
    where
        g1_0.contact_id=?
2026-01-17 14:02:39.524 | DEBUG | [http-nio-0.0.0.0-8082-exec-2] | org.hibernate.SQL.logStatement | 
    select
        g1_0.contact_id,
        g1_1.id,
        g1_1.description,
        g1_1.group_name,
        g1_1.user_id 
    from
        contact_groups g1_0 
    join
        groups g1_1 
            on g1_1.id=g1_0.group_id 
    where
        g1_0.contact_id=?
2026-01-17 14:02:39.525 | DEBUG | [http-nio-0.0.0.0-8082-exec-2] | org.hibernate.SQL.logStatement | 
    select
        g1_0.contact_id,
        g1_1.id,
        g1_1.description,
        g1_1.group_name,
        g1_1.user_id 
    from
        contact_groups g1_0 
    join
        groups g1_1 
            on g1_1.id=g1_0.group_id 
    where
        g1_0.contact_id=?
2026-01-17 14:02:39.526 | DEBUG | [http-nio-0.0.0.0-8082-exec-2] | org.hibernate.SQL.logStatement | 
    select
        g1_0.contact_id,
        g1_1.id,
        g1_1.description,
        g1_1.group_name,
        g1_1.user_id 
    from
        contact_groups g1_0 
    join
        groups g1_1 
            on g1_1.id=g1_0.group_id 
    where
        g1_0.contact_id=?
2026-01-17 14:02:39.528 | DEBUG | [http-nio-0.0.0.0-8082-exec-2] | org.hibernate.SQL.logStatement | 
    select
        g1_0.contact_id,
        g1_1.id,
        g1_1.description,
        g1_1.group_name,
        g1_1.user_id 
    from
        contact_groups g1_0 
    join
        groups g1_1 
            on g1_1.id=g1_0.group_id 
    where
        g1_0.contact_id=?
2026-01-17 14:02:39.556 | DEBUG | [http-nio-0.0.0.0-8082-exec-2] | org.hibernate.SQL.logStatement | 
    insert 
    into
        groups
        (description, group_name, user_id) 
    values
        (?, ?, ?)
2026-01-17 14:14:28.185 | INFO  | [SpringApplicationShutdownHook] | com.zaxxer.hikari.HikariDataSource.close | HikariPool-1 - Shutdown initiated...
2026-01-17 14:14:28.198 | INFO  | [SpringApplicationShutdownHook] | com.zaxxer.hikari.HikariDataSource.close | HikariPool-1 - Shutdown completed.
2026-01-17 14:30:33.382 | INFO  | [background-preinit] | o.h.validator.internal.util.Version.<clinit> | HV000001: Hibernate Validator 8.0.3.Final
2026-01-17 14:30:33.427 | INFO  | [main] | c.example.Backend.BackendApplication.logStarting | Starting BackendApplication using Java 24.0.1 with PID 15464 (C:\Users\inam\Desktop\10pearl\contact-management-system-Description-\Backend\target\classes started by inam in C:\Users\inam\Desktop\10pearl\contact-management-system-Description-\Backend)
2026-01-17 14:30:33.429 | INFO  | [main] | c.example.Backend.BackendApplication.logStartupProfileInfo | No active profile set, falling back to 1 default profile: "default"
2026-01-17 14:30:35.859 | INFO  | [main] | o.a.coyote.http11.Http11NioProtocol.log | Initializing ProtocolHandler ["http-nio-0.0.0.0-8082"]
2026-01-17 14:30:35.861 | INFO  | [main] | o.a.catalina.core.StandardService.log | Starting service [Tomcat]
2026-01-17 14:30:35.861 | INFO  | [main] | o.a.catalina.core.StandardEngine.log | Starting Servlet engine: [Apache Tomcat/10.1.50]
2026-01-17 14:30:35.952 | INFO  | [main] | o.a.c.c.C.[Tomcat].[localhost].[/].log | Initializing Spring embedded WebApplicationContext
2026-01-17 14:30:36.172 | INFO  | [main] | o.h.jpa.internal.util.LogHelper.logPersistenceUnitInformation | HHH000204: Processing PersistenceUnitInfo [name: default]
2026-01-17 14:30:36.242 | INFO  | [main] | org.hibernate.Version.logVersion | HHH000412: Hibernate ORM core version 6.6.39.Final
2026-01-17 14:30:36.310 | INFO  | [main] | o.h.c.i.RegionFactoryInitiator.initiateService | HHH000026: Second-level cache disabled
2026-01-17 14:30:36.785 | INFO  | [main] | com.zaxxer.hikari.HikariDataSource.getConnection | HikariPool-1 - Starting...
2026-01-17 14:30:37.035 | INFO  | [main] | com.zaxxer.hikari.pool.HikariPool.checkFailFast | HikariPool-1 - Added connection org.postgresql.jdbc.PgConnection@7c226095
2026-01-17 14:30:37.038 | INFO  | [main] | com.zaxxer.hikari.HikariDataSource.getConnection | HikariPool-1 - Start completed.
2026-01-17 14:30:37.130 | INFO  | [main] | o.hibernate.orm.connections.pooling.logConnectionInfo | HHH10001005: Database info:
	Database JDBC URL [Connecting through datasource 'HikariDataSource (HikariPool-1)']
	Database driver: undefined/unknown
	Database version: 17.6
	Autocommit mode: undefined/unknown
	Isolation level: undefined/unknown
	Minimum pool size: undefined/unknown
	Maximum pool size: undefined/unknown
2026-01-17 14:30:37.140 | DEBUG | [main] | o.h.t.d.sql.spi.DdlTypeRegistry.addDescriptor | addDescriptor(2003, org.hibernate.type.descriptor.sql.internal.ArrayDdlTypeImpl@311a0b3e) replaced previous registration(org.hibernate.type.descriptor.sql.internal.ArrayDdlTypeImpl@3de8f85c)
2026-01-17 14:30:37.141 | DEBUG | [main] | o.h.t.d.sql.spi.DdlTypeRegistry.addDescriptor | addDescriptor(6, org.hibernate.type.descriptor.sql.internal.CapacityDependentDdlType@21abda60) replaced previous registration(org.hibernate.type.descriptor.sql.internal.DdlTypeImpl@dd20ebc)
2026-01-17 14:30:38.710 | INFO  | [main] | o.h.e.t.j.p.i.JtaPlatformInitiator.initiateService | HHH000489: No JTA platform available (set 'hibernate.transaction.jta.platform' to enable JTA platform integration)
2026-01-17 14:30:38.776 | DEBUG | [main] | org.hibernate.SQL.logStatement | 
    create table contact_groups (
        contact_id bigint not null,
        group_id bigint not null,
        primary key (contact_id, group_id)
    )
2026-01-17 14:30:38.787 | DEBUG | [main] | org.hibernate.SQL.logStatement | 
    create table group_phones (
        group_id bigint not null,
        phone_id bigint not null,
        primary key (group_id, phone_id)
    )
2026-01-17 14:30:38.791 | DEBUG | [main] | org.hibernate.SQL.logStatement | 
    create table groups (
        id bigint generated by default as identity,
        description varchar(255),
        group_name varchar(255) not null,
        user_id bigint not null,
        primary key (id)
    )
2026-01-17 14:30:38.827 | DEBUG | [main] | org.hibernate.SQL.logStatement | 
    alter table if exists contact_groups 
       add constraint FK78b3lfapjw93pn3ox8b4y71bx 
       foreign key (group_id) 
       references groups
2026-01-17 14:30:38.830 | DEBUG | [main] | org.hibernate.SQL.logStatement | 
    alter table if exists contact_groups 
       add constraint FKcux3rehp9vx10ur9hh8hhcubr 
       foreign key (contact_id) 
       references contacts
2026-01-17 14:30:38.858 | DEBUG | [main] | org.hibernate.SQL.logStatement | 
    alter table if exists group_phones 
       add constraint FK72yuy0cobuqigsbllwqvr2ujt 
       foreign key (phone_id) 
       references contact_phones
2026-01-17 14:30:38.860 | DEBUG | [main] | org.hibernate.SQL.logStatement | 
    alter table if exists group_phones 
       add constraint FKfftqrhmyk0t7ser02xth8kl96 
       foreign key (group_id) 
       references groups
2026-01-17 14:30:38.862 | DEBUG | [main] | org.hibernate.SQL.logStatement | 
    alter table if exists groups 
       add constraint FK4cygfv5el2o2v3hbkdkscfw5q 
       foreign key (user_id) 
       references users
2026-01-17 14:30:40.992 | WARN  | [main] | o.s.b.a.o.j.JpaBaseConfiguration$JpaWebConfiguration.openEntityManagerInViewInterceptor | spring.jpa.open-in-view is enabled by default. Therefore, database queries may be performed during view rendering. Explicitly configure spring.jpa.open-in-view to disable this warning
2026-01-17 14:30:41.229 | WARN  | [main] | o.s.s.c.a.a.c.InitializeUserDetailsBeanManagerConfigurer$InitializeUserDetailsManagerConfigurer.configure | Global AuthenticationManager configured with an AuthenticationProvider bean. UserDetailsService beans will not be used by Spring Security for automatically configuring username/password login. Consider removing the AuthenticationProvider bean. Alternatively, consider using the UserDetailsService in a manually instantiated DaoAuthenticationProvider. If the current configuration is intentional, to turn off this warning, increase the logging level of 'org.springframework.security.config.annotation.authentication.configuration.InitializeUserDetailsBeanManagerConfigurer' to ERROR
2026-01-17 14:30:41.634 | INFO  | [main] | o.a.coyote.http11.Http11NioProtocol.log | Starting ProtocolHandler ["http-nio-0.0.0.0-8082"]
2026-01-17 14:30:41.668 | INFO  | [main] | c.example.Backend.BackendApplication.logStarted | Started BackendApplication in 9.18 seconds (process running for 9.734)
2026-01-17 14:35:10.674 | INFO  | [http-nio-0.0.0.0-8082-exec-2] | o.a.c.c.C.[Tomcat].[localhost].[/].log | Initializing Spring DispatcherServlet 'dispatcherServlet'
2026-01-17 14:35:10.892 | INFO  | [http-nio-0.0.0.0-8082-exec-2] | c.e.B.c.group.GroupCreateController.createGroup | Creating group: GroupCreateRequest(groupName=Project Team A, description=Team for Project A, phoneIds=null)
2026-01-17 14:35:11.000 | DEBUG | [http-nio-0.0.0.0-8082-exec-2] | org.hibernate.SQL.logStatement | 
    select
        u1_0.id,
        u1_0.active,
        u1_0.is_deleted,
        u1_0.email,
        u1_0.last_login,
        u1_0.name,
        u1_0.password,
        u1_0.refresh_token,
        u1_0.reset_password_token,
        u1_0.reset_token_expiry,
        u1_0.role_id,
        u1_0.token_expiry,
        u1_0.verification_token,
        u1_0.verified 
    from
        users u1_0 
    where
        upper(u1_0.email)=upper(?)
2026-01-17 14:35:11.056 | DEBUG | [http-nio-0.0.0.0-8082-exec-2] | org.hibernate.SQL.logStatement | 
    select
        r1_0.id,
        r1_0.role_name 
    from
        roles r1_0 
    where
        r1_0.id=?
2026-01-17 14:35:11.083 | DEBUG | [http-nio-0.0.0.0-8082-exec-2] | org.hibernate.SQL.logStatement | 
    select
        g1_0.id,
        g1_0.description,
        g1_0.group_name,
        g1_0.user_id 
    from
        groups g1_0 
    where
        g1_0.group_name=?
2026-01-17 14:35:11.163 | DEBUG | [http-nio-0.0.0.0-8082-exec-2] | org.hibernate.SQL.logStatement | 
    insert 
    into
        groups
        (description, group_name, user_id) 
    values
        (?, ?, ?)
2026-01-17 14:40:43.714 | INFO  | [SpringApplicationShutdownHook] | com.zaxxer.hikari.HikariDataSource.close | HikariPool-1 - Shutdown initiated...
2026-01-17 14:40:43.733 | INFO  | [SpringApplicationShutdownHook] | com.zaxxer.hikari.HikariDataSource.close | HikariPool-1 - Shutdown completed.
2026-01-17 14:42:09.468 | INFO  | [background-preinit] | o.h.validator.internal.util.Version.<clinit> | HV000001: Hibernate Validator 8.0.3.Final
2026-01-17 14:42:09.577 | INFO  | [main] | c.example.Backend.BackendApplication.logStarting | Starting BackendApplication using Java 24.0.1 with PID 3276 (C:\Users\inam\Desktop\10pearl\contact-management-system-Description-\Backend\target\classes started by inam in C:\Users\inam\Desktop\10pearl\contact-management-system-Description-\Backend)
2026-01-17 14:42:09.579 | INFO  | [main] | c.example.Backend.BackendApplication.logStartupProfileInfo | No active profile set, falling back to 1 default profile: "default"
2026-01-17 14:42:11.836 | INFO  | [main] | o.a.coyote.http11.Http11NioProtocol.log | Initializing ProtocolHandler ["http-nio-0.0.0.0-8082"]
2026-01-17 14:42:11.839 | INFO  | [main] | o.a.catalina.core.StandardService.log | Starting service [Tomcat]
2026-01-17 14:42:11.841 | INFO  | [main] | o.a.catalina.core.StandardEngine.log | Starting Servlet engine: [Apache Tomcat/10.1.50]
2026-01-17 14:42:11.929 | INFO  | [main] | o.a.c.c.C.[Tomcat].[localhost].[/].log | Initializing Spring embedded WebApplicationContext
2026-01-17 14:42:12.149 | INFO  | [main] | o.h.jpa.internal.util.LogHelper.logPersistenceUnitInformation | HHH000204: Processing PersistenceUnitInfo [name: default]
2026-01-17 14:42:12.299 | INFO  | [main] | org.hibernate.Version.logVersion | HHH000412: Hibernate ORM core version 6.6.39.Final
2026-01-17 14:42:12.354 | INFO  | [main] | o.h.c.i.RegionFactoryInitiator.initiateService | HHH000026: Second-level cache disabled
2026-01-17 14:42:12.927 | INFO  | [main] | com.zaxxer.hikari.HikariDataSource.getConnection | HikariPool-1 - Starting...
2026-01-17 14:42:13.151 | INFO  | [main] | com.zaxxer.hikari.pool.HikariPool.checkFailFast | HikariPool-1 - Added connection org.postgresql.jdbc.PgConnection@353b0719
2026-01-17 14:42:13.153 | INFO  | [main] | com.zaxxer.hikari.HikariDataSource.getConnection | HikariPool-1 - Start completed.
2026-01-17 14:42:13.232 | INFO  | [main] | o.hibernate.orm.connections.pooling.logConnectionInfo | HHH10001005: Database info:
	Database JDBC URL [Connecting through datasource 'HikariDataSource (HikariPool-1)']
	Database driver: undefined/unknown
	Database version: 17.6
	Autocommit mode: undefined/unknown
	Isolation level: undefined/unknown
	Minimum pool size: undefined/unknown
	Maximum pool size: undefined/unknown
2026-01-17 14:42:13.244 | DEBUG | [main] | o.h.t.d.sql.spi.DdlTypeRegistry.addDescriptor | addDescriptor(2003, org.hibernate.type.descriptor.sql.internal.ArrayDdlTypeImpl@3d53e876) replaced previous registration(org.hibernate.type.descriptor.sql.internal.ArrayDdlTypeImpl@48d44b46)
2026-01-17 14:42:13.244 | DEBUG | [main] | o.h.t.d.sql.spi.DdlTypeRegistry.addDescriptor | addDescriptor(6, org.hibernate.type.descriptor.sql.internal.CapacityDependentDdlType@aa0dbca) replaced previous registration(org.hibernate.type.descriptor.sql.internal.DdlTypeImpl@794cb26b)
2026-01-17 14:42:14.686 | INFO  | [main] | o.h.e.t.j.p.i.JtaPlatformInitiator.initiateService | HHH000489: No JTA platform available (set 'hibernate.transaction.jta.platform' to enable JTA platform integration)
2026-01-17 14:42:16.927 | WARN  | [main] | o.s.b.a.o.j.JpaBaseConfiguration$JpaWebConfiguration.openEntityManagerInViewInterceptor | spring.jpa.open-in-view is enabled by default. Therefore, database queries may be performed during view rendering. Explicitly configure spring.jpa.open-in-view to disable this warning
2026-01-17 14:42:17.177 | WARN  | [main] | o.s.s.c.a.a.c.InitializeUserDetailsBeanManagerConfigurer$InitializeUserDetailsManagerConfigurer.configure | Global AuthenticationManager configured with an AuthenticationProvider bean. UserDetailsService beans will not be used by Spring Security for automatically configuring username/password login. Consider removing the AuthenticationProvider bean. Alternatively, consider using the UserDetailsService in a manually instantiated DaoAuthenticationProvider. If the current configuration is intentional, to turn off this warning, increase the logging level of 'org.springframework.security.config.annotation.authentication.configuration.InitializeUserDetailsBeanManagerConfigurer' to ERROR
2026-01-17 14:42:17.596 | INFO  | [main] | o.a.coyote.http11.Http11NioProtocol.log | Starting ProtocolHandler ["http-nio-0.0.0.0-8082"]
2026-01-17 14:42:17.654 | INFO  | [main] | c.example.Backend.BackendApplication.logStarted | Started BackendApplication in 8.948 seconds (process running for 9.473)
2026-01-17 14:42:29.398 | INFO  | [http-nio-0.0.0.0-8082-exec-2] | o.a.c.c.C.[Tomcat].[localhost].[/].log | Initializing Spring DispatcherServlet 'dispatcherServlet'
2026-01-17 14:42:29.598 | INFO  | [http-nio-0.0.0.0-8082-exec-2] | c.e.B.c.group.GroupCreateController.createGroup | Creating group: GroupCreateRequest(groupName=Project Team A, description=Team for Project A, phoneIds=null)
2026-01-17 14:42:29.702 | DEBUG | [http-nio-0.0.0.0-8082-exec-2] | org.hibernate.SQL.logStatement | 
    select
        u1_0.id,
        u1_0.active,
        u1_0.is_deleted,
        u1_0.email,
        u1_0.last_login,
        u1_0.name,
        u1_0.password,
        u1_0.refresh_token,
        u1_0.reset_password_token,
        u1_0.reset_token_expiry,
        u1_0.role_id,
        u1_0.token_expiry,
        u1_0.verification_token,
        u1_0.verified 
    from
        users u1_0 
    where
        upper(u1_0.email)=upper(?)
2026-01-17 14:42:29.756 | DEBUG | [http-nio-0.0.0.0-8082-exec-2] | org.hibernate.SQL.logStatement | 
    select
        r1_0.id,
        r1_0.role_name 
    from
        roles r1_0 
    where
        r1_0.id=?
2026-01-17 14:42:29.775 | DEBUG | [http-nio-0.0.0.0-8082-exec-2] | org.hibernate.SQL.logStatement | 
    select
        g1_0.id,
        g1_0.description,
        g1_0.group_name,
        g1_0.user_id 
    from
        groups g1_0 
    where
        g1_0.group_name=?
2026-01-17 14:42:29.824 | DEBUG | [http-nio-0.0.0.0-8082-exec-2] | org.hibernate.SQL.logStatement | 
    insert 
    into
        groups
        (description, group_name, user_id) 
    values
        (?, ?, ?)
2026-01-17 14:43:15.708 | INFO  | [SpringApplicationShutdownHook] | com.zaxxer.hikari.HikariDataSource.close | HikariPool-1 - Shutdown initiated...
2026-01-17 14:43:15.728 | INFO  | [SpringApplicationShutdownHook] | com.zaxxer.hikari.HikariDataSource.close | HikariPool-1 - Shutdown completed.
2026-01-17 14:45:25.545 | INFO  | [background-preinit] | o.h.validator.internal.util.Version.<clinit> | HV000001: Hibernate Validator 8.0.3.Final
2026-01-17 14:45:25.654 | INFO  | [main] | c.example.Backend.BackendApplication.logStarting | Starting BackendApplication using Java 24.0.1 with PID 11432 (C:\Users\inam\Desktop\10pearl\contact-management-system-Description-\Backend\target\classes started by inam in C:\Users\inam\Desktop\10pearl\contact-management-system-Description-\Backend)
2026-01-17 14:45:25.656 | INFO  | [main] | c.example.Backend.BackendApplication.logStartupProfileInfo | No active profile set, falling back to 1 default profile: "default"
2026-01-17 14:45:28.395 | INFO  | [main] | o.a.coyote.http11.Http11NioProtocol.log | Initializing ProtocolHandler ["http-nio-0.0.0.0-8082"]
2026-01-17 14:45:28.397 | INFO  | [main] | o.a.catalina.core.StandardService.log | Starting service [Tomcat]
2026-01-17 14:45:28.398 | INFO  | [main] | o.a.catalina.core.StandardEngine.log | Starting Servlet engine: [Apache Tomcat/10.1.50]
2026-01-17 14:45:28.471 | INFO  | [main] | o.a.c.c.C.[Tomcat].[localhost].[/].log | Initializing Spring embedded WebApplicationContext
2026-01-17 14:45:29.037 | INFO  | [main] | o.h.jpa.internal.util.LogHelper.logPersistenceUnitInformation | HHH000204: Processing PersistenceUnitInfo [name: default]
2026-01-17 14:45:29.176 | INFO  | [main] | org.hibernate.Version.logVersion | HHH000412: Hibernate ORM core version 6.6.39.Final
2026-01-17 14:45:29.229 | INFO  | [main] | o.h.c.i.RegionFactoryInitiator.initiateService | HHH000026: Second-level cache disabled
2026-01-17 14:45:29.818 | INFO  | [main] | com.zaxxer.hikari.HikariDataSource.getConnection | HikariPool-1 - Starting...
2026-01-17 14:45:30.078 | INFO  | [main] | com.zaxxer.hikari.pool.HikariPool.checkFailFast | HikariPool-1 - Added connection org.postgresql.jdbc.PgConnection@a95cb11
2026-01-17 14:45:30.080 | INFO  | [main] | com.zaxxer.hikari.HikariDataSource.getConnection | HikariPool-1 - Start completed.
2026-01-17 14:45:30.163 | INFO  | [main] | o.hibernate.orm.connections.pooling.logConnectionInfo | HHH10001005: Database info:
	Database JDBC URL [Connecting through datasource 'HikariDataSource (HikariPool-1)']
	Database driver: undefined/unknown
	Database version: 17.6
	Autocommit mode: undefined/unknown
	Isolation level: undefined/unknown
	Minimum pool size: undefined/unknown
	Maximum pool size: undefined/unknown
2026-01-17 14:45:30.175 | DEBUG | [main] | o.h.t.d.sql.spi.DdlTypeRegistry.addDescriptor | addDescriptor(2003, org.hibernate.type.descriptor.sql.internal.ArrayDdlTypeImpl@1c18ee69) replaced previous registration(org.hibernate.type.descriptor.sql.internal.ArrayDdlTypeImpl@2f99d8c)
2026-01-17 14:45:30.176 | DEBUG | [main] | o.h.t.d.sql.spi.DdlTypeRegistry.addDescriptor | addDescriptor(6, org.hibernate.type.descriptor.sql.internal.CapacityDependentDdlType@65d7eea4) replaced previous registration(org.hibernate.type.descriptor.sql.internal.DdlTypeImpl@5d37aa0f)
2026-01-17 14:45:31.636 | INFO  | [main] | o.h.e.t.j.p.i.JtaPlatformInitiator.initiateService | HHH000489: No JTA platform available (set 'hibernate.transaction.jta.platform' to enable JTA platform integration)
2026-01-17 14:45:33.862 | WARN  | [main] | o.s.b.a.o.j.JpaBaseConfiguration$JpaWebConfiguration.openEntityManagerInViewInterceptor | spring.jpa.open-in-view is enabled by default. Therefore, database queries may be performed during view rendering. Explicitly configure spring.jpa.open-in-view to disable this warning
2026-01-17 14:45:34.119 | WARN  | [main] | o.s.s.c.a.a.c.InitializeUserDetailsBeanManagerConfigurer$InitializeUserDetailsManagerConfigurer.configure | Global AuthenticationManager configured with an AuthenticationProvider bean. UserDetailsService beans will not be used by Spring Security for automatically configuring username/password login. Consider removing the AuthenticationProvider bean. Alternatively, consider using the UserDetailsService in a manually instantiated DaoAuthenticationProvider. If the current configuration is intentional, to turn off this warning, increase the logging level of 'org.springframework.security.config.annotation.authentication.configuration.InitializeUserDetailsBeanManagerConfigurer' to ERROR
2026-01-17 14:45:34.585 | INFO  | [main] | o.a.coyote.http11.Http11NioProtocol.log | Starting ProtocolHandler ["http-nio-0.0.0.0-8082"]
2026-01-17 14:45:34.627 | INFO  | [main] | c.example.Backend.BackendApplication.logStarted | Started BackendApplication in 9.854 seconds (process running for 10.422)
2026-01-17 14:45:43.807 | INFO  | [http-nio-0.0.0.0-8082-exec-1] | o.a.c.c.C.[Tomcat].[localhost].[/].log | Initializing Spring DispatcherServlet 'dispatcherServlet'
2026-01-17 14:45:44.003 | INFO  | [http-nio-0.0.0.0-8082-exec-1] | c.e.B.c.group.GroupCreateController.createGroup | Creating group: GroupCreateRequest(groupName=Project Team A, description=Team for Project A, phoneIds=null)
2026-01-17 14:45:44.108 | DEBUG | [http-nio-0.0.0.0-8082-exec-1] | org.hibernate.SQL.logStatement | 
    select
        u1_0.id,
        u1_0.active,
        u1_0.is_deleted,
        u1_0.email,
        u1_0.last_login,
        u1_0.name,
        u1_0.password,
        u1_0.refresh_token,
        u1_0.reset_password_token,
        u1_0.reset_token_expiry,
        u1_0.role_id,
        u1_0.token_expiry,
        u1_0.verification_token,
        u1_0.verified 
    from
        users u1_0 
    where
        upper(u1_0.email)=upper(?)
2026-01-17 14:45:44.157 | DEBUG | [http-nio-0.0.0.0-8082-exec-1] | org.hibernate.SQL.logStatement | 
    select
        r1_0.id,
        r1_0.role_name 
    from
        roles r1_0 
    where
        r1_0.id=?
2026-01-17 14:45:44.191 | DEBUG | [http-nio-0.0.0.0-8082-exec-1] | org.hibernate.SQL.logStatement | 
    select
        g1_0.id,
        g1_0.description,
        g1_0.group_name,
        g1_0.user_id 
    from
        groups g1_0 
    where
        g1_0.group_name=?
2026-01-17 14:45:44.222 | DEBUG | [http-nio-0.0.0.0-8082-exec-1] | org.hibernate.SQL.logStatement | 
    insert 
    into
        groups
        (description, group_name, user_id) 
    values
        (?, ?, ?)
2026-01-17 14:46:08.380 | INFO  | [http-nio-0.0.0.0-8082-exec-3] | c.e.B.c.group.GroupCreateController.createGroup | Creating group: GroupCreateRequest(groupName=Project Team A, description=Team for Project A, phoneIds=null)
2026-01-17 14:46:08.384 | DEBUG | [http-nio-0.0.0.0-8082-exec-3] | org.hibernate.SQL.logStatement | 
    select
        u1_0.id,
        u1_0.active,
        u1_0.is_deleted,
        u1_0.email,
        u1_0.last_login,
        u1_0.name,
        u1_0.password,
        u1_0.refresh_token,
        u1_0.reset_password_token,
        u1_0.reset_token_expiry,
        u1_0.role_id,
        u1_0.token_expiry,
        u1_0.verification_token,
        u1_0.verified 
    from
        users u1_0 
    where
        upper(u1_0.email)=upper(?)
2026-01-17 14:46:08.385 | DEBUG | [http-nio-0.0.0.0-8082-exec-3] | org.hibernate.SQL.logStatement | 
    select
        r1_0.id,
        r1_0.role_name 
    from
        roles r1_0 
    where
        r1_0.id=?
2026-01-17 14:46:08.388 | DEBUG | [http-nio-0.0.0.0-8082-exec-3] | org.hibernate.SQL.logStatement | 
    select
        g1_0.id,
        g1_0.description,
        g1_0.group_name,
        g1_0.user_id 
    from
        groups g1_0 
    where
        g1_0.group_name=?
2026-01-17 14:46:15.718 | INFO  | [http-nio-0.0.0.0-8082-exec-5] | c.e.B.c.group.GroupCreateController.createGroup | Creating group: GroupCreateRequest(groupName=Project Teagm A, description=Team for Project A, phoneIds=null)
2026-01-17 14:46:15.721 | DEBUG | [http-nio-0.0.0.0-8082-exec-5] | org.hibernate.SQL.logStatement | 
    select
        u1_0.id,
        u1_0.active,
        u1_0.is_deleted,
        u1_0.email,
        u1_0.last_login,
        u1_0.name,
        u1_0.password,
        u1_0.refresh_token,
        u1_0.reset_password_token,
        u1_0.reset_token_expiry,
        u1_0.role_id,
        u1_0.token_expiry,
        u1_0.verification_token,
        u1_0.verified 
    from
        users u1_0 
    where
        upper(u1_0.email)=upper(?)
2026-01-17 14:46:15.722 | DEBUG | [http-nio-0.0.0.0-8082-exec-5] | org.hibernate.SQL.logStatement | 
    select
        r1_0.id,
        r1_0.role_name 
    from
        roles r1_0 
    where
        r1_0.id=?
2026-01-17 14:46:15.725 | DEBUG | [http-nio-0.0.0.0-8082-exec-5] | org.hibernate.SQL.logStatement | 
    select
        g1_0.id,
        g1_0.description,
        g1_0.group_name,
        g1_0.user_id 
    from
        groups g1_0 
    where
        g1_0.group_name=?
2026-01-17 14:46:15.728 | DEBUG | [http-nio-0.0.0.0-8082-exec-5] | org.hibernate.SQL.logStatement | 
    insert 
    into
        groups
        (description, group_name, user_id) 
    values
        (?, ?, ?)
2026-01-17 14:46:52.450 | INFO  | [http-nio-0.0.0.0-8082-exec-6] | c.e.B.c.group.GroupCreateController.createGroup | Creating group: GroupCreateRequest(groupName=Project Team A, description=Team for Project A, phoneIds=[101, 102, 103])
2026-01-17 14:46:52.453 | DEBUG | [http-nio-0.0.0.0-8082-exec-6] | org.hibernate.SQL.logStatement | 
    select
        u1_0.id,
        u1_0.active,
        u1_0.is_deleted,
        u1_0.email,
        u1_0.last_login,
        u1_0.name,
        u1_0.password,
        u1_0.refresh_token,
        u1_0.reset_password_token,
        u1_0.reset_token_expiry,
        u1_0.role_id,
        u1_0.token_expiry,
        u1_0.verification_token,
        u1_0.verified 
    from
        users u1_0 
    where
        upper(u1_0.email)=upper(?)
2026-01-17 14:46:52.455 | DEBUG | [http-nio-0.0.0.0-8082-exec-6] | org.hibernate.SQL.logStatement | 
    select
        r1_0.id,
        r1_0.role_name 
    from
        roles r1_0 
    where
        r1_0.id=?
2026-01-17 14:46:52.458 | DEBUG | [http-nio-0.0.0.0-8082-exec-6] | org.hibernate.SQL.logStatement | 
    select
        g1_0.id,
        g1_0.description,
        g1_0.group_name,
        g1_0.user_id 
    from
        groups g1_0 
    where
        g1_0.group_name=?
2026-01-17 14:46:59.414 | INFO  | [http-nio-0.0.0.0-8082-exec-8] | c.e.B.c.group.GroupCreateController.createGroup | Creating group: GroupCreateRequest(groupName=Project Tueam A, description=Team for Project A, phoneIds=[101, 102, 103])
2026-01-17 14:46:59.416 | DEBUG | [http-nio-0.0.0.0-8082-exec-8] | org.hibernate.SQL.logStatement | 
    select
        u1_0.id,
        u1_0.active,
        u1_0.is_deleted,
        u1_0.email,
        u1_0.last_login,
        u1_0.name,
        u1_0.password,
        u1_0.refresh_token,
        u1_0.reset_password_token,
        u1_0.reset_token_expiry,
        u1_0.role_id,
        u1_0.token_expiry,
        u1_0.verification_token,
        u1_0.verified 
    from
        users u1_0 
    where
        upper(u1_0.email)=upper(?)
2026-01-17 14:46:59.417 | DEBUG | [http-nio-0.0.0.0-8082-exec-8] | org.hibernate.SQL.logStatement | 
    select
        r1_0.id,
        r1_0.role_name 
    from
        roles r1_0 
    where
        r1_0.id=?
2026-01-17 14:46:59.420 | DEBUG | [http-nio-0.0.0.0-8082-exec-8] | org.hibernate.SQL.logStatement | 
    select
        g1_0.id,
        g1_0.description,
        g1_0.group_name,
        g1_0.user_id 
    from
        groups g1_0 
    where
        g1_0.group_name=?
2026-01-17 14:46:59.433 | DEBUG | [http-nio-0.0.0.0-8082-exec-8] | org.hibernate.SQL.logStatement | 
    select
        cp1_0.id,
        cp1_0.contact_id,
        cp1_0.label,
        cp1_0.phone_number 
    from
        contact_phones cp1_0 
    where
        cp1_0.id in (?, ?, ?)
2026-01-17 14:47:31.427 | INFO  | [http-nio-0.0.0.0-8082-exec-9] | c.e.B.c.group.GroupCreateController.createGroup | Creating group: GroupCreateRequest(groupName=Project Tueam A, description=Team for Project A, phoneIds=[1, 2, 14])
2026-01-17 14:47:31.429 | DEBUG | [http-nio-0.0.0.0-8082-exec-9] | org.hibernate.SQL.logStatement | 
    select
        u1_0.id,
        u1_0.active,
        u1_0.is_deleted,
        u1_0.email,
        u1_0.last_login,
        u1_0.name,
        u1_0.password,
        u1_0.refresh_token,
        u1_0.reset_password_token,
        u1_0.reset_token_expiry,
        u1_0.role_id,
        u1_0.token_expiry,
        u1_0.verification_token,
        u1_0.verified 
    from
        users u1_0 
    where
        upper(u1_0.email)=upper(?)
2026-01-17 14:47:31.432 | DEBUG | [http-nio-0.0.0.0-8082-exec-9] | org.hibernate.SQL.logStatement | 
    select
        r1_0.id,
        r1_0.role_name 
    from
        roles r1_0 
    where
        r1_0.id=?
2026-01-17 14:47:31.436 | DEBUG | [http-nio-0.0.0.0-8082-exec-9] | org.hibernate.SQL.logStatement | 
    select
        g1_0.id,
        g1_0.description,
        g1_0.group_name,
        g1_0.user_id 
    from
        groups g1_0 
    where
        g1_0.group_name=?
2026-01-17 14:47:31.439 | DEBUG | [http-nio-0.0.0.0-8082-exec-9] | org.hibernate.SQL.logStatement | 
    select
        cp1_0.id,
        cp1_0.contact_id,
        cp1_0.label,
        cp1_0.phone_number 
    from
        contact_phones cp1_0 
    where
        cp1_0.id in (?, ?, ?)
2026-01-17 14:47:31.446 | DEBUG | [http-nio-0.0.0.0-8082-exec-9] | org.hibernate.SQL.logStatement | 
    select
        c1_0.id,
        c1_0.first_name,
        c1_0.last_name,
        c1_0.title,
        c1_0.user_id 
    from
        contacts c1_0 
    where
        c1_0.id=?
2026-01-17 14:47:31.451 | DEBUG | [http-nio-0.0.0.0-8082-exec-9] | org.hibernate.SQL.logStatement | 
    select
        g1_0.contact_id,
        g1_1.id,
        g1_1.description,
        g1_1.group_name,
        g1_1.user_id 
    from
        contact_groups g1_0 
    join
        groups g1_1 
            on g1_1.id=g1_0.group_id 
    where
        g1_0.contact_id=?
2026-01-17 14:47:31.455 | DEBUG | [http-nio-0.0.0.0-8082-exec-9] | org.hibernate.SQL.logStatement | 
    select
        g1_0.phone_id,
        g1_1.id,
        g1_1.description,
        g1_1.group_name,
        g1_1.user_id 
    from
        group_phones g1_0 
    join
        groups g1_1 
            on g1_1.id=g1_0.group_id 
    where
        g1_0.phone_id=?
2026-01-17 14:47:31.457 | DEBUG | [http-nio-0.0.0.0-8082-exec-9] | org.hibernate.SQL.logStatement | 
    select
        g1_0.phone_id,
        g1_1.id,
        g1_1.description,
        g1_1.group_name,
        g1_1.user_id 
    from
        group_phones g1_0 
    join
        groups g1_1 
            on g1_1.id=g1_0.group_id 
    where
        g1_0.phone_id=?
2026-01-17 14:47:31.459 | DEBUG | [http-nio-0.0.0.0-8082-exec-9] | org.hibernate.SQL.logStatement | 
    select
        c1_0.id,
        c1_0.first_name,
        c1_0.last_name,
        c1_0.title,
        c1_0.user_id 
    from
        contacts c1_0 
    where
        c1_0.id=?
2026-01-17 14:47:31.460 | DEBUG | [http-nio-0.0.0.0-8082-exec-9] | org.hibernate.SQL.logStatement | 
    select
        g1_0.contact_id,
        g1_1.id,
        g1_1.description,
        g1_1.group_name,
        g1_1.user_id 
    from
        contact_groups g1_0 
    join
        groups g1_1 
            on g1_1.id=g1_0.group_id 
    where
        g1_0.contact_id=?
2026-01-17 14:47:31.461 | DEBUG | [http-nio-0.0.0.0-8082-exec-9] | org.hibernate.SQL.logStatement | 
    select
        g1_0.phone_id,
        g1_1.id,
        g1_1.description,
        g1_1.group_name,
        g1_1.user_id 
    from
        group_phones g1_0 
    join
        groups g1_1 
            on g1_1.id=g1_0.group_id 
    where
        g1_0.phone_id=?
2026-01-17 14:47:31.463 | DEBUG | [http-nio-0.0.0.0-8082-exec-9] | org.hibernate.SQL.logStatement | 
    insert 
    into
        groups
        (description, group_name, user_id) 
    values
        (?, ?, ?)
2026-01-17 14:47:31.466 | DEBUG | [http-nio-0.0.0.0-8082-exec-9] | org.hibernate.SQL.logStatement | 
    insert 
    into
        group_phones
        (group_id, phone_id) 
    values
        (?, ?)
2026-01-17 14:47:31.468 | DEBUG | [http-nio-0.0.0.0-8082-exec-9] | org.hibernate.SQL.logStatement | 
    insert 
    into
        group_phones
        (group_id, phone_id) 
    values
        (?, ?)
2026-01-17 14:47:31.469 | DEBUG | [http-nio-0.0.0.0-8082-exec-9] | org.hibernate.SQL.logStatement | 
    insert 
    into
        group_phones
        (group_id, phone_id) 
    values
        (?, ?)
2026-01-17 14:49:22.459 | INFO  | [SpringApplicationShutdownHook] | com.zaxxer.hikari.HikariDataSource.close | HikariPool-1 - Shutdown initiated...
2026-01-17 14:49:22.475 | INFO  | [SpringApplicationShutdownHook] | com.zaxxer.hikari.HikariDataSource.close | HikariPool-1 - Shutdown completed.
2026-01-17 14:52:53.050 | INFO  | [background-preinit] | o.h.validator.internal.util.Version.<clinit> | HV000001: Hibernate Validator 8.0.3.Final
2026-01-17 14:52:53.136 | INFO  | [main] | c.example.Backend.BackendApplication.logStarting | Starting BackendApplication using Java 24.0.1 with PID 13424 (C:\Users\inam\Desktop\10pearl\contact-management-system-Description-\Backend\target\classes started by inam in C:\Users\inam\Desktop\10pearl\contact-management-system-Description-\Backend)
2026-01-17 14:52:53.138 | INFO  | [main] | c.example.Backend.BackendApplication.logStartupProfileInfo | No active profile set, falling back to 1 default profile: "default"
2026-01-17 14:52:55.615 | INFO  | [main] | o.a.coyote.http11.Http11NioProtocol.log | Initializing ProtocolHandler ["http-nio-0.0.0.0-8082"]
2026-01-17 14:52:55.617 | INFO  | [main] | o.a.catalina.core.StandardService.log | Starting service [Tomcat]
2026-01-17 14:52:55.618 | INFO  | [main] | o.a.catalina.core.StandardEngine.log | Starting Servlet engine: [Apache Tomcat/10.1.50]
2026-01-17 14:52:55.734 | INFO  | [main] | o.a.c.c.C.[Tomcat].[localhost].[/].log | Initializing Spring embedded WebApplicationContext
2026-01-17 14:52:55.954 | INFO  | [main] | o.h.jpa.internal.util.LogHelper.logPersistenceUnitInformation | HHH000204: Processing PersistenceUnitInfo [name: default]
2026-01-17 14:52:56.043 | INFO  | [main] | org.hibernate.Version.logVersion | HHH000412: Hibernate ORM core version 6.6.39.Final
2026-01-17 14:52:56.102 | INFO  | [main] | o.h.c.i.RegionFactoryInitiator.initiateService | HHH000026: Second-level cache disabled
2026-01-17 14:52:56.679 | INFO  | [main] | com.zaxxer.hikari.HikariDataSource.getConnection | HikariPool-1 - Starting...
2026-01-17 14:52:56.977 | INFO  | [main] | com.zaxxer.hikari.pool.HikariPool.checkFailFast | HikariPool-1 - Added connection org.postgresql.jdbc.PgConnection@353b0719
2026-01-17 14:52:56.980 | INFO  | [main] | com.zaxxer.hikari.HikariDataSource.getConnection | HikariPool-1 - Start completed.
2026-01-17 14:52:57.086 | INFO  | [main] | o.hibernate.orm.connections.pooling.logConnectionInfo | HHH10001005: Database info:
	Database JDBC URL [Connecting through datasource 'HikariDataSource (HikariPool-1)']
	Database driver: undefined/unknown
	Database version: 17.6
	Autocommit mode: undefined/unknown
	Isolation level: undefined/unknown
	Minimum pool size: undefined/unknown
	Maximum pool size: undefined/unknown
2026-01-17 14:52:57.096 | DEBUG | [main] | o.h.t.d.sql.spi.DdlTypeRegistry.addDescriptor | addDescriptor(2003, org.hibernate.type.descriptor.sql.internal.ArrayDdlTypeImpl@3d53e876) replaced previous registration(org.hibernate.type.descriptor.sql.internal.ArrayDdlTypeImpl@48d44b46)
2026-01-17 14:52:57.097 | DEBUG | [main] | o.h.t.d.sql.spi.DdlTypeRegistry.addDescriptor | addDescriptor(6, org.hibernate.type.descriptor.sql.internal.CapacityDependentDdlType@aa0dbca) replaced previous registration(org.hibernate.type.descriptor.sql.internal.DdlTypeImpl@794cb26b)
2026-01-17 14:52:58.803 | INFO  | [main] | o.h.e.t.j.p.i.JtaPlatformInitiator.initiateService | HHH000489: No JTA platform available (set 'hibernate.transaction.jta.platform' to enable JTA platform integration)
2026-01-17 14:53:01.713 | WARN  | [main] | o.s.b.a.o.j.JpaBaseConfiguration$JpaWebConfiguration.openEntityManagerInViewInterceptor | spring.jpa.open-in-view is enabled by default. Therefore, database queries may be performed during view rendering. Explicitly configure spring.jpa.open-in-view to disable this warning
2026-01-17 14:53:02.012 | WARN  | [main] | o.s.s.c.a.a.c.InitializeUserDetailsBeanManagerConfigurer$InitializeUserDetailsManagerConfigurer.configure | Global AuthenticationManager configured with an AuthenticationProvider bean. UserDetailsService beans will not be used by Spring Security for automatically configuring username/password login. Consider removing the AuthenticationProvider bean. Alternatively, consider using the UserDetailsService in a manually instantiated DaoAuthenticationProvider. If the current configuration is intentional, to turn off this warning, increase the logging level of 'org.springframework.security.config.annotation.authentication.configuration.InitializeUserDetailsBeanManagerConfigurer' to ERROR
2026-01-17 14:53:02.441 | INFO  | [main] | o.a.coyote.http11.Http11NioProtocol.log | Starting ProtocolHandler ["http-nio-0.0.0.0-8082"]
2026-01-17 14:53:02.495 | INFO  | [main] | c.example.Backend.BackendApplication.logStarted | Started BackendApplication in 10.251 seconds (process running for 10.79)
2026-01-17 14:53:12.545 | INFO  | [http-nio-0.0.0.0-8082-exec-1] | o.a.c.c.C.[Tomcat].[localhost].[/].log | Initializing Spring DispatcherServlet 'dispatcherServlet'
2026-01-17 14:53:12.767 | INFO  | [http-nio-0.0.0.0-8082-exec-1] | c.e.B.c.group.GroupCreateController.createGroup | Creating group: GroupCreateRequest(groupName=Project, description=Team for Project A, phoneIds=null)
2026-01-17 14:53:12.887 | DEBUG | [http-nio-0.0.0.0-8082-exec-1] | org.hibernate.SQL.logStatement | 
    select
        u1_0.id,
        u1_0.active,
        u1_0.is_deleted,
        u1_0.email,
        u1_0.last_login,
        u1_0.name,
        u1_0.password,
        u1_0.refresh_token,
        u1_0.reset_password_token,
        u1_0.reset_token_expiry,
        u1_0.role_id,
        u1_0.token_expiry,
        u1_0.verification_token,
        u1_0.verified 
    from
        users u1_0 
    where
        upper(u1_0.email)=upper(?)
2026-01-17 14:53:12.944 | DEBUG | [http-nio-0.0.0.0-8082-exec-1] | org.hibernate.SQL.logStatement | 
    select
        r1_0.id,
        r1_0.role_name 
    from
        roles r1_0 
    where
        r1_0.id=?
2026-01-17 14:53:12.983 | DEBUG | [http-nio-0.0.0.0-8082-exec-1] | org.hibernate.SQL.logStatement | 
    select
        g1_0.id,
        g1_0.description,
        g1_0.group_name,
        g1_0.user_id 
    from
        groups g1_0 
    where
        g1_0.group_name=?
2026-01-17 14:53:45.977 | INFO  | [http-nio-0.0.0.0-8082-exec-6] | c.e.B.c.group.GroupCreateController.createGroup | Creating group: GroupCreateRequest(groupName=Project  A, description=Team for Project A, phoneIds=[1])
2026-01-17 14:53:45.980 | DEBUG | [http-nio-0.0.0.0-8082-exec-6] | org.hibernate.SQL.logStatement | 
    select
        u1_0.id,
        u1_0.active,
        u1_0.is_deleted,
        u1_0.email,
        u1_0.last_login,
        u1_0.name,
        u1_0.password,
        u1_0.refresh_token,
        u1_0.reset_password_token,
        u1_0.reset_token_expiry,
        u1_0.role_id,
        u1_0.token_expiry,
        u1_0.verification_token,
        u1_0.verified 
    from
        users u1_0 
    where
        upper(u1_0.email)=upper(?)
2026-01-17 14:53:45.983 | DEBUG | [http-nio-0.0.0.0-8082-exec-6] | org.hibernate.SQL.logStatement | 
    select
        r1_0.id,
        r1_0.role_name 
    from
        roles r1_0 
    where
        r1_0.id=?
2026-01-17 14:53:45.987 | DEBUG | [http-nio-0.0.0.0-8082-exec-6] | org.hibernate.SQL.logStatement | 
    select
        g1_0.id,
        g1_0.description,
        g1_0.group_name,
        g1_0.user_id 
    from
        groups g1_0 
    where
        g1_0.group_name=?
2026-01-17 14:53:46.005 | DEBUG | [http-nio-0.0.0.0-8082-exec-6] | org.hibernate.SQL.logStatement | 
    select
        cp1_0.id,
        cp1_0.contact_id,
        cp1_0.label,
        cp1_0.phone_number 
    from
        contact_phones cp1_0 
    where
        cp1_0.id in (?)
2026-01-17 14:53:46.013 | DEBUG | [http-nio-0.0.0.0-8082-exec-6] | org.hibernate.SQL.logStatement | 
    select
        c1_0.id,
        c1_0.first_name,
        c1_0.last_name,
        c1_0.title,
        c1_0.user_id 
    from
        contacts c1_0 
    where
        c1_0.id=?
2026-01-17 14:53:46.019 | DEBUG | [http-nio-0.0.0.0-8082-exec-6] | org.hibernate.SQL.logStatement | 
    select
        g1_0.contact_id,
        g1_1.id,
        g1_1.description,
        g1_1.group_name,
        g1_1.user_id 
    from
        contact_groups g1_0 
    join
        groups g1_1 
            on g1_1.id=g1_0.group_id 
    where
        g1_0.contact_id=?
2026-01-17 14:53:46.022 | DEBUG | [http-nio-0.0.0.0-8082-exec-6] | org.hibernate.SQL.logStatement | 
    select
        g1_0.phone_id,
        g1_1.id,
        g1_1.description,
        g1_1.group_name,
        g1_1.user_id 
    from
        group_phones g1_0 
    join
        groups g1_1 
            on g1_1.id=g1_0.group_id 
    where
        g1_0.phone_id=?
2026-01-17 14:53:46.025 | DEBUG | [http-nio-0.0.0.0-8082-exec-6] | org.hibernate.SQL.logStatement | 
    select
        p1_0.group_id,
        p1_1.id,
        p1_1.contact_id,
        p1_1.label,
        p1_1.phone_number 
    from
        group_phones p1_0 
    join
        contact_phones p1_1 
            on p1_1.id=p1_0.phone_id 
    where
        p1_0.group_id=?
2026-01-17 14:53:46.028 | DEBUG | [http-nio-0.0.0.0-8082-exec-6] | org.hibernate.SQL.logStatement | 
    select
        g1_0.phone_id,
        g1_1.id,
        g1_1.description,
        g1_1.group_name,
        g1_1.user_id 
    from
        group_phones g1_0 
    join
        groups g1_1 
            on g1_1.id=g1_0.group_id 
    where
        g1_0.phone_id=?
2026-01-17 14:53:46.029 | DEBUG | [http-nio-0.0.0.0-8082-exec-6] | org.hibernate.SQL.logStatement | 
    select
        g1_0.phone_id,
        g1_1.id,
        g1_1.description,
        g1_1.group_name,
        g1_1.user_id 
    from
        group_phones g1_0 
    join
        groups g1_1 
            on g1_1.id=g1_0.group_id 
    where
        g1_0.phone_id=?
2026-01-17 14:53:46.031 | DEBUG | [http-nio-0.0.0.0-8082-exec-6] | org.hibernate.SQL.logStatement | 
    select
        p1_0.group_id,
        p1_1.id,
        p1_1.contact_id,
        p1_1.label,
        p1_1.phone_number 
    from
        group_phones p1_0 
    join
        contact_phones p1_1 
            on p1_1.id=p1_0.phone_id 
    where
        p1_0.group_id=?
2026-01-17 14:53:55.714 | INFO  | [http-nio-0.0.0.0-8082-exec-5] | c.e.B.c.group.GroupCreateController.createGroup | Creating group: GroupCreateRequest(groupName=Project  A, description=Team for Project A, phoneIds=[1, 14])
2026-01-17 14:53:55.716 | DEBUG | [http-nio-0.0.0.0-8082-exec-5] | org.hibernate.SQL.logStatement | 
    select
        u1_0.id,
        u1_0.active,
        u1_0.is_deleted,
        u1_0.email,
        u1_0.last_login,
        u1_0.name,
        u1_0.password,
        u1_0.refresh_token,
        u1_0.reset_password_token,
        u1_0.reset_token_expiry,
        u1_0.role_id,
        u1_0.token_expiry,
        u1_0.verification_token,
        u1_0.verified 
    from
        users u1_0 
    where
        upper(u1_0.email)=upper(?)
2026-01-17 14:53:55.718 | DEBUG | [http-nio-0.0.0.0-8082-exec-5] | org.hibernate.SQL.logStatement | 
    select
        r1_0.id,
        r1_0.role_name 
    from
        roles r1_0 
    where
        r1_0.id=?
2026-01-17 14:53:55.722 | DEBUG | [http-nio-0.0.0.0-8082-exec-5] | org.hibernate.SQL.logStatement | 
    select
        g1_0.id,
        g1_0.description,
        g1_0.group_name,
        g1_0.user_id 
    from
        groups g1_0 
    where
        g1_0.group_name=?
2026-01-17 14:53:55.725 | DEBUG | [http-nio-0.0.0.0-8082-exec-5] | org.hibernate.SQL.logStatement | 
    select
        cp1_0.id,
        cp1_0.contact_id,
        cp1_0.label,
        cp1_0.phone_number 
    from
        contact_phones cp1_0 
    where
        cp1_0.id in (?, ?)
2026-01-17 14:53:55.728 | DEBUG | [http-nio-0.0.0.0-8082-exec-5] | org.hibernate.SQL.logStatement | 
    select
        c1_0.id,
        c1_0.first_name,
        c1_0.last_name,
        c1_0.title,
        c1_0.user_id 
    from
        contacts c1_0 
    where
        c1_0.id=?
2026-01-17 14:53:55.730 | DEBUG | [http-nio-0.0.0.0-8082-exec-5] | org.hibernate.SQL.logStatement | 
    select
        g1_0.contact_id,
        g1_1.id,
        g1_1.description,
        g1_1.group_name,
        g1_1.user_id 
    from
        contact_groups g1_0 
    join
        groups g1_1 
            on g1_1.id=g1_0.group_id 
    where
        g1_0.contact_id=?
2026-01-17 14:53:55.731 | DEBUG | [http-nio-0.0.0.0-8082-exec-5] | org.hibernate.SQL.logStatement | 
    select
        g1_0.phone_id,
        g1_1.id,
        g1_1.description,
        g1_1.group_name,
        g1_1.user_id 
    from
        group_phones g1_0 
    join
        groups g1_1 
            on g1_1.id=g1_0.group_id 
    where
        g1_0.phone_id=?
2026-01-17 14:53:55.733 | DEBUG | [http-nio-0.0.0.0-8082-exec-5] | org.hibernate.SQL.logStatement | 
    select
        p1_0.group_id,
        p1_1.id,
        p1_1.contact_id,
        p1_1.label,
        p1_1.phone_number 
    from
        group_phones p1_0 
    join
        contact_phones p1_1 
            on p1_1.id=p1_0.phone_id 
    where
        p1_0.group_id=?
2026-01-17 14:53:55.736 | DEBUG | [http-nio-0.0.0.0-8082-exec-5] | org.hibernate.SQL.logStatement | 
    select
        g1_0.phone_id,
        g1_1.id,
        g1_1.description,
        g1_1.group_name,
        g1_1.user_id 
    from
        group_phones g1_0 
    join
        groups g1_1 
            on g1_1.id=g1_0.group_id 
    where
        g1_0.phone_id=?
2026-01-17 14:53:55.737 | DEBUG | [http-nio-0.0.0.0-8082-exec-5] | org.hibernate.SQL.logStatement | 
    select
        g1_0.phone_id,
        g1_1.id,
        g1_1.description,
        g1_1.group_name,
        g1_1.user_id 
    from
        group_phones g1_0 
    join
        groups g1_1 
            on g1_1.id=g1_0.group_id 
    where
        g1_0.phone_id=?
2026-01-17 14:53:55.738 | DEBUG | [http-nio-0.0.0.0-8082-exec-5] | org.hibernate.SQL.logStatement | 
    select
        p1_0.group_id,
        p1_1.id,
        p1_1.contact_id,
        p1_1.label,
        p1_1.phone_number 
    from
        group_phones p1_0 
    join
        contact_phones p1_1 
            on p1_1.id=p1_0.phone_id 
    where
        p1_0.group_id=?
2026-01-17 14:54:05.226 | INFO  | [http-nio-0.0.0.0-8082-exec-10] | c.e.B.c.group.GroupCreateController.createGroup | Creating group: GroupCreateRequest(groupName=Project Tueam A, description=Team for Project A, phoneIds=[1, 2, 14])
2026-01-17 14:54:05.229 | DEBUG | [http-nio-0.0.0.0-8082-exec-10] | org.hibernate.SQL.logStatement | 
    select
        u1_0.id,
        u1_0.active,
        u1_0.is_deleted,
        u1_0.email,
        u1_0.last_login,
        u1_0.name,
        u1_0.password,
        u1_0.refresh_token,
        u1_0.reset_password_token,
        u1_0.reset_token_expiry,
        u1_0.role_id,
        u1_0.token_expiry,
        u1_0.verification_token,
        u1_0.verified 
    from
        users u1_0 
    where
        upper(u1_0.email)=upper(?)
2026-01-17 14:54:05.231 | DEBUG | [http-nio-0.0.0.0-8082-exec-10] | org.hibernate.SQL.logStatement | 
    select
        r1_0.id,
        r1_0.role_name 
    from
        roles r1_0 
    where
        r1_0.id=?
2026-01-17 14:54:05.234 | DEBUG | [http-nio-0.0.0.0-8082-exec-10] | org.hibernate.SQL.logStatement | 
    select
        g1_0.id,
        g1_0.description,
        g1_0.group_name,
        g1_0.user_id 
    from
        groups g1_0 
    where
        g1_0.group_name=?
2026-01-17 14:54:10.124 | INFO  | [http-nio-0.0.0.0-8082-exec-1] | c.e.B.c.group.GroupCreateController.createGroup | Creating group: GroupCreateRequest(groupName=Profject Tueam A, description=Team for Project A, phoneIds=[1, 2, 14])
2026-01-17 14:54:10.127 | DEBUG | [http-nio-0.0.0.0-8082-exec-1] | org.hibernate.SQL.logStatement | 
    select
        u1_0.id,
        u1_0.active,
        u1_0.is_deleted,
        u1_0.email,
        u1_0.last_login,
        u1_0.name,
        u1_0.password,
        u1_0.refresh_token,
        u1_0.reset_password_token,
        u1_0.reset_token_expiry,
        u1_0.role_id,
        u1_0.token_expiry,
        u1_0.verification_token,
        u1_0.verified 
    from
        users u1_0 
    where
        upper(u1_0.email)=upper(?)
2026-01-17 14:54:10.129 | DEBUG | [http-nio-0.0.0.0-8082-exec-1] | org.hibernate.SQL.logStatement | 
    select
        r1_0.id,
        r1_0.role_name 
    from
        roles r1_0 
    where
        r1_0.id=?
2026-01-17 14:54:10.132 | DEBUG | [http-nio-0.0.0.0-8082-exec-1] | org.hibernate.SQL.logStatement | 
    select
        g1_0.id,
        g1_0.description,
        g1_0.group_name,
        g1_0.user_id 
    from
        groups g1_0 
    where
        g1_0.group_name=?
2026-01-17 14:54:10.135 | DEBUG | [http-nio-0.0.0.0-8082-exec-1] | org.hibernate.SQL.logStatement | 
    select
        cp1_0.id,
        cp1_0.contact_id,
        cp1_0.label,
        cp1_0.phone_number 
    from
        contact_phones cp1_0 
    where
        cp1_0.id in (?, ?, ?)
2026-01-17 14:54:10.137 | DEBUG | [http-nio-0.0.0.0-8082-exec-1] | org.hibernate.SQL.logStatement | 
    select
        c1_0.id,
        c1_0.first_name,
        c1_0.last_name,
        c1_0.title,
        c1_0.user_id 
    from
        contacts c1_0 
    where
        c1_0.id=?
2026-01-17 14:54:10.138 | DEBUG | [http-nio-0.0.0.0-8082-exec-1] | org.hibernate.SQL.logStatement | 
    select
        g1_0.contact_id,
        g1_1.id,
        g1_1.description,
        g1_1.group_name,
        g1_1.user_id 
    from
        contact_groups g1_0 
    join
        groups g1_1 
            on g1_1.id=g1_0.group_id 
    where
        g1_0.contact_id=?
2026-01-17 14:54:10.140 | DEBUG | [http-nio-0.0.0.0-8082-exec-1] | org.hibernate.SQL.logStatement | 
    select
        g1_0.phone_id,
        g1_1.id,
        g1_1.description,
        g1_1.group_name,
        g1_1.user_id 
    from
        group_phones g1_0 
    join
        groups g1_1 
            on g1_1.id=g1_0.group_id 
    where
        g1_0.phone_id=?
2026-01-17 14:54:10.141 | DEBUG | [http-nio-0.0.0.0-8082-exec-1] | org.hibernate.SQL.logStatement | 
    select
        p1_0.group_id,
        p1_1.id,
        p1_1.contact_id,
        p1_1.label,
        p1_1.phone_number 
    from
        group_phones p1_0 
    join
        contact_phones p1_1 
            on p1_1.id=p1_0.phone_id 
    where
        p1_0.group_id=?
2026-01-17 14:54:10.143 | DEBUG | [http-nio-0.0.0.0-8082-exec-1] | org.hibernate.SQL.logStatement | 
    select
        g1_0.phone_id,
        g1_1.id,
        g1_1.description,
        g1_1.group_name,
        g1_1.user_id 
    from
        group_phones g1_0 
    join
        groups g1_1 
            on g1_1.id=g1_0.group_id 
    where
        g1_0.phone_id=?
2026-01-17 14:54:10.144 | DEBUG | [http-nio-0.0.0.0-8082-exec-1] | org.hibernate.SQL.logStatement | 
    select
        g1_0.phone_id,
        g1_1.id,
        g1_1.description,
        g1_1.group_name,
        g1_1.user_id 
    from
        group_phones g1_0 
    join
        groups g1_1 
            on g1_1.id=g1_0.group_id 
    where
        g1_0.phone_id=?
2026-01-17 14:54:10.146 | DEBUG | [http-nio-0.0.0.0-8082-exec-1] | org.hibernate.SQL.logStatement | 
    select
        p1_0.group_id,
        p1_1.id,
        p1_1.contact_id,
        p1_1.label,
        p1_1.phone_number 
    from
        group_phones p1_0 
    join
        contact_phones p1_1 
            on p1_1.id=p1_0.phone_id 
    where
        p1_0.group_id=?
2026-01-17 14:54:23.897 | INFO  | [SpringApplicationShutdownHook] | com.zaxxer.hikari.HikariDataSource.close | HikariPool-1 - Shutdown initiated...
2026-01-17 14:54:23.913 | INFO  | [SpringApplicationShutdownHook] | com.zaxxer.hikari.HikariDataSource.close | HikariPool-1 - Shutdown completed.
2026-01-17 15:30:29.790 | INFO  | [background-preinit] | o.h.validator.internal.util.Version.<clinit> | HV000001: Hibernate Validator 8.0.3.Final
2026-01-17 15:30:29.979 | INFO  | [main] | c.example.Backend.BackendApplication.logStarting | Starting BackendApplication using Java 24.0.1 with PID 9248 (C:\Users\inam\Desktop\10pearl\contact-management-system-Description-\Backend\target\classes started by inam in C:\Users\inam\Desktop\10pearl\contact-management-system-Description-\Backend)
2026-01-17 15:30:29.981 | INFO  | [main] | c.example.Backend.BackendApplication.logStartupProfileInfo | No active profile set, falling back to 1 default profile: "default"
2026-01-17 15:30:33.291 | INFO  | [main] | o.a.coyote.http11.Http11NioProtocol.log | Initializing ProtocolHandler ["http-nio-0.0.0.0-8082"]
2026-01-17 15:30:33.294 | INFO  | [main] | o.a.catalina.core.StandardService.log | Starting service [Tomcat]
2026-01-17 15:30:33.294 | INFO  | [main] | o.a.catalina.core.StandardEngine.log | Starting Servlet engine: [Apache Tomcat/10.1.50]
2026-01-17 15:30:33.470 | INFO  | [main] | o.a.c.c.C.[Tomcat].[localhost].[/].log | Initializing Spring embedded WebApplicationContext
2026-01-17 15:30:33.825 | INFO  | [main] | o.h.jpa.internal.util.LogHelper.logPersistenceUnitInformation | HHH000204: Processing PersistenceUnitInfo [name: default]
2026-01-17 15:30:34.013 | INFO  | [main] | org.hibernate.Version.logVersion | HHH000412: Hibernate ORM core version 6.6.39.Final
2026-01-17 15:30:34.136 | INFO  | [main] | o.h.c.i.RegionFactoryInitiator.initiateService | HHH000026: Second-level cache disabled
2026-01-17 15:30:34.851 | INFO  | [main] | com.zaxxer.hikari.HikariDataSource.getConnection | HikariPool-1 - Starting...
2026-01-17 15:30:35.175 | INFO  | [main] | com.zaxxer.hikari.pool.HikariPool.checkFailFast | HikariPool-1 - Added connection org.postgresql.jdbc.PgConnection@7c226095
2026-01-17 15:30:35.177 | INFO  | [main] | com.zaxxer.hikari.HikariDataSource.getConnection | HikariPool-1 - Start completed.
2026-01-17 15:30:35.279 | INFO  | [main] | o.hibernate.orm.connections.pooling.logConnectionInfo | HHH10001005: Database info:
	Database JDBC URL [Connecting through datasource 'HikariDataSource (HikariPool-1)']
	Database driver: undefined/unknown
	Database version: 17.6
	Autocommit mode: undefined/unknown
	Isolation level: undefined/unknown
	Minimum pool size: undefined/unknown
	Maximum pool size: undefined/unknown
2026-01-17 15:30:35.291 | DEBUG | [main] | o.h.t.d.sql.spi.DdlTypeRegistry.addDescriptor | addDescriptor(2003, org.hibernate.type.descriptor.sql.internal.ArrayDdlTypeImpl@311a0b3e) replaced previous registration(org.hibernate.type.descriptor.sql.internal.ArrayDdlTypeImpl@3de8f85c)
2026-01-17 15:30:35.292 | DEBUG | [main] | o.h.t.d.sql.spi.DdlTypeRegistry.addDescriptor | addDescriptor(6, org.hibernate.type.descriptor.sql.internal.CapacityDependentDdlType@21abda60) replaced previous registration(org.hibernate.type.descriptor.sql.internal.DdlTypeImpl@dd20ebc)
2026-01-17 15:30:37.210 | INFO  | [main] | o.h.e.t.j.p.i.JtaPlatformInitiator.initiateService | HHH000489: No JTA platform available (set 'hibernate.transaction.jta.platform' to enable JTA platform integration)
2026-01-17 15:30:40.220 | WARN  | [main] | o.s.b.a.o.j.JpaBaseConfiguration$JpaWebConfiguration.openEntityManagerInViewInterceptor | spring.jpa.open-in-view is enabled by default. Therefore, database queries may be performed during view rendering. Explicitly configure spring.jpa.open-in-view to disable this warning
2026-01-17 15:30:40.545 | WARN  | [main] | o.s.s.c.a.a.c.InitializeUserDetailsBeanManagerConfigurer$InitializeUserDetailsManagerConfigurer.configure | Global AuthenticationManager configured with an AuthenticationProvider bean. UserDetailsService beans will not be used by Spring Security for automatically configuring username/password login. Consider removing the AuthenticationProvider bean. Alternatively, consider using the UserDetailsService in a manually instantiated DaoAuthenticationProvider. If the current configuration is intentional, to turn off this warning, increase the logging level of 'org.springframework.security.config.annotation.authentication.configuration.InitializeUserDetailsBeanManagerConfigurer' to ERROR
2026-01-17 15:30:41.047 | INFO  | [main] | o.a.coyote.http11.Http11NioProtocol.log | Starting ProtocolHandler ["http-nio-0.0.0.0-8082"]
2026-01-17 15:30:41.097 | INFO  | [main] | c.example.Backend.BackendApplication.logStarted | Started BackendApplication in 12.395 seconds (process running for 13.439)
2026-01-17 15:31:27.979 | INFO  | [http-nio-0.0.0.0-8082-exec-2] | o.a.c.c.C.[Tomcat].[localhost].[/].log | Initializing Spring DispatcherServlet 'dispatcherServlet'
2026-01-17 15:31:28.213 | INFO  | [http-nio-0.0.0.0-8082-exec-2] | c.e.B.c.group.GroupCreateController.createGroup | Creating group: GroupCreateRequest(groupName=inam, description=Team for Project A, phoneIds=null)
2026-01-17 15:31:28.334 | DEBUG | [http-nio-0.0.0.0-8082-exec-2] | org.hibernate.SQL.logStatement | 
    select
        u1_0.id,
        u1_0.active,
        u1_0.is_deleted,
        u1_0.email,
        u1_0.last_login,
        u1_0.name,
        u1_0.password,
        u1_0.refresh_token,
        u1_0.reset_password_token,
        u1_0.reset_token_expiry,
        u1_0.role_id,
        u1_0.token_expiry,
        u1_0.verification_token,
        u1_0.verified 
    from
        users u1_0 
    where
        upper(u1_0.email)=upper(?)
2026-01-17 15:31:28.391 | DEBUG | [http-nio-0.0.0.0-8082-exec-2] | org.hibernate.SQL.logStatement | 
    select
        r1_0.id,
        r1_0.role_name 
    from
        roles r1_0 
    where
        r1_0.id=?
2026-01-17 15:31:28.433 | DEBUG | [http-nio-0.0.0.0-8082-exec-2] | org.hibernate.SQL.logStatement | 
    select
        g1_0.id,
        g1_0.description,
        g1_0.group_name,
        g1_0.user_id 
    from
        groups g1_0 
    where
        g1_0.group_name=?
2026-01-17 15:31:28.484 | DEBUG | [http-nio-0.0.0.0-8082-exec-2] | org.hibernate.SQL.logStatement | 
    insert 
    into
        groups
        (description, group_name, user_id) 
    values
        (?, ?, ?)
2026-01-17 15:32:12.663 | INFO  | [http-nio-0.0.0.0-8082-exec-3] | c.e.B.c.group.GroupCreateController.createGroup | Creating group: GroupCreateRequest(groupName=inam, description=Team for Project A, phoneIds=[1, 2, 14])
2026-01-17 15:32:12.666 | DEBUG | [http-nio-0.0.0.0-8082-exec-3] | org.hibernate.SQL.logStatement | 
    select
        u1_0.id,
        u1_0.active,
        u1_0.is_deleted,
        u1_0.email,
        u1_0.last_login,
        u1_0.name,
        u1_0.password,
        u1_0.refresh_token,
        u1_0.reset_password_token,
        u1_0.reset_token_expiry,
        u1_0.role_id,
        u1_0.token_expiry,
        u1_0.verification_token,
        u1_0.verified 
    from
        users u1_0 
    where
        upper(u1_0.email)=upper(?)
2026-01-17 15:32:12.668 | DEBUG | [http-nio-0.0.0.0-8082-exec-3] | org.hibernate.SQL.logStatement | 
    select
        r1_0.id,
        r1_0.role_name 
    from
        roles r1_0 
    where
        r1_0.id=?
2026-01-17 15:32:12.671 | DEBUG | [http-nio-0.0.0.0-8082-exec-3] | org.hibernate.SQL.logStatement | 
    select
        g1_0.id,
        g1_0.description,
        g1_0.group_name,
        g1_0.user_id 
    from
        groups g1_0 
    where
        g1_0.group_name=?
2026-01-17 15:33:08.517 | INFO  | [SpringApplicationShutdownHook] | com.zaxxer.hikari.HikariDataSource.close | HikariPool-1 - Shutdown initiated...
2026-01-17 15:33:08.533 | INFO  | [SpringApplicationShutdownHook] | com.zaxxer.hikari.HikariDataSource.close | HikariPool-1 - Shutdown completed.
