2026-02-08 09:54:51.369 | INFO  | [background-preinit] | o.h.validator.internal.util.Version.<clinit> | HV000001: Hibernate Validator 8.0.3.Final
2026-02-08 09:54:51.487 | INFO  | [main] | c.example.backend.BackendApplication.logStarting | Starting BackendApplication using Java 17.0.12 with PID 3160 (C:\Users\inam\Desktop\Real github project\contact-management-system-Description-\Backend\target\classes started by inam in C:\Users\inam\Desktop\Real github project\contact-management-system-Description-\Backend)
2026-02-08 09:54:51.489 | DEBUG | [main] | c.example.backend.BackendApplication.logStarting | Running with Spring Boot v3.5.9, Spring v6.2.15
2026-02-08 09:54:51.490 | INFO  | [main] | c.example.backend.BackendApplication.logStartupProfileInfo | No active profile set, falling back to 1 default profile: "default"
2026-02-08 09:54:53.124 | INFO  | [main] | o.s.d.r.c.RepositoryConfigurationDelegate.registerRepositoriesIn | Bootstrapping Spring Data JPA repositories in DEFAULT mode.
2026-02-08 09:54:53.312 | INFO  | [main] | o.s.d.r.c.RepositoryConfigurationDelegate.registerRepositoriesIn | Finished Spring Data repository scanning in 171 ms. Found 7 JPA repository interfaces.
2026-02-08 09:54:54.376 | INFO  | [main] | o.s.b.w.e.tomcat.TomcatWebServer.initialize | Tomcat initialized with port 8082 (http)
2026-02-08 09:54:54.396 | INFO  | [main] | o.a.coyote.http11.Http11NioProtocol.log | Initializing ProtocolHandler ["http-nio-0.0.0.0-8082"]
2026-02-08 09:54:54.398 | INFO  | [main] | o.a.catalina.core.StandardService.log | Starting service [Tomcat]
2026-02-08 09:54:54.399 | INFO  | [main] | o.a.catalina.core.StandardEngine.log | Starting Servlet engine: [Apache Tomcat/10.1.50]
2026-02-08 09:54:54.530 | INFO  | [main] | o.a.c.c.C.[Tomcat].[localhost].[/].log | Initializing Spring embedded WebApplicationContext
2026-02-08 09:54:54.532 | INFO  | [main] | o.s.b.w.s.c.ServletWebServerApplicationContext.prepareWebApplicationContext | Root WebApplicationContext: initialization completed in 2922 ms
2026-02-08 09:54:54.743 | DEBUG | [main] | com.example.backend.util.JWTFilter.init | Filter 'JWTFilter' configured for use
2026-02-08 09:54:55.064 | INFO  | [main] | o.h.jpa.internal.util.LogHelper.logPersistenceUnitInformation | HHH000204: Processing PersistenceUnitInfo [name: default]
2026-02-08 09:54:55.188 | INFO  | [main] | org.hibernate.Version.logVersion | HHH000412: Hibernate ORM core version 6.6.39.Final
2026-02-08 09:54:55.261 | INFO  | [main] | o.h.c.i.RegionFactoryInitiator.initiateService | HHH000026: Second-level cache disabled
2026-02-08 09:54:55.785 | INFO  | [main] | o.s.o.j.p.SpringPersistenceUnitInfo.addTransformer | No LoadTimeWeaver setup: ignoring JPA class transformer
2026-02-08 09:54:55.840 | INFO  | [main] | com.zaxxer.hikari.HikariDataSource.getConnection | HikariPool-1 - Starting...
2026-02-08 09:54:56.173 | INFO  | [main] | com.zaxxer.hikari.pool.HikariPool.checkFailFast | HikariPool-1 - Added connection org.postgresql.jdbc.PgConnection@79d49790
2026-02-08 09:54:56.175 | INFO  | [main] | com.zaxxer.hikari.HikariDataSource.getConnection | HikariPool-1 - Start completed.
2026-02-08 09:54:56.301 | INFO  | [main] | o.hibernate.orm.connections.pooling.logConnectionInfo | HHH10001005: Database info:
	Database JDBC URL [Connecting through datasource 'HikariDataSource (HikariPool-1)']
	Database driver: undefined/unknown
	Database version: 17.6
	Autocommit mode: undefined/unknown
	Isolation level: undefined/unknown
	Minimum pool size: undefined/unknown
	Maximum pool size: undefined/unknown
2026-02-08 09:54:58.002 | INFO  | [main] | o.h.e.t.j.p.i.JtaPlatformInitiator.initiateService | HHH000489: No JTA platform available (set 'hibernate.transaction.jta.platform' to enable JTA platform integration)
2026-02-08 09:54:58.213 | INFO  | [main] | o.s.o.j.LocalContainerEntityManagerFactoryBean.buildNativeEntityManagerFactory | Initialized JPA EntityManagerFactory for persistence unit 'default'
2026-02-08 09:54:59.035 | INFO  | [main] | o.s.d.j.r.query.QueryEnhancerFactory.<clinit> | Hibernate is in classpath; If applicable, HQL parser will be used.
2026-02-08 09:55:00.862 | WARN  | [main] | o.s.b.a.o.j.JpaBaseConfiguration$JpaWebConfiguration.openEntityManagerInViewInterceptor | spring.jpa.open-in-view is enabled by default. Therefore, database queries may be performed during view rendering. Explicitly configure spring.jpa.open-in-view to disable this warning
2026-02-08 09:55:01.213 | INFO  | [main] | o.s.s.c.a.a.c.InitializeAuthenticationProviderBeanManagerConfigurer$InitializeAuthenticationProviderManagerConfigurer.configure | Global AuthenticationManager configured with AuthenticationProvider bean with name authenticationProvider
2026-02-08 09:55:01.214 | WARN  | [main] | o.s.s.c.a.a.c.InitializeUserDetailsBeanManagerConfigurer$InitializeUserDetailsManagerConfigurer.configure | Global AuthenticationManager configured with an AuthenticationProvider bean. UserDetailsService beans will not be used by Spring Security for automatically configuring username/password login. Consider removing the AuthenticationProvider bean. Alternatively, consider using the UserDetailsService in a manually instantiated DaoAuthenticationProvider. If the current configuration is intentional, to turn off this warning, increase the logging level of 'org.springframework.security.config.annotation.authentication.configuration.InitializeUserDetailsBeanManagerConfigurer' to ERROR
2026-02-08 09:55:01.724 | INFO  | [main] | o.a.coyote.http11.Http11NioProtocol.log | Starting ProtocolHandler ["http-nio-0.0.0.0-8082"]
2026-02-08 09:55:01.758 | INFO  | [main] | o.s.b.w.e.tomcat.TomcatWebServer.start | Tomcat started on port 8082 (http) with context path '/'
2026-02-08 09:55:01.771 | INFO  | [main] | c.example.backend.BackendApplication.logStarted | Started BackendApplication in 11.307 seconds (process running for 12.246)
2026-02-08 09:55:01.903 | DEBUG | [main] | org.hibernate.SQL.logStatement | 
    select
        r1_0.id,
        r1_0.role_name 
    from
        roles r1_0
2026-02-08 09:56:03.859 | INFO  | [http-nio-0.0.0.0-8082-exec-1] | o.a.c.c.C.[Tomcat].[localhost].[/].log | Initializing Spring DispatcherServlet 'dispatcherServlet'
2026-02-08 09:56:03.861 | INFO  | [http-nio-0.0.0.0-8082-exec-1] | o.s.web.servlet.DispatcherServlet.initServletBean | Initializing Servlet 'dispatcherServlet'
2026-02-08 09:56:03.863 | INFO  | [http-nio-0.0.0.0-8082-exec-1] | o.s.web.servlet.DispatcherServlet.initServletBean | Completed initialization in 1 ms
2026-02-08 09:56:04.235 | DEBUG | [http-nio-0.0.0.0-8082-exec-1] | org.hibernate.SQL.logStatement | 
    select
        u1_0.id,
        u1_0.is_deleted,
        u1_0.email,
        u1_0.last_login,
        u1_0.name,
        u1_0.password,
        u1_0.refresh_token,
        u1_0.role_id 
    from
        users u1_0 
    where
        upper(u1_0.email)=upper(?)
2026-02-08 09:56:04.260 | DEBUG | [http-nio-0.0.0.0-8082-exec-1] | org.hibernate.SQL.logStatement | 
    select
        r1_0.id,
        r1_0.role_name 
    from
        roles r1_0 
    where
        r1_0.id=?
2026-02-08 09:56:04.606 | DEBUG | [http-nio-0.0.0.0-8082-exec-1] | org.hibernate.SQL.logStatement | 
    select
        u1_0.id,
        u1_0.is_deleted,
        u1_0.email,
        u1_0.last_login,
        u1_0.name,
        u1_0.password,
        u1_0.refresh_token,
        u1_0.role_id 
    from
        users u1_0 
    where
        upper(u1_0.email)=upper(?)
2026-02-08 09:56:04.754 | DEBUG | [http-nio-0.0.0.0-8082-exec-1] | org.hibernate.SQL.logStatement | 
    update
        users 
    set
        is_deleted=?,
        email=?,
        last_login=?,
        name=?,
        password=?,
        refresh_token=?,
        role_id=? 
    where
        id=?
2026-02-08 09:56:04.763 | INFO  | [http-nio-0.0.0.0-8082-exec-1] | c.e.b.controller.auth.AuthController.login | Login successful for email: inamm@gmail.com
2026-02-08 09:56:06.889 | INFO  | [http-nio-0.0.0.0-8082-exec-5] | c.e.b.c.contact.ContactController.listContacts | email inamm@gmail.com
2026-02-08 09:56:06.929 | DEBUG | [http-nio-0.0.0.0-8082-exec-5] | org.hibernate.SQL.logStatement | 
    select
        c1_0.id,
        c1_0.first_name,
        c1_0.last_name,
        c1_0.title,
        c1_0.user_id 
    from
        contacts c1_0 
    join
        users u1_0 
            on u1_0.id=c1_0.user_id 
    where
        u1_0.email=? 
        and (
            ? is null 
            or ?='' 
            or lower(c1_0.first_name) like lower(('%'||?||'%')) escape '' 
            or lower(c1_0.last_name) like lower(('%'||?||'%')) escape ''
        ) 
    order by
        c1_0.first_name 
    fetch
        first ? rows only
2026-02-08 09:56:06.948 | DEBUG | [http-nio-0.0.0.0-8082-exec-5] | org.hibernate.SQL.logStatement | 
    select
        e1_0.contact_id,
        e1_0.id,
        e1_0.email_address,
        e1_0.label 
    from
        contact_emails e1_0 
    where
        e1_0.contact_id=?
2026-02-08 09:56:06.956 | DEBUG | [http-nio-0.0.0.0-8082-exec-5] | org.hibernate.SQL.logStatement | 
    select
        p1_0.contact_id,
        p1_0.id,
        p1_0.label,
        p1_0.phone_number 
    from
        contact_phones p1_0 
    where
        p1_0.contact_id=?
2026-02-08 09:56:06.961 | DEBUG | [http-nio-0.0.0.0-8082-exec-5] | org.hibernate.SQL.logStatement | 
    select
        e1_0.contact_id,
        e1_0.id,
        e1_0.email_address,
        e1_0.label 
    from
        contact_emails e1_0 
    where
        e1_0.contact_id=?
2026-02-08 09:56:06.964 | DEBUG | [http-nio-0.0.0.0-8082-exec-5] | org.hibernate.SQL.logStatement | 
    select
        p1_0.contact_id,
        p1_0.id,
        p1_0.label,
        p1_0.phone_number 
    from
        contact_phones p1_0 
    where
        p1_0.contact_id=?
2026-02-08 09:56:06.966 | DEBUG | [http-nio-0.0.0.0-8082-exec-5] | org.hibernate.SQL.logStatement | 
    select
        e1_0.contact_id,
        e1_0.id,
        e1_0.email_address,
        e1_0.label 
    from
        contact_emails e1_0 
    where
        e1_0.contact_id=?
2026-02-08 09:56:06.968 | DEBUG | [http-nio-0.0.0.0-8082-exec-5] | org.hibernate.SQL.logStatement | 
    select
        p1_0.contact_id,
        p1_0.id,
        p1_0.label,
        p1_0.phone_number 
    from
        contact_phones p1_0 
    where
        p1_0.contact_id=?
2026-02-08 09:56:06.971 | DEBUG | [http-nio-0.0.0.0-8082-exec-5] | org.hibernate.SQL.logStatement | 
    select
        e1_0.contact_id,
        e1_0.id,
        e1_0.email_address,
        e1_0.label 
    from
        contact_emails e1_0 
    where
        e1_0.contact_id=?
2026-02-08 09:56:06.972 | DEBUG | [http-nio-0.0.0.0-8082-exec-5] | org.hibernate.SQL.logStatement | 
    select
        p1_0.contact_id,
        p1_0.id,
        p1_0.label,
        p1_0.phone_number 
    from
        contact_phones p1_0 
    where
        p1_0.contact_id=?
2026-02-08 09:56:06.974 | DEBUG | [http-nio-0.0.0.0-8082-exec-5] | org.hibernate.SQL.logStatement | 
    select
        e1_0.contact_id,
        e1_0.id,
        e1_0.email_address,
        e1_0.label 
    from
        contact_emails e1_0 
    where
        e1_0.contact_id=?
2026-02-08 09:56:06.976 | DEBUG | [http-nio-0.0.0.0-8082-exec-5] | org.hibernate.SQL.logStatement | 
    select
        p1_0.contact_id,
        p1_0.id,
        p1_0.label,
        p1_0.phone_number 
    from
        contact_phones p1_0 
    where
        p1_0.contact_id=?
2026-02-08 09:56:06.979 | DEBUG | [http-nio-0.0.0.0-8082-exec-5] | org.hibernate.SQL.logStatement | 
    select
        e1_0.contact_id,
        e1_0.id,
        e1_0.email_address,
        e1_0.label 
    from
        contact_emails e1_0 
    where
        e1_0.contact_id=?
2026-02-08 09:56:06.981 | DEBUG | [http-nio-0.0.0.0-8082-exec-5] | org.hibernate.SQL.logStatement | 
    select
        p1_0.contact_id,
        p1_0.id,
        p1_0.label,
        p1_0.phone_number 
    from
        contact_phones p1_0 
    where
        p1_0.contact_id=?
2026-02-08 09:56:06.983 | DEBUG | [http-nio-0.0.0.0-8082-exec-5] | org.hibernate.SQL.logStatement | 
    select
        e1_0.contact_id,
        e1_0.id,
        e1_0.email_address,
        e1_0.label 
    from
        contact_emails e1_0 
    where
        e1_0.contact_id=?
2026-02-08 09:56:06.985 | DEBUG | [http-nio-0.0.0.0-8082-exec-5] | org.hibernate.SQL.logStatement | 
    select
        p1_0.contact_id,
        p1_0.id,
        p1_0.label,
        p1_0.phone_number 
    from
        contact_phones p1_0 
    where
        p1_0.contact_id=?
2026-02-08 09:56:06.987 | DEBUG | [http-nio-0.0.0.0-8082-exec-5] | org.hibernate.SQL.logStatement | 
    select
        e1_0.contact_id,
        e1_0.id,
        e1_0.email_address,
        e1_0.label 
    from
        contact_emails e1_0 
    where
        e1_0.contact_id=?
2026-02-08 09:56:06.988 | DEBUG | [http-nio-0.0.0.0-8082-exec-5] | org.hibernate.SQL.logStatement | 
    select
        p1_0.contact_id,
        p1_0.id,
        p1_0.label,
        p1_0.phone_number 
    from
        contact_phones p1_0 
    where
        p1_0.contact_id=?
2026-02-08 09:56:06.990 | INFO  | [http-nio-0.0.0.0-8082-exec-5] | c.e.b.c.contact.ContactController.listContacts | contacts Page 1 of 1 containing com.example.backend.dto.contact.ContactResponseDto instances
2026-02-08 09:56:07.074 | INFO  | [http-nio-0.0.0.0-8082-exec-7] | c.e.b.c.contact.ContactController.listContacts | email inamm@gmail.com
2026-02-08 09:56:07.077 | DEBUG | [http-nio-0.0.0.0-8082-exec-7] | org.hibernate.SQL.logStatement | 
    select
        c1_0.id,
        c1_0.first_name,
        c1_0.last_name,
        c1_0.title,
        c1_0.user_id 
    from
        contacts c1_0 
    join
        users u1_0 
            on u1_0.id=c1_0.user_id 
    where
        u1_0.email=? 
        and (
            ? is null 
            or ?='' 
            or lower(c1_0.first_name) like lower(('%'||?||'%')) escape '' 
            or lower(c1_0.last_name) like lower(('%'||?||'%')) escape ''
        ) 
    order by
        c1_0.first_name 
    fetch
        first ? rows only
2026-02-08 09:56:07.082 | DEBUG | [http-nio-0.0.0.0-8082-exec-7] | org.hibernate.SQL.logStatement | 
    select
        e1_0.contact_id,
        e1_0.id,
        e1_0.email_address,
        e1_0.label 
    from
        contact_emails e1_0 
    where
        e1_0.contact_id=?
2026-02-08 09:56:07.084 | DEBUG | [http-nio-0.0.0.0-8082-exec-7] | org.hibernate.SQL.logStatement | 
    select
        p1_0.contact_id,
        p1_0.id,
        p1_0.label,
        p1_0.phone_number 
    from
        contact_phones p1_0 
    where
        p1_0.contact_id=?
2026-02-08 09:56:07.086 | DEBUG | [http-nio-0.0.0.0-8082-exec-7] | org.hibernate.SQL.logStatement | 
    select
        e1_0.contact_id,
        e1_0.id,
        e1_0.email_address,
        e1_0.label 
    from
        contact_emails e1_0 
    where
        e1_0.contact_id=?
2026-02-08 09:56:07.088 | DEBUG | [http-nio-0.0.0.0-8082-exec-7] | org.hibernate.SQL.logStatement | 
    select
        p1_0.contact_id,
        p1_0.id,
        p1_0.label,
        p1_0.phone_number 
    from
        contact_phones p1_0 
    where
        p1_0.contact_id=?
2026-02-08 09:56:07.090 | DEBUG | [http-nio-0.0.0.0-8082-exec-7] | org.hibernate.SQL.logStatement | 
    select
        e1_0.contact_id,
        e1_0.id,
        e1_0.email_address,
        e1_0.label 
    from
        contact_emails e1_0 
    where
        e1_0.contact_id=?
2026-02-08 09:56:07.091 | DEBUG | [http-nio-0.0.0.0-8082-exec-7] | org.hibernate.SQL.logStatement | 
    select
        p1_0.contact_id,
        p1_0.id,
        p1_0.label,
        p1_0.phone_number 
    from
        contact_phones p1_0 
    where
        p1_0.contact_id=?
2026-02-08 09:56:07.093 | DEBUG | [http-nio-0.0.0.0-8082-exec-7] | org.hibernate.SQL.logStatement | 
    select
        e1_0.contact_id,
        e1_0.id,
        e1_0.email_address,
        e1_0.label 
    from
        contact_emails e1_0 
    where
        e1_0.contact_id=?
2026-02-08 09:56:07.094 | DEBUG | [http-nio-0.0.0.0-8082-exec-7] | org.hibernate.SQL.logStatement | 
    select
        p1_0.contact_id,
        p1_0.id,
        p1_0.label,
        p1_0.phone_number 
    from
        contact_phones p1_0 
    where
        p1_0.contact_id=?
2026-02-08 09:56:07.095 | DEBUG | [http-nio-0.0.0.0-8082-exec-7] | org.hibernate.SQL.logStatement | 
    select
        e1_0.contact_id,
        e1_0.id,
        e1_0.email_address,
        e1_0.label 
    from
        contact_emails e1_0 
    where
        e1_0.contact_id=?
2026-02-08 09:56:07.097 | DEBUG | [http-nio-0.0.0.0-8082-exec-7] | org.hibernate.SQL.logStatement | 
    select
        p1_0.contact_id,
        p1_0.id,
        p1_0.label,
        p1_0.phone_number 
    from
        contact_phones p1_0 
    where
        p1_0.contact_id=?
2026-02-08 09:56:07.100 | DEBUG | [http-nio-0.0.0.0-8082-exec-7] | org.hibernate.SQL.logStatement | 
    select
        e1_0.contact_id,
        e1_0.id,
        e1_0.email_address,
        e1_0.label 
    from
        contact_emails e1_0 
    where
        e1_0.contact_id=?
2026-02-08 09:56:07.104 | DEBUG | [http-nio-0.0.0.0-8082-exec-7] | org.hibernate.SQL.logStatement | 
    select
        p1_0.contact_id,
        p1_0.id,
        p1_0.label,
        p1_0.phone_number 
    from
        contact_phones p1_0 
    where
        p1_0.contact_id=?
2026-02-08 09:56:07.106 | DEBUG | [http-nio-0.0.0.0-8082-exec-7] | org.hibernate.SQL.logStatement | 
    select
        e1_0.contact_id,
        e1_0.id,
        e1_0.email_address,
        e1_0.label 
    from
        contact_emails e1_0 
    where
        e1_0.contact_id=?
2026-02-08 09:56:07.108 | DEBUG | [http-nio-0.0.0.0-8082-exec-7] | org.hibernate.SQL.logStatement | 
    select
        p1_0.contact_id,
        p1_0.id,
        p1_0.label,
        p1_0.phone_number 
    from
        contact_phones p1_0 
    where
        p1_0.contact_id=?
2026-02-08 09:56:07.111 | DEBUG | [http-nio-0.0.0.0-8082-exec-7] | org.hibernate.SQL.logStatement | 
    select
        e1_0.contact_id,
        e1_0.id,
        e1_0.email_address,
        e1_0.label 
    from
        contact_emails e1_0 
    where
        e1_0.contact_id=?
2026-02-08 09:56:07.114 | DEBUG | [http-nio-0.0.0.0-8082-exec-7] | org.hibernate.SQL.logStatement | 
    select
        p1_0.contact_id,
        p1_0.id,
        p1_0.label,
        p1_0.phone_number 
    from
        contact_phones p1_0 
    where
        p1_0.contact_id=?
2026-02-08 09:56:07.116 | INFO  | [http-nio-0.0.0.0-8082-exec-7] | c.e.b.c.contact.ContactController.listContacts | contacts Page 1 of 1 containing com.example.backend.dto.contact.ContactResponseDto instances
2026-02-08 10:22:55.375 | INFO  | [http-nio-0.0.0.0-8082-exec-10] | c.e.b.c.contact.ContactController.listContacts | email inamm@gmail.com
2026-02-08 10:22:55.377 | DEBUG | [http-nio-0.0.0.0-8082-exec-10] | org.hibernate.SQL.logStatement | 
    select
        c1_0.id,
        c1_0.first_name,
        c1_0.last_name,
        c1_0.title,
        c1_0.user_id 
    from
        contacts c1_0 
    join
        users u1_0 
            on u1_0.id=c1_0.user_id 
    where
        u1_0.email=? 
        and (
            ? is null 
            or ?='' 
            or lower(c1_0.first_name) like lower(('%'||?||'%')) escape '' 
            or lower(c1_0.last_name) like lower(('%'||?||'%')) escape ''
        ) 
    order by
        c1_0.first_name 
    fetch
        first ? rows only
2026-02-08 10:22:55.384 | DEBUG | [http-nio-0.0.0.0-8082-exec-10] | org.hibernate.SQL.logStatement | 
    select
        e1_0.contact_id,
        e1_0.id,
        e1_0.email_address,
        e1_0.label 
    from
        contact_emails e1_0 
    where
        e1_0.contact_id=?
2026-02-08 10:22:55.386 | DEBUG | [http-nio-0.0.0.0-8082-exec-10] | org.hibernate.SQL.logStatement | 
    select
        p1_0.contact_id,
        p1_0.id,
        p1_0.label,
        p1_0.phone_number 
    from
        contact_phones p1_0 
    where
        p1_0.contact_id=?
2026-02-08 10:22:55.387 | DEBUG | [http-nio-0.0.0.0-8082-exec-10] | org.hibernate.SQL.logStatement | 
    select
        e1_0.contact_id,
        e1_0.id,
        e1_0.email_address,
        e1_0.label 
    from
        contact_emails e1_0 
    where
        e1_0.contact_id=?
2026-02-08 10:22:55.388 | DEBUG | [http-nio-0.0.0.0-8082-exec-10] | org.hibernate.SQL.logStatement | 
    select
        p1_0.contact_id,
        p1_0.id,
        p1_0.label,
        p1_0.phone_number 
    from
        contact_phones p1_0 
    where
        p1_0.contact_id=?
2026-02-08 10:22:55.390 | DEBUG | [http-nio-0.0.0.0-8082-exec-10] | org.hibernate.SQL.logStatement | 
    select
        e1_0.contact_id,
        e1_0.id,
        e1_0.email_address,
        e1_0.label 
    from
        contact_emails e1_0 
    where
        e1_0.contact_id=?
2026-02-08 10:22:55.391 | DEBUG | [http-nio-0.0.0.0-8082-exec-10] | org.hibernate.SQL.logStatement | 
    select
        p1_0.contact_id,
        p1_0.id,
        p1_0.label,
        p1_0.phone_number 
    from
        contact_phones p1_0 
    where
        p1_0.contact_id=?
2026-02-08 10:22:55.392 | DEBUG | [http-nio-0.0.0.0-8082-exec-10] | org.hibernate.SQL.logStatement | 
    select
        e1_0.contact_id,
        e1_0.id,
        e1_0.email_address,
        e1_0.label 
    from
        contact_emails e1_0 
    where
        e1_0.contact_id=?
2026-02-08 10:22:55.393 | DEBUG | [http-nio-0.0.0.0-8082-exec-10] | org.hibernate.SQL.logStatement | 
    select
        p1_0.contact_id,
        p1_0.id,
        p1_0.label,
        p1_0.phone_number 
    from
        contact_phones p1_0 
    where
        p1_0.contact_id=?
2026-02-08 10:22:55.396 | DEBUG | [http-nio-0.0.0.0-8082-exec-10] | org.hibernate.SQL.logStatement | 
    select
        e1_0.contact_id,
        e1_0.id,
        e1_0.email_address,
        e1_0.label 
    from
        contact_emails e1_0 
    where
        e1_0.contact_id=?
2026-02-08 10:22:55.398 | DEBUG | [http-nio-0.0.0.0-8082-exec-10] | org.hibernate.SQL.logStatement | 
    select
        p1_0.contact_id,
        p1_0.id,
        p1_0.label,
        p1_0.phone_number 
    from
        contact_phones p1_0 
    where
        p1_0.contact_id=?
2026-02-08 10:22:55.401 | DEBUG | [http-nio-0.0.0.0-8082-exec-10] | org.hibernate.SQL.logStatement | 
    select
        e1_0.contact_id,
        e1_0.id,
        e1_0.email_address,
        e1_0.label 
    from
        contact_emails e1_0 
    where
        e1_0.contact_id=?
2026-02-08 10:22:55.403 | DEBUG | [http-nio-0.0.0.0-8082-exec-10] | org.hibernate.SQL.logStatement | 
    select
        p1_0.contact_id,
        p1_0.id,
        p1_0.label,
        p1_0.phone_number 
    from
        contact_phones p1_0 
    where
        p1_0.contact_id=?
2026-02-08 10:22:55.405 | DEBUG | [http-nio-0.0.0.0-8082-exec-10] | org.hibernate.SQL.logStatement | 
    select
        e1_0.contact_id,
        e1_0.id,
        e1_0.email_address,
        e1_0.label 
    from
        contact_emails e1_0 
    where
        e1_0.contact_id=?
2026-02-08 10:22:55.406 | DEBUG | [http-nio-0.0.0.0-8082-exec-10] | org.hibernate.SQL.logStatement | 
    select
        p1_0.contact_id,
        p1_0.id,
        p1_0.label,
        p1_0.phone_number 
    from
        contact_phones p1_0 
    where
        p1_0.contact_id=?
2026-02-08 10:22:55.408 | DEBUG | [http-nio-0.0.0.0-8082-exec-10] | org.hibernate.SQL.logStatement | 
    select
        e1_0.contact_id,
        e1_0.id,
        e1_0.email_address,
        e1_0.label 
    from
        contact_emails e1_0 
    where
        e1_0.contact_id=?
2026-02-08 10:22:55.410 | DEBUG | [http-nio-0.0.0.0-8082-exec-10] | org.hibernate.SQL.logStatement | 
    select
        p1_0.contact_id,
        p1_0.id,
        p1_0.label,
        p1_0.phone_number 
    from
        contact_phones p1_0 
    where
        p1_0.contact_id=?
2026-02-08 10:22:55.413 | INFO  | [http-nio-0.0.0.0-8082-exec-10] | c.e.b.c.contact.ContactController.listContacts | contacts Page 1 of 1 containing com.example.backend.dto.contact.ContactResponseDto instances
2026-02-08 10:30:17.536 | DEBUG | [http-nio-0.0.0.0-8082-exec-3] | org.hibernate.SQL.logStatement | 
    select
        u1_0.id,
        u1_0.is_deleted,
        u1_0.email,
        u1_0.last_login,
        u1_0.name,
        u1_0.password,
        u1_0.refresh_token,
        u1_0.role_id 
    from
        users u1_0 
    where
        upper(u1_0.email)=upper(?)
2026-02-08 10:30:17.541 | DEBUG | [http-nio-0.0.0.0-8082-exec-3] | org.hibernate.SQL.logStatement | 
    select
        r1_0.id,
        r1_0.role_name 
    from
        roles r1_0 
    where
        r1_0.id=?
2026-02-08 10:30:17.628 | DEBUG | [http-nio-0.0.0.0-8082-exec-3] | org.hibernate.SQL.logStatement | 
    select
        u1_0.id,
        u1_0.is_deleted,
        u1_0.email,
        u1_0.last_login,
        u1_0.name,
        u1_0.password,
        u1_0.refresh_token,
        u1_0.role_id 
    from
        users u1_0 
    where
        upper(u1_0.email)=upper(?)
2026-02-08 10:30:17.633 | DEBUG | [http-nio-0.0.0.0-8082-exec-3] | org.hibernate.SQL.logStatement | 
    update
        users 
    set
        is_deleted=?,
        email=?,
        last_login=?,
        name=?,
        password=?,
        refresh_token=?,
        role_id=? 
    where
        id=?
2026-02-08 10:30:17.638 | INFO  | [http-nio-0.0.0.0-8082-exec-3] | c.e.b.controller.auth.AuthController.login | Login successful for email: inamm@gmail.com
2026-02-08 10:30:19.276 | INFO  | [http-nio-0.0.0.0-8082-exec-7] | c.e.b.c.contact.ContactController.listContacts | email inamm@gmail.com
2026-02-08 10:30:19.279 | DEBUG | [http-nio-0.0.0.0-8082-exec-7] | org.hibernate.SQL.logStatement | 
    select
        c1_0.id,
        c1_0.first_name,
        c1_0.last_name,
        c1_0.title,
        c1_0.user_id 
    from
        contacts c1_0 
    join
        users u1_0 
            on u1_0.id=c1_0.user_id 
    where
        u1_0.email=? 
        and (
            ? is null 
            or ?='' 
            or lower(c1_0.first_name) like lower(('%'||?||'%')) escape '' 
            or lower(c1_0.last_name) like lower(('%'||?||'%')) escape ''
        ) 
    order by
        c1_0.first_name 
    fetch
        first ? rows only
2026-02-08 10:30:19.287 | DEBUG | [http-nio-0.0.0.0-8082-exec-7] | org.hibernate.SQL.logStatement | 
    select
        e1_0.contact_id,
        e1_0.id,
        e1_0.email_address,
        e1_0.label 
    from
        contact_emails e1_0 
    where
        e1_0.contact_id=?
2026-02-08 10:30:19.290 | DEBUG | [http-nio-0.0.0.0-8082-exec-7] | org.hibernate.SQL.logStatement | 
    select
        p1_0.contact_id,
        p1_0.id,
        p1_0.label,
        p1_0.phone_number 
    from
        contact_phones p1_0 
    where
        p1_0.contact_id=?
2026-02-08 10:30:19.293 | DEBUG | [http-nio-0.0.0.0-8082-exec-7] | org.hibernate.SQL.logStatement | 
    select
        e1_0.contact_id,
        e1_0.id,
        e1_0.email_address,
        e1_0.label 
    from
        contact_emails e1_0 
    where
        e1_0.contact_id=?
2026-02-08 10:30:19.295 | DEBUG | [http-nio-0.0.0.0-8082-exec-7] | org.hibernate.SQL.logStatement | 
    select
        p1_0.contact_id,
        p1_0.id,
        p1_0.label,
        p1_0.phone_number 
    from
        contact_phones p1_0 
    where
        p1_0.contact_id=?
2026-02-08 10:30:19.296 | DEBUG | [http-nio-0.0.0.0-8082-exec-7] | org.hibernate.SQL.logStatement | 
    select
        e1_0.contact_id,
        e1_0.id,
        e1_0.email_address,
        e1_0.label 
    from
        contact_emails e1_0 
    where
        e1_0.contact_id=?
2026-02-08 10:30:19.298 | DEBUG | [http-nio-0.0.0.0-8082-exec-7] | org.hibernate.SQL.logStatement | 
    select
        p1_0.contact_id,
        p1_0.id,
        p1_0.label,
        p1_0.phone_number 
    from
        contact_phones p1_0 
    where
        p1_0.contact_id=?
2026-02-08 10:30:19.299 | DEBUG | [http-nio-0.0.0.0-8082-exec-7] | org.hibernate.SQL.logStatement | 
    select
        e1_0.contact_id,
        e1_0.id,
        e1_0.email_address,
        e1_0.label 
    from
        contact_emails e1_0 
    where
        e1_0.contact_id=?
2026-02-08 10:30:19.301 | DEBUG | [http-nio-0.0.0.0-8082-exec-7] | org.hibernate.SQL.logStatement | 
    select
        p1_0.contact_id,
        p1_0.id,
        p1_0.label,
        p1_0.phone_number 
    from
        contact_phones p1_0 
    where
        p1_0.contact_id=?
2026-02-08 10:30:19.302 | DEBUG | [http-nio-0.0.0.0-8082-exec-7] | org.hibernate.SQL.logStatement | 
    select
        e1_0.contact_id,
        e1_0.id,
        e1_0.email_address,
        e1_0.label 
    from
        contact_emails e1_0 
    where
        e1_0.contact_id=?
2026-02-08 10:30:19.304 | DEBUG | [http-nio-0.0.0.0-8082-exec-7] | org.hibernate.SQL.logStatement | 
    select
        p1_0.contact_id,
        p1_0.id,
        p1_0.label,
        p1_0.phone_number 
    from
        contact_phones p1_0 
    where
        p1_0.contact_id=?
2026-02-08 10:30:19.305 | DEBUG | [http-nio-0.0.0.0-8082-exec-7] | org.hibernate.SQL.logStatement | 
    select
        e1_0.contact_id,
        e1_0.id,
        e1_0.email_address,
        e1_0.label 
    from
        contact_emails e1_0 
    where
        e1_0.contact_id=?
2026-02-08 10:30:19.306 | DEBUG | [http-nio-0.0.0.0-8082-exec-7] | org.hibernate.SQL.logStatement | 
    select
        p1_0.contact_id,
        p1_0.id,
        p1_0.label,
        p1_0.phone_number 
    from
        contact_phones p1_0 
    where
        p1_0.contact_id=?
2026-02-08 10:30:19.307 | DEBUG | [http-nio-0.0.0.0-8082-exec-7] | org.hibernate.SQL.logStatement | 
    select
        e1_0.contact_id,
        e1_0.id,
        e1_0.email_address,
        e1_0.label 
    from
        contact_emails e1_0 
    where
        e1_0.contact_id=?
2026-02-08 10:30:19.309 | DEBUG | [http-nio-0.0.0.0-8082-exec-7] | org.hibernate.SQL.logStatement | 
    select
        p1_0.contact_id,
        p1_0.id,
        p1_0.label,
        p1_0.phone_number 
    from
        contact_phones p1_0 
    where
        p1_0.contact_id=?
2026-02-08 10:30:19.310 | DEBUG | [http-nio-0.0.0.0-8082-exec-7] | org.hibernate.SQL.logStatement | 
    select
        e1_0.contact_id,
        e1_0.id,
        e1_0.email_address,
        e1_0.label 
    from
        contact_emails e1_0 
    where
        e1_0.contact_id=?
2026-02-08 10:30:19.312 | DEBUG | [http-nio-0.0.0.0-8082-exec-7] | org.hibernate.SQL.logStatement | 
    select
        p1_0.contact_id,
        p1_0.id,
        p1_0.label,
        p1_0.phone_number 
    from
        contact_phones p1_0 
    where
        p1_0.contact_id=?
2026-02-08 10:30:19.313 | INFO  | [http-nio-0.0.0.0-8082-exec-7] | c.e.b.c.contact.ContactController.listContacts | contacts Page 1 of 1 containing com.example.backend.dto.contact.ContactResponseDto instances
2026-02-08 10:30:19.324 | INFO  | [http-nio-0.0.0.0-8082-exec-8] | c.e.b.c.contact.ContactController.listContacts | email inamm@gmail.com
2026-02-08 10:30:19.325 | DEBUG | [http-nio-0.0.0.0-8082-exec-8] | org.hibernate.SQL.logStatement | 
    select
        c1_0.id,
        c1_0.first_name,
        c1_0.last_name,
        c1_0.title,
        c1_0.user_id 
    from
        contacts c1_0 
    join
        users u1_0 
            on u1_0.id=c1_0.user_id 
    where
        u1_0.email=? 
        and (
            ? is null 
            or ?='' 
            or lower(c1_0.first_name) like lower(('%'||?||'%')) escape '' 
            or lower(c1_0.last_name) like lower(('%'||?||'%')) escape ''
        ) 
    order by
        c1_0.first_name 
    fetch
        first ? rows only
2026-02-08 10:30:19.329 | DEBUG | [http-nio-0.0.0.0-8082-exec-8] | org.hibernate.SQL.logStatement | 
    select
        e1_0.contact_id,
        e1_0.id,
        e1_0.email_address,
        e1_0.label 
    from
        contact_emails e1_0 
    where
        e1_0.contact_id=?
2026-02-08 10:30:19.330 | DEBUG | [http-nio-0.0.0.0-8082-exec-8] | org.hibernate.SQL.logStatement | 
    select
        p1_0.contact_id,
        p1_0.id,
        p1_0.label,
        p1_0.phone_number 
    from
        contact_phones p1_0 
    where
        p1_0.contact_id=?
2026-02-08 10:30:19.332 | DEBUG | [http-nio-0.0.0.0-8082-exec-8] | org.hibernate.SQL.logStatement | 
    select
        e1_0.contact_id,
        e1_0.id,
        e1_0.email_address,
        e1_0.label 
    from
        contact_emails e1_0 
    where
        e1_0.contact_id=?
2026-02-08 10:30:19.333 | DEBUG | [http-nio-0.0.0.0-8082-exec-8] | org.hibernate.SQL.logStatement | 
    select
        p1_0.contact_id,
        p1_0.id,
        p1_0.label,
        p1_0.phone_number 
    from
        contact_phones p1_0 
    where
        p1_0.contact_id=?
2026-02-08 10:30:19.334 | DEBUG | [http-nio-0.0.0.0-8082-exec-8] | org.hibernate.SQL.logStatement | 
    select
        e1_0.contact_id,
        e1_0.id,
        e1_0.email_address,
        e1_0.label 
    from
        contact_emails e1_0 
    where
        e1_0.contact_id=?
2026-02-08 10:30:19.335 | DEBUG | [http-nio-0.0.0.0-8082-exec-8] | org.hibernate.SQL.logStatement | 
    select
        p1_0.contact_id,
        p1_0.id,
        p1_0.label,
        p1_0.phone_number 
    from
        contact_phones p1_0 
    where
        p1_0.contact_id=?
2026-02-08 10:30:19.337 | DEBUG | [http-nio-0.0.0.0-8082-exec-8] | org.hibernate.SQL.logStatement | 
    select
        e1_0.contact_id,
        e1_0.id,
        e1_0.email_address,
        e1_0.label 
    from
        contact_emails e1_0 
    where
        e1_0.contact_id=?
2026-02-08 10:30:19.338 | DEBUG | [http-nio-0.0.0.0-8082-exec-8] | org.hibernate.SQL.logStatement | 
    select
        p1_0.contact_id,
        p1_0.id,
        p1_0.label,
        p1_0.phone_number 
    from
        contact_phones p1_0 
    where
        p1_0.contact_id=?
2026-02-08 10:30:19.339 | DEBUG | [http-nio-0.0.0.0-8082-exec-8] | org.hibernate.SQL.logStatement | 
    select
        e1_0.contact_id,
        e1_0.id,
        e1_0.email_address,
        e1_0.label 
    from
        contact_emails e1_0 
    where
        e1_0.contact_id=?
2026-02-08 10:30:19.340 | DEBUG | [http-nio-0.0.0.0-8082-exec-8] | org.hibernate.SQL.logStatement | 
    select
        p1_0.contact_id,
        p1_0.id,
        p1_0.label,
        p1_0.phone_number 
    from
        contact_phones p1_0 
    where
        p1_0.contact_id=?
2026-02-08 10:30:19.342 | DEBUG | [http-nio-0.0.0.0-8082-exec-8] | org.hibernate.SQL.logStatement | 
    select
        e1_0.contact_id,
        e1_0.id,
        e1_0.email_address,
        e1_0.label 
    from
        contact_emails e1_0 
    where
        e1_0.contact_id=?
2026-02-08 10:30:19.344 | DEBUG | [http-nio-0.0.0.0-8082-exec-8] | org.hibernate.SQL.logStatement | 
    select
        p1_0.contact_id,
        p1_0.id,
        p1_0.label,
        p1_0.phone_number 
    from
        contact_phones p1_0 
    where
        p1_0.contact_id=?
2026-02-08 10:30:19.345 | DEBUG | [http-nio-0.0.0.0-8082-exec-8] | org.hibernate.SQL.logStatement | 
    select
        e1_0.contact_id,
        e1_0.id,
        e1_0.email_address,
        e1_0.label 
    from
        contact_emails e1_0 
    where
        e1_0.contact_id=?
2026-02-08 10:30:19.346 | DEBUG | [http-nio-0.0.0.0-8082-exec-8] | org.hibernate.SQL.logStatement | 
    select
        p1_0.contact_id,
        p1_0.id,
        p1_0.label,
        p1_0.phone_number 
    from
        contact_phones p1_0 
    where
        p1_0.contact_id=?
2026-02-08 10:30:19.348 | DEBUG | [http-nio-0.0.0.0-8082-exec-8] | org.hibernate.SQL.logStatement | 
    select
        e1_0.contact_id,
        e1_0.id,
        e1_0.email_address,
        e1_0.label 
    from
        contact_emails e1_0 
    where
        e1_0.contact_id=?
2026-02-08 10:30:19.349 | DEBUG | [http-nio-0.0.0.0-8082-exec-8] | org.hibernate.SQL.logStatement | 
    select
        p1_0.contact_id,
        p1_0.id,
        p1_0.label,
        p1_0.phone_number 
    from
        contact_phones p1_0 
    where
        p1_0.contact_id=?
2026-02-08 10:30:19.350 | INFO  | [http-nio-0.0.0.0-8082-exec-8] | c.e.b.c.contact.ContactController.listContacts | contacts Page 1 of 1 containing com.example.backend.dto.contact.ContactResponseDto instances
2026-02-08 10:34:04.752 | INFO  | [SpringApplicationShutdownHook] | o.s.b.w.e.tomcat.GracefulShutdown.shutDownGracefully | Commencing graceful shutdown. Waiting for active requests to complete
2026-02-08 10:34:05.209 | INFO  | [tomcat-shutdown] | o.s.b.w.e.tomcat.GracefulShutdown.doShutdown | Graceful shutdown complete
2026-02-08 10:34:05.214 | INFO  | [SpringApplicationShutdownHook] | o.s.o.j.LocalContainerEntityManagerFactoryBean.destroy | Closing JPA EntityManagerFactory for persistence unit 'default'
2026-02-08 10:34:05.229 | INFO  | [SpringApplicationShutdownHook] | com.zaxxer.hikari.HikariDataSource.close | HikariPool-1 - Shutdown initiated...
2026-02-08 10:34:05.242 | INFO  | [SpringApplicationShutdownHook] | com.zaxxer.hikari.HikariDataSource.close | HikariPool-1 - Shutdown completed.
