2026-01-27 17:04:00.125 | INFO  | [background-preinit] | o.h.validator.internal.util.Version.<clinit> | HV000001: Hibernate Validator 8.0.3.Final
2026-01-27 17:04:00.197 | INFO  | [main] | c.e.Backend.BackendApplicationTests.logStarting | Starting BackendApplicationTests using Java 17.0.12 with PID 19300 (started by inam in C:\Users\inam\Desktop\Real github project\contact-management-system-Description-\Backend)
2026-01-27 17:04:00.198 | DEBUG | [main] | c.e.Backend.BackendApplicationTests.logStarting | Running with Spring Boot v3.5.9, Spring v6.2.15
2026-01-27 17:04:00.201 | INFO  | [main] | c.e.Backend.BackendApplicationTests.logStartupProfileInfo | No active profile set, falling back to 1 default profile: "default"
2026-01-27 17:04:02.075 | INFO  | [main] | o.s.d.r.c.RepositoryConfigurationDelegate.registerRepositoriesIn | Bootstrapping Spring Data JPA repositories in DEFAULT mode.
2026-01-27 17:04:02.274 | INFO  | [main] | o.s.d.r.c.RepositoryConfigurationDelegate.registerRepositoriesIn | Finished Spring Data repository scanning in 175 ms. Found 6 JPA repository interfaces.
2026-01-27 17:04:04.285 | INFO  | [main] | o.h.jpa.internal.util.LogHelper.logPersistenceUnitInformation | HHH000204: Processing PersistenceUnitInfo [name: default]
2026-01-27 17:04:04.570 | INFO  | [main] | org.hibernate.Version.logVersion | HHH000412: Hibernate ORM core version 6.6.39.Final
2026-01-27 17:04:04.671 | INFO  | [main] | o.h.c.i.RegionFactoryInitiator.initiateService | HHH000026: Second-level cache disabled
2026-01-27 17:04:05.651 | INFO  | [main] | o.s.o.j.p.SpringPersistenceUnitInfo.addTransformer | No LoadTimeWeaver setup: ignoring JPA class transformer
2026-01-27 17:04:05.761 | INFO  | [main] | com.zaxxer.hikari.HikariDataSource.getConnection | HikariPool-1 - Starting...
2026-01-27 17:04:06.213 | INFO  | [main] | com.zaxxer.hikari.pool.HikariPool.checkFailFast | HikariPool-1 - Added connection org.postgresql.jdbc.PgConnection@3bcc8f13
2026-01-27 17:04:06.216 | INFO  | [main] | com.zaxxer.hikari.HikariDataSource.getConnection | HikariPool-1 - Start completed.
2026-01-27 17:04:06.369 | INFO  | [main] | o.hibernate.orm.connections.pooling.logConnectionInfo | HHH10001005: Database info:
	Database JDBC URL [Connecting through datasource 'HikariDataSource (HikariPool-1)']
	Database driver: undefined/unknown
	Database version: 17.6
	Autocommit mode: undefined/unknown
	Isolation level: undefined/unknown
	Minimum pool size: undefined/unknown
	Maximum pool size: undefined/unknown
2026-01-27 17:04:10.315 | INFO  | [main] | o.h.e.t.j.p.i.JtaPlatformInitiator.initiateService | HHH000489: No JTA platform available (set 'hibernate.transaction.jta.platform' to enable JTA platform integration)
2026-01-27 17:04:10.661 | INFO  | [main] | o.s.o.j.LocalContainerEntityManagerFactoryBean.buildNativeEntityManagerFactory | Initialized JPA EntityManagerFactory for persistence unit 'default'
2026-01-27 17:04:11.968 | INFO  | [main] | o.s.d.j.r.query.QueryEnhancerFactory.<clinit> | Hibernate is in classpath; If applicable, HQL parser will be used.
2026-01-27 17:04:15.456 | WARN  | [main] | o.s.b.a.o.j.JpaBaseConfiguration$JpaWebConfiguration.openEntityManagerInViewInterceptor | spring.jpa.open-in-view is enabled by default. Therefore, database queries may be performed during view rendering. Explicitly configure spring.jpa.open-in-view to disable this warning
2026-01-27 17:04:16.207 | INFO  | [main] | o.s.s.c.a.a.c.InitializeAuthenticationProviderBeanManagerConfigurer$InitializeAuthenticationProviderManagerConfigurer.configure | Global AuthenticationManager configured with AuthenticationProvider bean with name authenticationProvider
2026-01-27 17:04:16.209 | WARN  | [main] | o.s.s.c.a.a.c.InitializeUserDetailsBeanManagerConfigurer$InitializeUserDetailsManagerConfigurer.configure | Global AuthenticationManager configured with an AuthenticationProvider bean. UserDetailsService beans will not be used by Spring Security for automatically configuring username/password login. Consider removing the AuthenticationProvider bean. Alternatively, consider using the UserDetailsService in a manually instantiated DaoAuthenticationProvider. If the current configuration is intentional, to turn off this warning, increase the logging level of 'org.springframework.security.config.annotation.authentication.configuration.InitializeUserDetailsBeanManagerConfigurer' to ERROR
2026-01-27 17:04:17.127 | INFO  | [main] | c.e.Backend.BackendApplicationTests.logStarted | Started BackendApplicationTests in 17.922 seconds (process running for 20.764)
2026-01-27 17:04:17.309 | DEBUG | [main] | org.hibernate.SQL.logStatement | 
    select
        r1_0.id,
        r1_0.role_name 
    from
        roles r1_0
2026-01-27 17:04:18.225 | INFO  | [SpringApplicationShutdownHook] | o.s.o.j.LocalContainerEntityManagerFactoryBean.destroy | Closing JPA EntityManagerFactory for persistence unit 'default'
2026-01-27 17:04:18.231 | INFO  | [SpringApplicationShutdownHook] | com.zaxxer.hikari.HikariDataSource.close | HikariPool-1 - Shutdown initiated...
2026-01-27 17:04:18.244 | INFO  | [SpringApplicationShutdownHook] | com.zaxxer.hikari.HikariDataSource.close | HikariPool-1 - Shutdown completed.
2026-01-27 17:08:45.547 | INFO  | [background-preinit] | o.h.validator.internal.util.Version.<clinit> | HV000001: Hibernate Validator 8.0.3.Final
2026-01-27 17:08:45.606 | INFO  | [main] | c.e.Backend.BackendApplicationTests.logStarting | Starting BackendApplicationTests using Java 17.0.12 with PID 1428 (started by inam in C:\Users\inam\Desktop\Real github project\contact-management-system-Description-\Backend)
2026-01-27 17:08:45.607 | DEBUG | [main] | c.e.Backend.BackendApplicationTests.logStarting | Running with Spring Boot v3.5.9, Spring v6.2.15
2026-01-27 17:08:45.609 | INFO  | [main] | c.e.Backend.BackendApplicationTests.logStartupProfileInfo | No active profile set, falling back to 1 default profile: "default"
2026-01-27 17:08:47.270 | INFO  | [main] | o.s.d.r.c.RepositoryConfigurationDelegate.registerRepositoriesIn | Bootstrapping Spring Data JPA repositories in DEFAULT mode.
2026-01-27 17:08:47.433 | INFO  | [main] | o.s.d.r.c.RepositoryConfigurationDelegate.registerRepositoriesIn | Finished Spring Data repository scanning in 146 ms. Found 6 JPA repository interfaces.
2026-01-27 17:08:48.251 | INFO  | [main] | o.h.jpa.internal.util.LogHelper.logPersistenceUnitInformation | HHH000204: Processing PersistenceUnitInfo [name: default]
2026-01-27 17:08:48.387 | INFO  | [main] | org.hibernate.Version.logVersion | HHH000412: Hibernate ORM core version 6.6.39.Final
2026-01-27 17:08:48.456 | INFO  | [main] | o.h.c.i.RegionFactoryInitiator.initiateService | HHH000026: Second-level cache disabled
2026-01-27 17:08:49.082 | INFO  | [main] | o.s.o.j.p.SpringPersistenceUnitInfo.addTransformer | No LoadTimeWeaver setup: ignoring JPA class transformer
2026-01-27 17:08:49.142 | INFO  | [main] | com.zaxxer.hikari.HikariDataSource.getConnection | HikariPool-1 - Starting...
2026-01-27 17:08:49.436 | INFO  | [main] | com.zaxxer.hikari.pool.HikariPool.checkFailFast | HikariPool-1 - Added connection org.postgresql.jdbc.PgConnection@3cb04dd
2026-01-27 17:08:49.439 | INFO  | [main] | com.zaxxer.hikari.HikariDataSource.getConnection | HikariPool-1 - Start completed.
2026-01-27 17:08:49.563 | INFO  | [main] | o.hibernate.orm.connections.pooling.logConnectionInfo | HHH10001005: Database info:
	Database JDBC URL [Connecting through datasource 'HikariDataSource (HikariPool-1)']
	Database driver: undefined/unknown
	Database version: 17.6
	Autocommit mode: undefined/unknown
	Isolation level: undefined/unknown
	Minimum pool size: undefined/unknown
	Maximum pool size: undefined/unknown
2026-01-27 17:08:51.291 | INFO  | [main] | o.h.e.t.j.p.i.JtaPlatformInitiator.initiateService | HHH000489: No JTA platform available (set 'hibernate.transaction.jta.platform' to enable JTA platform integration)
2026-01-27 17:08:51.471 | INFO  | [main] | o.s.o.j.LocalContainerEntityManagerFactoryBean.buildNativeEntityManagerFactory | Initialized JPA EntityManagerFactory for persistence unit 'default'
2026-01-27 17:08:52.051 | INFO  | [main] | o.s.d.j.r.query.QueryEnhancerFactory.<clinit> | Hibernate is in classpath; If applicable, HQL parser will be used.
2026-01-27 17:08:54.005 | WARN  | [main] | o.s.b.a.o.j.JpaBaseConfiguration$JpaWebConfiguration.openEntityManagerInViewInterceptor | spring.jpa.open-in-view is enabled by default. Therefore, database queries may be performed during view rendering. Explicitly configure spring.jpa.open-in-view to disable this warning
2026-01-27 17:08:54.388 | INFO  | [main] | o.s.s.c.a.a.c.InitializeAuthenticationProviderBeanManagerConfigurer$InitializeAuthenticationProviderManagerConfigurer.configure | Global AuthenticationManager configured with AuthenticationProvider bean with name authenticationProvider
2026-01-27 17:08:54.389 | WARN  | [main] | o.s.s.c.a.a.c.InitializeUserDetailsBeanManagerConfigurer$InitializeUserDetailsManagerConfigurer.configure | Global AuthenticationManager configured with an AuthenticationProvider bean. UserDetailsService beans will not be used by Spring Security for automatically configuring username/password login. Consider removing the AuthenticationProvider bean. Alternatively, consider using the UserDetailsService in a manually instantiated DaoAuthenticationProvider. If the current configuration is intentional, to turn off this warning, increase the logging level of 'org.springframework.security.config.annotation.authentication.configuration.InitializeUserDetailsBeanManagerConfigurer' to ERROR
2026-01-27 17:08:55.015 | INFO  | [main] | c.e.Backend.BackendApplicationTests.logStarted | Started BackendApplicationTests in 10.077 seconds (process running for 11.775)
2026-01-27 17:08:55.560 | DEBUG | [main] | org.hibernate.SQL.logStatement | 
    select
        r1_0.id,
        r1_0.role_name 
    from
        roles r1_0
2026-01-27 17:08:56.435 | INFO  | [SpringApplicationShutdownHook] | o.s.o.j.LocalContainerEntityManagerFactoryBean.destroy | Closing JPA EntityManagerFactory for persistence unit 'default'
2026-01-27 17:08:56.439 | INFO  | [SpringApplicationShutdownHook] | com.zaxxer.hikari.HikariDataSource.close | HikariPool-1 - Shutdown initiated...
2026-01-27 17:08:56.451 | INFO  | [SpringApplicationShutdownHook] | com.zaxxer.hikari.HikariDataSource.close | HikariPool-1 - Shutdown completed.
2026-01-27 17:10:42.527 | INFO  | [background-preinit] | o.h.validator.internal.util.Version.<clinit> | HV000001: Hibernate Validator 8.0.3.Final
2026-01-27 17:10:42.592 | INFO  | [main] | c.e.Backend.BackendApplicationTests.logStarting | Starting BackendApplicationTests using Java 17.0.12 with PID 18452 (started by inam in C:\Users\inam\Desktop\Real github project\contact-management-system-Description-\Backend)
2026-01-27 17:10:42.594 | DEBUG | [main] | c.e.Backend.BackendApplicationTests.logStarting | Running with Spring Boot v3.5.9, Spring v6.2.15
2026-01-27 17:10:42.597 | INFO  | [main] | c.e.Backend.BackendApplicationTests.logStartupProfileInfo | No active profile set, falling back to 1 default profile: "default"
2026-01-27 17:10:44.229 | INFO  | [main] | o.s.d.r.c.RepositoryConfigurationDelegate.registerRepositoriesIn | Bootstrapping Spring Data JPA repositories in DEFAULT mode.
2026-01-27 17:10:44.387 | INFO  | [main] | o.s.d.r.c.RepositoryConfigurationDelegate.registerRepositoriesIn | Finished Spring Data repository scanning in 141 ms. Found 6 JPA repository interfaces.
2026-01-27 17:10:45.173 | INFO  | [main] | o.h.jpa.internal.util.LogHelper.logPersistenceUnitInformation | HHH000204: Processing PersistenceUnitInfo [name: default]
2026-01-27 17:10:45.307 | INFO  | [main] | org.hibernate.Version.logVersion | HHH000412: Hibernate ORM core version 6.6.39.Final
2026-01-27 17:10:45.382 | INFO  | [main] | o.h.c.i.RegionFactoryInitiator.initiateService | HHH000026: Second-level cache disabled
2026-01-27 17:10:45.988 | INFO  | [main] | o.s.o.j.p.SpringPersistenceUnitInfo.addTransformer | No LoadTimeWeaver setup: ignoring JPA class transformer
2026-01-27 17:10:46.045 | INFO  | [main] | com.zaxxer.hikari.HikariDataSource.getConnection | HikariPool-1 - Starting...
2026-01-27 17:10:46.361 | INFO  | [main] | com.zaxxer.hikari.pool.HikariPool.checkFailFast | HikariPool-1 - Added connection org.postgresql.jdbc.PgConnection@2ce47652
2026-01-27 17:10:46.364 | INFO  | [main] | com.zaxxer.hikari.HikariDataSource.getConnection | HikariPool-1 - Start completed.
2026-01-27 17:10:46.489 | INFO  | [main] | o.hibernate.orm.connections.pooling.logConnectionInfo | HHH10001005: Database info:
	Database JDBC URL [Connecting through datasource 'HikariDataSource (HikariPool-1)']
	Database driver: undefined/unknown
	Database version: 17.6
	Autocommit mode: undefined/unknown
	Isolation level: undefined/unknown
	Minimum pool size: undefined/unknown
	Maximum pool size: undefined/unknown
2026-01-27 17:10:49.439 | INFO  | [main] | o.h.e.t.j.p.i.JtaPlatformInitiator.initiateService | HHH000489: No JTA platform available (set 'hibernate.transaction.jta.platform' to enable JTA platform integration)
2026-01-27 17:10:49.621 | INFO  | [main] | o.s.o.j.LocalContainerEntityManagerFactoryBean.buildNativeEntityManagerFactory | Initialized JPA EntityManagerFactory for persistence unit 'default'
2026-01-27 17:10:50.300 | INFO  | [main] | o.s.d.j.r.query.QueryEnhancerFactory.<clinit> | Hibernate is in classpath; If applicable, HQL parser will be used.
2026-01-27 17:10:52.706 | WARN  | [main] | o.s.b.a.o.j.JpaBaseConfiguration$JpaWebConfiguration.openEntityManagerInViewInterceptor | spring.jpa.open-in-view is enabled by default. Therefore, database queries may be performed during view rendering. Explicitly configure spring.jpa.open-in-view to disable this warning
2026-01-27 17:10:53.472 | INFO  | [main] | o.s.s.c.a.a.c.InitializeAuthenticationProviderBeanManagerConfigurer$InitializeAuthenticationProviderManagerConfigurer.configure | Global AuthenticationManager configured with AuthenticationProvider bean with name authenticationProvider
2026-01-27 17:10:53.473 | WARN  | [main] | o.s.s.c.a.a.c.InitializeUserDetailsBeanManagerConfigurer$InitializeUserDetailsManagerConfigurer.configure | Global AuthenticationManager configured with an AuthenticationProvider bean. UserDetailsService beans will not be used by Spring Security for automatically configuring username/password login. Consider removing the AuthenticationProvider bean. Alternatively, consider using the UserDetailsService in a manually instantiated DaoAuthenticationProvider. If the current configuration is intentional, to turn off this warning, increase the logging level of 'org.springframework.security.config.annotation.authentication.configuration.InitializeUserDetailsBeanManagerConfigurer' to ERROR
2026-01-27 17:10:54.152 | INFO  | [main] | c.e.Backend.BackendApplicationTests.logStarted | Started BackendApplicationTests in 12.275 seconds (process running for 13.986)
2026-01-27 17:10:54.295 | DEBUG | [main] | org.hibernate.SQL.logStatement | 
    select
        r1_0.id,
        r1_0.role_name 
    from
        roles r1_0
2026-01-27 17:10:55.254 | INFO  | [SpringApplicationShutdownHook] | o.s.o.j.LocalContainerEntityManagerFactoryBean.destroy | Closing JPA EntityManagerFactory for persistence unit 'default'
2026-01-27 17:10:55.263 | INFO  | [SpringApplicationShutdownHook] | com.zaxxer.hikari.HikariDataSource.close | HikariPool-1 - Shutdown initiated...
2026-01-27 17:10:55.299 | INFO  | [SpringApplicationShutdownHook] | com.zaxxer.hikari.HikariDataSource.close | HikariPool-1 - Shutdown completed.
2026-01-27 17:14:39.785 | INFO  | [background-preinit] | o.h.validator.internal.util.Version.<clinit> | HV000001: Hibernate Validator 8.0.3.Final
2026-01-27 17:14:39.839 | INFO  | [main] | c.e.Backend.BackendApplicationTests.logStarting | Starting BackendApplicationTests using Java 17.0.12 with PID 19452 (started by inam in C:\Users\inam\Desktop\Real github project\contact-management-system-Description-\Backend)
2026-01-27 17:14:39.840 | DEBUG | [main] | c.e.Backend.BackendApplicationTests.logStarting | Running with Spring Boot v3.5.9, Spring v6.2.15
2026-01-27 17:14:39.842 | INFO  | [main] | c.e.Backend.BackendApplicationTests.logStartupProfileInfo | No active profile set, falling back to 1 default profile: "default"
2026-01-27 17:14:41.379 | INFO  | [main] | o.s.d.r.c.RepositoryConfigurationDelegate.registerRepositoriesIn | Bootstrapping Spring Data JPA repositories in DEFAULT mode.
2026-01-27 17:14:41.543 | INFO  | [main] | o.s.d.r.c.RepositoryConfigurationDelegate.registerRepositoriesIn | Finished Spring Data repository scanning in 148 ms. Found 6 JPA repository interfaces.
2026-01-27 17:14:42.398 | INFO  | [main] | o.h.jpa.internal.util.LogHelper.logPersistenceUnitInformation | HHH000204: Processing PersistenceUnitInfo [name: default]
2026-01-27 17:14:42.527 | INFO  | [main] | org.hibernate.Version.logVersion | HHH000412: Hibernate ORM core version 6.6.39.Final
2026-01-27 17:14:42.593 | INFO  | [main] | o.h.c.i.RegionFactoryInitiator.initiateService | HHH000026: Second-level cache disabled
2026-01-27 17:14:43.192 | INFO  | [main] | o.s.o.j.p.SpringPersistenceUnitInfo.addTransformer | No LoadTimeWeaver setup: ignoring JPA class transformer
2026-01-27 17:14:43.252 | INFO  | [main] | com.zaxxer.hikari.HikariDataSource.getConnection | HikariPool-1 - Starting...
2026-01-27 17:14:43.611 | INFO  | [main] | com.zaxxer.hikari.pool.HikariPool.checkFailFast | HikariPool-1 - Added connection org.postgresql.jdbc.PgConnection@58bad46f
2026-01-27 17:14:43.614 | INFO  | [main] | com.zaxxer.hikari.HikariDataSource.getConnection | HikariPool-1 - Start completed.
2026-01-27 17:14:43.727 | INFO  | [main] | o.hibernate.orm.connections.pooling.logConnectionInfo | HHH10001005: Database info:
	Database JDBC URL [Connecting through datasource 'HikariDataSource (HikariPool-1)']
	Database driver: undefined/unknown
	Database version: 17.6
	Autocommit mode: undefined/unknown
	Isolation level: undefined/unknown
	Minimum pool size: undefined/unknown
	Maximum pool size: undefined/unknown
2026-01-27 17:14:45.564 | INFO  | [main] | o.h.e.t.j.p.i.JtaPlatformInitiator.initiateService | HHH000489: No JTA platform available (set 'hibernate.transaction.jta.platform' to enable JTA platform integration)
2026-01-27 17:14:45.742 | INFO  | [main] | o.s.o.j.LocalContainerEntityManagerFactoryBean.buildNativeEntityManagerFactory | Initialized JPA EntityManagerFactory for persistence unit 'default'
2026-01-27 17:14:46.595 | INFO  | [main] | o.s.d.j.r.query.QueryEnhancerFactory.<clinit> | Hibernate is in classpath; If applicable, HQL parser will be used.
2026-01-27 17:14:48.401 | WARN  | [main] | o.s.b.a.o.j.JpaBaseConfiguration$JpaWebConfiguration.openEntityManagerInViewInterceptor | spring.jpa.open-in-view is enabled by default. Therefore, database queries may be performed during view rendering. Explicitly configure spring.jpa.open-in-view to disable this warning
2026-01-27 17:14:48.876 | INFO  | [main] | o.s.s.c.a.a.c.InitializeAuthenticationProviderBeanManagerConfigurer$InitializeAuthenticationProviderManagerConfigurer.configure | Global AuthenticationManager configured with AuthenticationProvider bean with name authenticationProvider
2026-01-27 17:14:48.877 | WARN  | [main] | o.s.s.c.a.a.c.InitializeUserDetailsBeanManagerConfigurer$InitializeUserDetailsManagerConfigurer.configure | Global AuthenticationManager configured with an AuthenticationProvider bean. UserDetailsService beans will not be used by Spring Security for automatically configuring username/password login. Consider removing the AuthenticationProvider bean. Alternatively, consider using the UserDetailsService in a manually instantiated DaoAuthenticationProvider. If the current configuration is intentional, to turn off this warning, increase the logging level of 'org.springframework.security.config.annotation.authentication.configuration.InitializeUserDetailsBeanManagerConfigurer' to ERROR
2026-01-27 17:14:49.464 | INFO  | [main] | c.e.Backend.BackendApplicationTests.logStarted | Started BackendApplicationTests in 10.325 seconds (process running for 12.107)
2026-01-27 17:14:49.589 | DEBUG | [main] | org.hibernate.SQL.logStatement | 
    select
        r1_0.id,
        r1_0.role_name 
    from
        roles r1_0
2026-01-27 17:14:50.334 | INFO  | [SpringApplicationShutdownHook] | o.s.o.j.LocalContainerEntityManagerFactoryBean.destroy | Closing JPA EntityManagerFactory for persistence unit 'default'
2026-01-27 17:14:50.338 | INFO  | [SpringApplicationShutdownHook] | com.zaxxer.hikari.HikariDataSource.close | HikariPool-1 - Shutdown initiated...
2026-01-27 17:14:50.351 | INFO  | [SpringApplicationShutdownHook] | com.zaxxer.hikari.HikariDataSource.close | HikariPool-1 - Shutdown completed.
2026-01-27 17:42:01.066 | INFO  | [background-preinit] | o.h.validator.internal.util.Version.<clinit> | HV000001: Hibernate Validator 8.0.3.Final
2026-01-27 17:42:01.118 | INFO  | [main] | c.e.Backend.BackendApplicationTests.logStarting | Starting BackendApplicationTests using Java 17.0.12 with PID 3512 (started by inam in C:\Users\inam\Desktop\Real github project\contact-management-system-Description-\Backend)
2026-01-27 17:42:01.119 | DEBUG | [main] | c.e.Backend.BackendApplicationTests.logStarting | Running with Spring Boot v3.5.9, Spring v6.2.15
2026-01-27 17:42:01.121 | INFO  | [main] | c.e.Backend.BackendApplicationTests.logStartupProfileInfo | No active profile set, falling back to 1 default profile: "default"
2026-01-27 17:42:02.752 | INFO  | [main] | o.s.d.r.c.RepositoryConfigurationDelegate.registerRepositoriesIn | Bootstrapping Spring Data JPA repositories in DEFAULT mode.
2026-01-27 17:42:02.925 | INFO  | [main] | o.s.d.r.c.RepositoryConfigurationDelegate.registerRepositoriesIn | Finished Spring Data repository scanning in 157 ms. Found 6 JPA repository interfaces.
2026-01-27 17:42:03.720 | INFO  | [main] | o.h.jpa.internal.util.LogHelper.logPersistenceUnitInformation | HHH000204: Processing PersistenceUnitInfo [name: default]
2026-01-27 17:42:03.834 | INFO  | [main] | org.hibernate.Version.logVersion | HHH000412: Hibernate ORM core version 6.6.39.Final
2026-01-27 17:42:03.903 | INFO  | [main] | o.h.c.i.RegionFactoryInitiator.initiateService | HHH000026: Second-level cache disabled
2026-01-27 17:42:05.083 | INFO  | [main] | o.s.o.j.p.SpringPersistenceUnitInfo.addTransformer | No LoadTimeWeaver setup: ignoring JPA class transformer
2026-01-27 17:42:05.148 | INFO  | [main] | com.zaxxer.hikari.HikariDataSource.getConnection | HikariPool-1 - Starting...
2026-01-27 17:42:05.479 | INFO  | [main] | com.zaxxer.hikari.pool.HikariPool.checkFailFast | HikariPool-1 - Added connection org.postgresql.jdbc.PgConnection@35b3c1f6
2026-01-27 17:42:05.483 | INFO  | [main] | com.zaxxer.hikari.HikariDataSource.getConnection | HikariPool-1 - Start completed.
2026-01-27 17:42:05.645 | INFO  | [main] | o.hibernate.orm.connections.pooling.logConnectionInfo | HHH10001005: Database info:
	Database JDBC URL [Connecting through datasource 'HikariDataSource (HikariPool-1)']
	Database driver: undefined/unknown
	Database version: 17.6
	Autocommit mode: undefined/unknown
	Isolation level: undefined/unknown
	Minimum pool size: undefined/unknown
	Maximum pool size: undefined/unknown
2026-01-27 17:42:07.946 | INFO  | [main] | o.h.e.t.j.p.i.JtaPlatformInitiator.initiateService | HHH000489: No JTA platform available (set 'hibernate.transaction.jta.platform' to enable JTA platform integration)
2026-01-27 17:42:08.119 | INFO  | [main] | o.s.o.j.LocalContainerEntityManagerFactoryBean.buildNativeEntityManagerFactory | Initialized JPA EntityManagerFactory for persistence unit 'default'
2026-01-27 17:42:08.658 | INFO  | [main] | o.s.d.j.r.query.QueryEnhancerFactory.<clinit> | Hibernate is in classpath; If applicable, HQL parser will be used.
2026-01-27 17:42:10.496 | WARN  | [main] | o.s.b.a.o.j.JpaBaseConfiguration$JpaWebConfiguration.openEntityManagerInViewInterceptor | spring.jpa.open-in-view is enabled by default. Therefore, database queries may be performed during view rendering. Explicitly configure spring.jpa.open-in-view to disable this warning
2026-01-27 17:42:10.871 | INFO  | [main] | o.s.s.c.a.a.c.InitializeAuthenticationProviderBeanManagerConfigurer$InitializeAuthenticationProviderManagerConfigurer.configure | Global AuthenticationManager configured with AuthenticationProvider bean with name authenticationProvider
2026-01-27 17:42:10.872 | WARN  | [main] | o.s.s.c.a.a.c.InitializeUserDetailsBeanManagerConfigurer$InitializeUserDetailsManagerConfigurer.configure | Global AuthenticationManager configured with an AuthenticationProvider bean. UserDetailsService beans will not be used by Spring Security for automatically configuring username/password login. Consider removing the AuthenticationProvider bean. Alternatively, consider using the UserDetailsService in a manually instantiated DaoAuthenticationProvider. If the current configuration is intentional, to turn off this warning, increase the logging level of 'org.springframework.security.config.annotation.authentication.configuration.InitializeUserDetailsBeanManagerConfigurer' to ERROR
2026-01-27 17:42:11.505 | INFO  | [main] | c.e.Backend.BackendApplicationTests.logStarted | Started BackendApplicationTests in 11.182 seconds (process running for 13.779)
2026-01-27 17:42:11.634 | DEBUG | [main] | org.hibernate.SQL.logStatement | 
    select
        r1_0.id,
        r1_0.role_name 
    from
        roles r1_0
2026-01-27 17:42:12.328 | INFO  | [SpringApplicationShutdownHook] | o.s.o.j.LocalContainerEntityManagerFactoryBean.destroy | Closing JPA EntityManagerFactory for persistence unit 'default'
2026-01-27 17:42:12.332 | INFO  | [SpringApplicationShutdownHook] | com.zaxxer.hikari.HikariDataSource.close | HikariPool-1 - Shutdown initiated...
2026-01-27 17:42:12.347 | INFO  | [SpringApplicationShutdownHook] | com.zaxxer.hikari.HikariDataSource.close | HikariPool-1 - Shutdown completed.
2026-01-27 18:03:12.671 | INFO  | [background-preinit] | o.h.validator.internal.util.Version.<clinit> | HV000001: Hibernate Validator 8.0.3.Final
2026-01-27 18:03:12.746 | INFO  | [main] | c.e.Backend.BackendApplicationTests.logStarting | Starting BackendApplicationTests using Java 17.0.12 with PID 13104 (started by inam in C:\Users\inam\Desktop\Real github project\contact-management-system-Description-\Backend)
2026-01-27 18:03:12.747 | DEBUG | [main] | c.e.Backend.BackendApplicationTests.logStarting | Running with Spring Boot v3.5.9, Spring v6.2.15
2026-01-27 18:03:12.749 | INFO  | [main] | c.e.Backend.BackendApplicationTests.logStartupProfileInfo | No active profile set, falling back to 1 default profile: "default"
2026-01-27 18:03:14.338 | INFO  | [main] | o.s.d.r.c.RepositoryConfigurationDelegate.registerRepositoriesIn | Bootstrapping Spring Data JPA repositories in DEFAULT mode.
2026-01-27 18:03:14.498 | INFO  | [main] | o.s.d.r.c.RepositoryConfigurationDelegate.registerRepositoriesIn | Finished Spring Data repository scanning in 145 ms. Found 6 JPA repository interfaces.
2026-01-27 18:03:16.045 | INFO  | [main] | o.h.jpa.internal.util.LogHelper.logPersistenceUnitInformation | HHH000204: Processing PersistenceUnitInfo [name: default]
2026-01-27 18:03:16.246 | INFO  | [main] | org.hibernate.Version.logVersion | HHH000412: Hibernate ORM core version 6.6.39.Final
2026-01-27 18:03:16.326 | INFO  | [main] | o.h.c.i.RegionFactoryInitiator.initiateService | HHH000026: Second-level cache disabled
2026-01-27 18:03:17.239 | INFO  | [main] | o.s.o.j.p.SpringPersistenceUnitInfo.addTransformer | No LoadTimeWeaver setup: ignoring JPA class transformer
2026-01-27 18:03:17.295 | INFO  | [main] | com.zaxxer.hikari.HikariDataSource.getConnection | HikariPool-1 - Starting...
2026-01-27 18:03:17.568 | INFO  | [main] | com.zaxxer.hikari.pool.HikariPool.checkFailFast | HikariPool-1 - Added connection org.postgresql.jdbc.PgConnection@3ba97962
2026-01-27 18:03:17.570 | INFO  | [main] | com.zaxxer.hikari.HikariDataSource.getConnection | HikariPool-1 - Start completed.
2026-01-27 18:03:17.683 | INFO  | [main] | o.hibernate.orm.connections.pooling.logConnectionInfo | HHH10001005: Database info:
	Database JDBC URL [Connecting through datasource 'HikariDataSource (HikariPool-1)']
	Database driver: undefined/unknown
	Database version: 17.6
	Autocommit mode: undefined/unknown
	Isolation level: undefined/unknown
	Minimum pool size: undefined/unknown
	Maximum pool size: undefined/unknown
2026-01-27 18:03:19.608 | INFO  | [main] | o.h.e.t.j.p.i.JtaPlatformInitiator.initiateService | HHH000489: No JTA platform available (set 'hibernate.transaction.jta.platform' to enable JTA platform integration)
2026-01-27 18:03:19.776 | INFO  | [main] | o.s.o.j.LocalContainerEntityManagerFactoryBean.buildNativeEntityManagerFactory | Initialized JPA EntityManagerFactory for persistence unit 'default'
2026-01-27 18:03:20.565 | INFO  | [main] | o.s.d.j.r.query.QueryEnhancerFactory.<clinit> | Hibernate is in classpath; If applicable, HQL parser will be used.
2026-01-27 18:03:22.230 | WARN  | [main] | o.s.b.a.o.j.JpaBaseConfiguration$JpaWebConfiguration.openEntityManagerInViewInterceptor | spring.jpa.open-in-view is enabled by default. Therefore, database queries may be performed during view rendering. Explicitly configure spring.jpa.open-in-view to disable this warning
2026-01-27 18:03:22.657 | INFO  | [main] | o.s.s.c.a.a.c.InitializeAuthenticationProviderBeanManagerConfigurer$InitializeAuthenticationProviderManagerConfigurer.configure | Global AuthenticationManager configured with AuthenticationProvider bean with name authenticationProvider
2026-01-27 18:03:22.658 | WARN  | [main] | o.s.s.c.a.a.c.InitializeUserDetailsBeanManagerConfigurer$InitializeUserDetailsManagerConfigurer.configure | Global AuthenticationManager configured with an AuthenticationProvider bean. UserDetailsService beans will not be used by Spring Security for automatically configuring username/password login. Consider removing the AuthenticationProvider bean. Alternatively, consider using the UserDetailsService in a manually instantiated DaoAuthenticationProvider. If the current configuration is intentional, to turn off this warning, increase the logging level of 'org.springframework.security.config.annotation.authentication.configuration.InitializeUserDetailsBeanManagerConfigurer' to ERROR
2026-01-27 18:03:23.302 | INFO  | [main] | c.e.Backend.BackendApplicationTests.logStarted | Started BackendApplicationTests in 11.31 seconds (process running for 13.11)
2026-01-27 18:03:23.426 | DEBUG | [main] | org.hibernate.SQL.logStatement | 
    select
        r1_0.id,
        r1_0.role_name 
    from
        roles r1_0
2026-01-27 18:03:24.359 | INFO  | [SpringApplicationShutdownHook] | o.s.o.j.LocalContainerEntityManagerFactoryBean.destroy | Closing JPA EntityManagerFactory for persistence unit 'default'
2026-01-27 18:03:24.368 | INFO  | [SpringApplicationShutdownHook] | com.zaxxer.hikari.HikariDataSource.close | HikariPool-1 - Shutdown initiated...
2026-01-27 18:03:24.469 | INFO  | [SpringApplicationShutdownHook] | com.zaxxer.hikari.HikariDataSource.close | HikariPool-1 - Shutdown completed.
2026-01-27 18:04:42.694 | INFO  | [background-preinit] | o.h.validator.internal.util.Version.<clinit> | HV000001: Hibernate Validator 8.0.3.Final
2026-01-27 18:04:42.777 | INFO  | [main] | c.example.Backend.BackendApplication.logStarting | Starting BackendApplication using Java 24.0.1 with PID 5744 (C:\Users\inam\Desktop\Real github project\contact-management-system-Description-\Backend\target\classes started by inam in C:\Users\inam\Desktop\Real github project\contact-management-system-Description-\Backend)
2026-01-27 18:04:42.778 | DEBUG | [main] | c.example.Backend.BackendApplication.logStarting | Running with Spring Boot v3.5.9, Spring v6.2.15
2026-01-27 18:04:42.779 | INFO  | [main] | c.example.Backend.BackendApplication.logStartupProfileInfo | No active profile set, falling back to 1 default profile: "default"
2026-01-27 18:04:44.541 | INFO  | [main] | o.s.d.r.c.RepositoryConfigurationDelegate.registerRepositoriesIn | Bootstrapping Spring Data JPA repositories in DEFAULT mode.
2026-01-27 18:04:44.758 | INFO  | [main] | o.s.d.r.c.RepositoryConfigurationDelegate.registerRepositoriesIn | Finished Spring Data repository scanning in 196 ms. Found 6 JPA repository interfaces.
2026-01-27 18:04:45.743 | INFO  | [main] | o.s.b.w.e.tomcat.TomcatWebServer.initialize | Tomcat initialized with port 8082 (http)
2026-01-27 18:04:45.764 | INFO  | [main] | o.a.coyote.http11.Http11NioProtocol.log | Initializing ProtocolHandler ["http-nio-0.0.0.0-8082"]
2026-01-27 18:04:45.767 | INFO  | [main] | o.a.catalina.core.StandardService.log | Starting service [Tomcat]
2026-01-27 18:04:45.767 | INFO  | [main] | o.a.catalina.core.StandardEngine.log | Starting Servlet engine: [Apache Tomcat/10.1.50]
2026-01-27 18:04:45.855 | INFO  | [main] | o.a.c.c.C.[Tomcat].[localhost].[/].log | Initializing Spring embedded WebApplicationContext
2026-01-27 18:04:45.855 | INFO  | [main] | o.s.b.w.s.c.ServletWebServerApplicationContext.prepareWebApplicationContext | Root WebApplicationContext: initialization completed in 2996 ms
2026-01-27 18:04:46.117 | INFO  | [main] | o.h.jpa.internal.util.LogHelper.logPersistenceUnitInformation | HHH000204: Processing PersistenceUnitInfo [name: default]
2026-01-27 18:04:46.222 | INFO  | [main] | org.hibernate.Version.logVersion | HHH000412: Hibernate ORM core version 6.6.39.Final
2026-01-27 18:04:46.280 | INFO  | [main] | o.h.c.i.RegionFactoryInitiator.initiateService | HHH000026: Second-level cache disabled
2026-01-27 18:04:46.814 | INFO  | [main] | o.s.o.j.p.SpringPersistenceUnitInfo.addTransformer | No LoadTimeWeaver setup: ignoring JPA class transformer
2026-01-27 18:04:46.874 | INFO  | [main] | com.zaxxer.hikari.HikariDataSource.getConnection | HikariPool-1 - Starting...
2026-01-27 18:04:47.220 | INFO  | [main] | com.zaxxer.hikari.pool.HikariPool.checkFailFast | HikariPool-1 - Added connection org.postgresql.jdbc.PgConnection@41167ded
2026-01-27 18:04:47.223 | INFO  | [main] | com.zaxxer.hikari.HikariDataSource.getConnection | HikariPool-1 - Start completed.
2026-01-27 18:04:47.322 | INFO  | [main] | o.hibernate.orm.connections.pooling.logConnectionInfo | HHH10001005: Database info:
	Database JDBC URL [Connecting through datasource 'HikariDataSource (HikariPool-1)']
	Database driver: undefined/unknown
	Database version: 17.6
	Autocommit mode: undefined/unknown
	Isolation level: undefined/unknown
	Minimum pool size: undefined/unknown
	Maximum pool size: undefined/unknown
2026-01-27 18:04:49.120 | INFO  | [main] | o.h.e.t.j.p.i.JtaPlatformInitiator.initiateService | HHH000489: No JTA platform available (set 'hibernate.transaction.jta.platform' to enable JTA platform integration)
2026-01-27 18:04:49.304 | INFO  | [main] | o.s.o.j.LocalContainerEntityManagerFactoryBean.buildNativeEntityManagerFactory | Initialized JPA EntityManagerFactory for persistence unit 'default'
2026-01-27 18:04:49.829 | DEBUG | [main] | com.example.backend.util.JWTFilter.init | Filter 'JWTFilter' configured for use
2026-01-27 18:04:49.958 | INFO  | [main] | o.s.d.j.r.query.QueryEnhancerFactory.<clinit> | Hibernate is in classpath; If applicable, HQL parser will be used.
2026-01-27 18:04:51.441 | WARN  | [main] | o.s.b.a.o.j.JpaBaseConfiguration$JpaWebConfiguration.openEntityManagerInViewInterceptor | spring.jpa.open-in-view is enabled by default. Therefore, database queries may be performed during view rendering. Explicitly configure spring.jpa.open-in-view to disable this warning
2026-01-27 18:04:51.730 | INFO  | [main] | o.s.s.c.a.a.c.InitializeAuthenticationProviderBeanManagerConfigurer$InitializeAuthenticationProviderManagerConfigurer.configure | Global AuthenticationManager configured with AuthenticationProvider bean with name authenticationProvider
2026-01-27 18:04:51.732 | WARN  | [main] | o.s.s.c.a.a.c.InitializeUserDetailsBeanManagerConfigurer$InitializeUserDetailsManagerConfigurer.configure | Global AuthenticationManager configured with an AuthenticationProvider bean. UserDetailsService beans will not be used by Spring Security for automatically configuring username/password login. Consider removing the AuthenticationProvider bean. Alternatively, consider using the UserDetailsService in a manually instantiated DaoAuthenticationProvider. If the current configuration is intentional, to turn off this warning, increase the logging level of 'org.springframework.security.config.annotation.authentication.configuration.InitializeUserDetailsBeanManagerConfigurer' to ERROR
2026-01-27 18:04:52.157 | INFO  | [main] | o.a.coyote.http11.Http11NioProtocol.log | Starting ProtocolHandler ["http-nio-0.0.0.0-8082"]
2026-01-27 18:04:52.183 | INFO  | [main] | o.s.b.w.e.tomcat.TomcatWebServer.start | Tomcat started on port 8082 (http) with context path '/'
2026-01-27 18:04:52.194 | INFO  | [main] | c.example.Backend.BackendApplication.logStarted | Started BackendApplication in 10.561 seconds (process running for 11.296)
2026-01-27 18:04:52.290 | DEBUG | [main] | org.hibernate.SQL.logStatement | 
    select
        r1_0.id,
        r1_0.role_name 
    from
        roles r1_0
2026-01-27 18:06:51.324 | INFO  | [background-preinit] | o.h.validator.internal.util.Version.<clinit> | HV000001: Hibernate Validator 8.0.3.Final
2026-01-27 18:06:51.351 | INFO  | [main] | c.e.Backend.BackendApplicationTests.logStarting | Starting BackendApplicationTests using Java 17.0.12 with PID 27552 (started by inam in C:\Users\inam\Desktop\Real github project\contact-management-system-Description-\Backend)
2026-01-27 18:06:51.354 | DEBUG | [main] | c.e.Backend.BackendApplicationTests.logStarting | Running with Spring Boot v3.5.9, Spring v6.2.15
2026-01-27 18:06:51.357 | INFO  | [main] | c.e.Backend.BackendApplicationTests.logStartupProfileInfo | No active profile set, falling back to 1 default profile: "default"
2026-01-27 18:06:52.831 | INFO  | [main] | o.s.d.r.c.RepositoryConfigurationDelegate.registerRepositoriesIn | Bootstrapping Spring Data JPA repositories in DEFAULT mode.
2026-01-27 18:06:52.982 | INFO  | [main] | o.s.d.r.c.RepositoryConfigurationDelegate.registerRepositoriesIn | Finished Spring Data repository scanning in 135 ms. Found 6 JPA repository interfaces.
2026-01-27 18:06:53.992 | INFO  | [main] | o.h.jpa.internal.util.LogHelper.logPersistenceUnitInformation | HHH000204: Processing PersistenceUnitInfo [name: default]
2026-01-27 18:06:54.142 | INFO  | [main] | org.hibernate.Version.logVersion | HHH000412: Hibernate ORM core version 6.6.39.Final
2026-01-27 18:06:54.214 | INFO  | [main] | o.h.c.i.RegionFactoryInitiator.initiateService | HHH000026: Second-level cache disabled
2026-01-27 18:06:54.783 | INFO  | [main] | o.s.o.j.p.SpringPersistenceUnitInfo.addTransformer | No LoadTimeWeaver setup: ignoring JPA class transformer
2026-01-27 18:06:54.837 | INFO  | [main] | com.zaxxer.hikari.HikariDataSource.getConnection | HikariPool-1 - Starting...
2026-01-27 18:06:55.104 | INFO  | [main] | com.zaxxer.hikari.pool.HikariPool.checkFailFast | HikariPool-1 - Added connection org.postgresql.jdbc.PgConnection@3ba97962
2026-01-27 18:06:55.107 | INFO  | [main] | com.zaxxer.hikari.HikariDataSource.getConnection | HikariPool-1 - Start completed.
2026-01-27 18:06:55.211 | INFO  | [main] | o.hibernate.orm.connections.pooling.logConnectionInfo | HHH10001005: Database info:
	Database JDBC URL [Connecting through datasource 'HikariDataSource (HikariPool-1)']
	Database driver: undefined/unknown
	Database version: 17.6
	Autocommit mode: undefined/unknown
	Isolation level: undefined/unknown
	Minimum pool size: undefined/unknown
	Maximum pool size: undefined/unknown
2026-01-27 18:06:56.701 | INFO  | [main] | o.h.e.t.j.p.i.JtaPlatformInitiator.initiateService | HHH000489: No JTA platform available (set 'hibernate.transaction.jta.platform' to enable JTA platform integration)
2026-01-27 18:06:56.869 | INFO  | [main] | o.s.o.j.LocalContainerEntityManagerFactoryBean.buildNativeEntityManagerFactory | Initialized JPA EntityManagerFactory for persistence unit 'default'
2026-01-27 18:06:57.371 | INFO  | [main] | o.s.d.j.r.query.QueryEnhancerFactory.<clinit> | Hibernate is in classpath; If applicable, HQL parser will be used.
2026-01-27 18:06:59.104 | WARN  | [main] | o.s.b.a.o.j.JpaBaseConfiguration$JpaWebConfiguration.openEntityManagerInViewInterceptor | spring.jpa.open-in-view is enabled by default. Therefore, database queries may be performed during view rendering. Explicitly configure spring.jpa.open-in-view to disable this warning
2026-01-27 18:06:59.438 | INFO  | [main] | o.s.s.c.a.a.c.InitializeAuthenticationProviderBeanManagerConfigurer$InitializeAuthenticationProviderManagerConfigurer.configure | Global AuthenticationManager configured with AuthenticationProvider bean with name authenticationProvider
2026-01-27 18:06:59.439 | WARN  | [main] | o.s.s.c.a.a.c.InitializeUserDetailsBeanManagerConfigurer$InitializeUserDetailsManagerConfigurer.configure | Global AuthenticationManager configured with an AuthenticationProvider bean. UserDetailsService beans will not be used by Spring Security for automatically configuring username/password login. Consider removing the AuthenticationProvider bean. Alternatively, consider using the UserDetailsService in a manually instantiated DaoAuthenticationProvider. If the current configuration is intentional, to turn off this warning, increase the logging level of 'org.springframework.security.config.annotation.authentication.configuration.InitializeUserDetailsBeanManagerConfigurer' to ERROR
2026-01-27 18:06:59.980 | INFO  | [main] | c.e.Backend.BackendApplicationTests.logStarted | Started BackendApplicationTests in 9.237 seconds (process running for 10.717)
2026-01-27 18:07:00.097 | DEBUG | [main] | org.hibernate.SQL.logStatement | 
    select
        r1_0.id,
        r1_0.role_name 
    from
        roles r1_0
2026-01-27 18:07:00.767 | INFO  | [SpringApplicationShutdownHook] | o.s.o.j.LocalContainerEntityManagerFactoryBean.destroy | Closing JPA EntityManagerFactory for persistence unit 'default'
2026-01-27 18:07:00.771 | INFO  | [SpringApplicationShutdownHook] | com.zaxxer.hikari.HikariDataSource.close | HikariPool-1 - Shutdown initiated...
2026-01-27 18:07:00.783 | INFO  | [SpringApplicationShutdownHook] | com.zaxxer.hikari.HikariDataSource.close | HikariPool-1 - Shutdown completed.
2026-01-27 18:12:22.125 | INFO  | [SpringApplicationShutdownHook] | o.s.b.w.e.tomcat.GracefulShutdown.shutDownGracefully | Commencing graceful shutdown. Waiting for active requests to complete
2026-01-27 18:12:22.157 | INFO  | [tomcat-shutdown] | o.s.b.w.e.tomcat.GracefulShutdown.doShutdown | Graceful shutdown complete
2026-01-27 18:12:22.164 | INFO  | [SpringApplicationShutdownHook] | o.s.o.j.LocalContainerEntityManagerFactoryBean.destroy | Closing JPA EntityManagerFactory for persistence unit 'default'
2026-01-27 18:12:22.171 | INFO  | [SpringApplicationShutdownHook] | com.zaxxer.hikari.HikariDataSource.close | HikariPool-1 - Shutdown initiated...
2026-01-27 18:12:22.188 | INFO  | [SpringApplicationShutdownHook] | com.zaxxer.hikari.HikariDataSource.close | HikariPool-1 - Shutdown completed.
2026-01-27 18:18:11.019 | INFO  | [background-preinit] | o.h.validator.internal.util.Version.<clinit> | HV000001: Hibernate Validator 8.0.3.Final
2026-01-27 18:18:11.083 | INFO  | [main] | c.e.Backend.BackendApplicationTests.logStarting | Starting BackendApplicationTests using Java 17.0.12 with PID 10576 (started by inam in C:\Users\inam\Desktop\Real github project\contact-management-system-Description-\Backend)
2026-01-27 18:18:11.085 | DEBUG | [main] | c.e.Backend.BackendApplicationTests.logStarting | Running with Spring Boot v3.5.9, Spring v6.2.15
2026-01-27 18:18:11.086 | INFO  | [main] | c.e.Backend.BackendApplicationTests.logStartupProfileInfo | No active profile set, falling back to 1 default profile: "default"
2026-01-27 18:18:12.712 | INFO  | [main] | o.s.d.r.c.RepositoryConfigurationDelegate.registerRepositoriesIn | Bootstrapping Spring Data JPA repositories in DEFAULT mode.
2026-01-27 18:18:12.875 | INFO  | [main] | o.s.d.r.c.RepositoryConfigurationDelegate.registerRepositoriesIn | Finished Spring Data repository scanning in 145 ms. Found 6 JPA repository interfaces.
2026-01-27 18:18:13.728 | INFO  | [main] | o.h.jpa.internal.util.LogHelper.logPersistenceUnitInformation | HHH000204: Processing PersistenceUnitInfo [name: default]
2026-01-27 18:18:13.850 | INFO  | [main] | org.hibernate.Version.logVersion | HHH000412: Hibernate ORM core version 6.6.39.Final
2026-01-27 18:18:13.923 | INFO  | [main] | o.h.c.i.RegionFactoryInitiator.initiateService | HHH000026: Second-level cache disabled
2026-01-27 18:18:14.517 | INFO  | [main] | o.s.o.j.p.SpringPersistenceUnitInfo.addTransformer | No LoadTimeWeaver setup: ignoring JPA class transformer
2026-01-27 18:18:14.574 | INFO  | [main] | com.zaxxer.hikari.HikariDataSource.getConnection | HikariPool-1 - Starting...
2026-01-27 18:18:14.911 | INFO  | [main] | com.zaxxer.hikari.pool.HikariPool.checkFailFast | HikariPool-1 - Added connection org.postgresql.jdbc.PgConnection@173a5fad
2026-01-27 18:18:14.915 | INFO  | [main] | com.zaxxer.hikari.HikariDataSource.getConnection | HikariPool-1 - Start completed.
2026-01-27 18:18:15.043 | INFO  | [main] | o.hibernate.orm.connections.pooling.logConnectionInfo | HHH10001005: Database info:
	Database JDBC URL [Connecting through datasource 'HikariDataSource (HikariPool-1)']
	Database driver: undefined/unknown
	Database version: 17.6
	Autocommit mode: undefined/unknown
	Isolation level: undefined/unknown
	Minimum pool size: undefined/unknown
	Maximum pool size: undefined/unknown
2026-01-27 18:18:16.819 | INFO  | [main] | o.h.e.t.j.p.i.JtaPlatformInitiator.initiateService | HHH000489: No JTA platform available (set 'hibernate.transaction.jta.platform' to enable JTA platform integration)
2026-01-27 18:18:17.016 | INFO  | [main] | o.s.o.j.LocalContainerEntityManagerFactoryBean.buildNativeEntityManagerFactory | Initialized JPA EntityManagerFactory for persistence unit 'default'
2026-01-27 18:18:17.599 | INFO  | [main] | o.s.d.j.r.query.QueryEnhancerFactory.<clinit> | Hibernate is in classpath; If applicable, HQL parser will be used.
2026-01-27 18:18:19.431 | WARN  | [main] | o.s.b.a.o.j.JpaBaseConfiguration$JpaWebConfiguration.openEntityManagerInViewInterceptor | spring.jpa.open-in-view is enabled by default. Therefore, database queries may be performed during view rendering. Explicitly configure spring.jpa.open-in-view to disable this warning
2026-01-27 18:18:19.810 | INFO  | [main] | o.s.s.c.a.a.c.InitializeAuthenticationProviderBeanManagerConfigurer$InitializeAuthenticationProviderManagerConfigurer.configure | Global AuthenticationManager configured with AuthenticationProvider bean with name authenticationProvider
2026-01-27 18:18:19.811 | WARN  | [main] | o.s.s.c.a.a.c.InitializeUserDetailsBeanManagerConfigurer$InitializeUserDetailsManagerConfigurer.configure | Global AuthenticationManager configured with an AuthenticationProvider bean. UserDetailsService beans will not be used by Spring Security for automatically configuring username/password login. Consider removing the AuthenticationProvider bean. Alternatively, consider using the UserDetailsService in a manually instantiated DaoAuthenticationProvider. If the current configuration is intentional, to turn off this warning, increase the logging level of 'org.springframework.security.config.annotation.authentication.configuration.InitializeUserDetailsBeanManagerConfigurer' to ERROR
2026-01-27 18:18:20.400 | INFO  | [main] | c.e.Backend.BackendApplicationTests.logStarted | Started BackendApplicationTests in 10.041 seconds (process running for 11.951)
2026-01-27 18:18:20.532 | DEBUG | [main] | org.hibernate.SQL.logStatement | 
    select
        r1_0.id,
        r1_0.role_name 
    from
        roles r1_0
2026-01-27 18:18:21.309 | INFO  | [SpringApplicationShutdownHook] | o.s.o.j.LocalContainerEntityManagerFactoryBean.destroy | Closing JPA EntityManagerFactory for persistence unit 'default'
2026-01-27 18:18:21.316 | INFO  | [SpringApplicationShutdownHook] | com.zaxxer.hikari.HikariDataSource.close | HikariPool-1 - Shutdown initiated...
2026-01-27 18:18:21.391 | INFO  | [SpringApplicationShutdownHook] | com.zaxxer.hikari.HikariDataSource.close | HikariPool-1 - Shutdown completed.
2026-01-27 18:22:47.839 | INFO  | [background-preinit] | o.h.validator.internal.util.Version.<clinit> | HV000001: Hibernate Validator 8.0.3.Final
2026-01-27 18:22:47.909 | INFO  | [main] | c.e.Backend.BackendApplicationTests.logStarting | Starting BackendApplicationTests using Java 17.0.12 with PID 24672 (started by inam in C:\Users\inam\Desktop\Real github project\contact-management-system-Description-\Backend)
2026-01-27 18:22:47.910 | DEBUG | [main] | c.e.Backend.BackendApplicationTests.logStarting | Running with Spring Boot v3.5.9, Spring v6.2.15
2026-01-27 18:22:47.913 | INFO  | [main] | c.e.Backend.BackendApplicationTests.logStartupProfileInfo | No active profile set, falling back to 1 default profile: "default"
2026-01-27 18:22:49.525 | INFO  | [main] | o.s.d.r.c.RepositoryConfigurationDelegate.registerRepositoriesIn | Bootstrapping Spring Data JPA repositories in DEFAULT mode.
2026-01-27 18:22:49.691 | INFO  | [main] | o.s.d.r.c.RepositoryConfigurationDelegate.registerRepositoriesIn | Finished Spring Data repository scanning in 151 ms. Found 6 JPA repository interfaces.
2026-01-27 18:22:50.643 | INFO  | [main] | o.h.jpa.internal.util.LogHelper.logPersistenceUnitInformation | HHH000204: Processing PersistenceUnitInfo [name: default]
2026-01-27 18:22:50.830 | INFO  | [main] | org.hibernate.Version.logVersion | HHH000412: Hibernate ORM core version 6.6.39.Final
2026-01-27 18:22:50.910 | INFO  | [main] | o.h.c.i.RegionFactoryInitiator.initiateService | HHH000026: Second-level cache disabled
2026-01-27 18:22:51.610 | INFO  | [main] | o.s.o.j.p.SpringPersistenceUnitInfo.addTransformer | No LoadTimeWeaver setup: ignoring JPA class transformer
2026-01-27 18:22:51.666 | INFO  | [main] | com.zaxxer.hikari.HikariDataSource.getConnection | HikariPool-1 - Starting...
2026-01-27 18:22:51.966 | INFO  | [main] | com.zaxxer.hikari.pool.HikariPool.checkFailFast | HikariPool-1 - Added connection org.postgresql.jdbc.PgConnection@c0013b8
2026-01-27 18:22:51.969 | INFO  | [main] | com.zaxxer.hikari.HikariDataSource.getConnection | HikariPool-1 - Start completed.
2026-01-27 18:22:52.086 | INFO  | [main] | o.hibernate.orm.connections.pooling.logConnectionInfo | HHH10001005: Database info:
	Database JDBC URL [Connecting through datasource 'HikariDataSource (HikariPool-1)']
	Database driver: undefined/unknown
	Database version: 17.6
	Autocommit mode: undefined/unknown
	Isolation level: undefined/unknown
	Minimum pool size: undefined/unknown
	Maximum pool size: undefined/unknown
2026-01-27 18:22:53.776 | INFO  | [main] | o.h.e.t.j.p.i.JtaPlatformInitiator.initiateService | HHH000489: No JTA platform available (set 'hibernate.transaction.jta.platform' to enable JTA platform integration)
2026-01-27 18:22:53.956 | INFO  | [main] | o.s.o.j.LocalContainerEntityManagerFactoryBean.buildNativeEntityManagerFactory | Initialized JPA EntityManagerFactory for persistence unit 'default'
2026-01-27 18:22:54.514 | INFO  | [main] | o.s.d.j.r.query.QueryEnhancerFactory.<clinit> | Hibernate is in classpath; If applicable, HQL parser will be used.
2026-01-27 18:22:56.366 | WARN  | [main] | o.s.b.a.o.j.JpaBaseConfiguration$JpaWebConfiguration.openEntityManagerInViewInterceptor | spring.jpa.open-in-view is enabled by default. Therefore, database queries may be performed during view rendering. Explicitly configure spring.jpa.open-in-view to disable this warning
2026-01-27 18:22:56.723 | INFO  | [main] | o.s.s.c.a.a.c.InitializeAuthenticationProviderBeanManagerConfigurer$InitializeAuthenticationProviderManagerConfigurer.configure | Global AuthenticationManager configured with AuthenticationProvider bean with name authenticationProvider
2026-01-27 18:22:56.724 | WARN  | [main] | o.s.s.c.a.a.c.InitializeUserDetailsBeanManagerConfigurer$InitializeUserDetailsManagerConfigurer.configure | Global AuthenticationManager configured with an AuthenticationProvider bean. UserDetailsService beans will not be used by Spring Security for automatically configuring username/password login. Consider removing the AuthenticationProvider bean. Alternatively, consider using the UserDetailsService in a manually instantiated DaoAuthenticationProvider. If the current configuration is intentional, to turn off this warning, increase the logging level of 'org.springframework.security.config.annotation.authentication.configuration.InitializeUserDetailsBeanManagerConfigurer' to ERROR
2026-01-27 18:22:57.315 | INFO  | [main] | c.e.Backend.BackendApplicationTests.logStarted | Started BackendApplicationTests in 10.103 seconds (process running for 11.78)
2026-01-27 18:22:57.436 | DEBUG | [main] | org.hibernate.SQL.logStatement | 
    select
        r1_0.id,
        r1_0.role_name 
    from
        roles r1_0
2026-01-27 18:22:58.315 | INFO  | [SpringApplicationShutdownHook] | o.s.o.j.LocalContainerEntityManagerFactoryBean.destroy | Closing JPA EntityManagerFactory for persistence unit 'default'
2026-01-27 18:22:58.319 | INFO  | [SpringApplicationShutdownHook] | com.zaxxer.hikari.HikariDataSource.close | HikariPool-1 - Shutdown initiated...
2026-01-27 18:22:58.340 | INFO  | [SpringApplicationShutdownHook] | com.zaxxer.hikari.HikariDataSource.close | HikariPool-1 - Shutdown completed.
2026-01-27 18:29:07.805 | INFO  | [background-preinit] | o.h.validator.internal.util.Version.<clinit> | HV000001: Hibernate Validator 8.0.3.Final
2026-01-27 18:29:07.876 | INFO  | [main] | c.e.backend.BackendApplicationTests.logStarting | Starting BackendApplicationTests using Java 17.0.12 with PID 14184 (started by inam in C:\Users\inam\Desktop\Real github project\contact-management-system-Description-\Backend)
2026-01-27 18:29:07.879 | DEBUG | [main] | c.e.backend.BackendApplicationTests.logStarting | Running with Spring Boot v3.5.9, Spring v6.2.15
2026-01-27 18:29:07.881 | INFO  | [main] | c.e.backend.BackendApplicationTests.logStartupProfileInfo | No active profile set, falling back to 1 default profile: "default"
2026-01-27 18:29:10.096 | INFO  | [main] | o.s.d.r.c.RepositoryConfigurationDelegate.registerRepositoriesIn | Bootstrapping Spring Data JPA repositories in DEFAULT mode.
2026-01-27 18:29:10.288 | INFO  | [main] | o.s.d.r.c.RepositoryConfigurationDelegate.registerRepositoriesIn | Finished Spring Data repository scanning in 173 ms. Found 6 JPA repository interfaces.
2026-01-27 18:29:11.607 | INFO  | [main] | o.h.jpa.internal.util.LogHelper.logPersistenceUnitInformation | HHH000204: Processing PersistenceUnitInfo [name: default]
2026-01-27 18:29:11.740 | INFO  | [main] | org.hibernate.Version.logVersion | HHH000412: Hibernate ORM core version 6.6.39.Final
2026-01-27 18:29:11.806 | INFO  | [main] | o.h.c.i.RegionFactoryInitiator.initiateService | HHH000026: Second-level cache disabled
2026-01-27 18:29:12.624 | INFO  | [main] | o.s.o.j.p.SpringPersistenceUnitInfo.addTransformer | No LoadTimeWeaver setup: ignoring JPA class transformer
2026-01-27 18:29:12.704 | INFO  | [main] | com.zaxxer.hikari.HikariDataSource.getConnection | HikariPool-1 - Starting...
2026-01-27 18:29:13.047 | INFO  | [main] | com.zaxxer.hikari.pool.HikariPool.checkFailFast | HikariPool-1 - Added connection org.postgresql.jdbc.PgConnection@732d078d
2026-01-27 18:29:13.050 | INFO  | [main] | com.zaxxer.hikari.HikariDataSource.getConnection | HikariPool-1 - Start completed.
2026-01-27 18:29:13.199 | INFO  | [main] | o.hibernate.orm.connections.pooling.logConnectionInfo | HHH10001005: Database info:
	Database JDBC URL [Connecting through datasource 'HikariDataSource (HikariPool-1)']
	Database driver: undefined/unknown
	Database version: 17.6
	Autocommit mode: undefined/unknown
	Isolation level: undefined/unknown
	Minimum pool size: undefined/unknown
	Maximum pool size: undefined/unknown
2026-01-27 18:29:15.507 | INFO  | [main] | o.h.e.t.j.p.i.JtaPlatformInitiator.initiateService | HHH000489: No JTA platform available (set 'hibernate.transaction.jta.platform' to enable JTA platform integration)
2026-01-27 18:29:15.694 | INFO  | [main] | o.s.o.j.LocalContainerEntityManagerFactoryBean.buildNativeEntityManagerFactory | Initialized JPA EntityManagerFactory for persistence unit 'default'
2026-01-27 18:29:16.269 | INFO  | [main] | o.s.d.j.r.query.QueryEnhancerFactory.<clinit> | Hibernate is in classpath; If applicable, HQL parser will be used.
2026-01-27 18:29:18.014 | WARN  | [main] | o.s.b.a.o.j.JpaBaseConfiguration$JpaWebConfiguration.openEntityManagerInViewInterceptor | spring.jpa.open-in-view is enabled by default. Therefore, database queries may be performed during view rendering. Explicitly configure spring.jpa.open-in-view to disable this warning
2026-01-27 18:29:18.384 | INFO  | [main] | o.s.s.c.a.a.c.InitializeAuthenticationProviderBeanManagerConfigurer$InitializeAuthenticationProviderManagerConfigurer.configure | Global AuthenticationManager configured with AuthenticationProvider bean with name authenticationProvider
2026-01-27 18:29:18.385 | WARN  | [main] | o.s.s.c.a.a.c.InitializeUserDetailsBeanManagerConfigurer$InitializeUserDetailsManagerConfigurer.configure | Global AuthenticationManager configured with an AuthenticationProvider bean. UserDetailsService beans will not be used by Spring Security for automatically configuring username/password login. Consider removing the AuthenticationProvider bean. Alternatively, consider using the UserDetailsService in a manually instantiated DaoAuthenticationProvider. If the current configuration is intentional, to turn off this warning, increase the logging level of 'org.springframework.security.config.annotation.authentication.configuration.InitializeUserDetailsBeanManagerConfigurer' to ERROR
2026-01-27 18:29:18.960 | INFO  | [main] | c.e.backend.BackendApplicationTests.logStarted | Started BackendApplicationTests in 11.805 seconds (process running for 13.505)
2026-01-27 18:29:19.084 | DEBUG | [main] | org.hibernate.SQL.logStatement | 
    select
        r1_0.id,
        r1_0.role_name 
    from
        roles r1_0
2026-01-27 18:29:19.807 | INFO  | [SpringApplicationShutdownHook] | o.s.o.j.LocalContainerEntityManagerFactoryBean.destroy | Closing JPA EntityManagerFactory for persistence unit 'default'
2026-01-27 18:29:19.812 | INFO  | [SpringApplicationShutdownHook] | com.zaxxer.hikari.HikariDataSource.close | HikariPool-1 - Shutdown initiated...
2026-01-27 18:29:19.825 | INFO  | [SpringApplicationShutdownHook] | com.zaxxer.hikari.HikariDataSource.close | HikariPool-1 - Shutdown completed.
2026-01-27 18:41:43.539 | INFO  | [background-preinit] | o.h.validator.internal.util.Version.<clinit> | HV000001: Hibernate Validator 8.0.3.Final
2026-01-27 18:41:43.604 | INFO  | [main] | c.e.backend.BackendApplicationTests.logStarting | Starting BackendApplicationTests using Java 17.0.12 with PID 25520 (started by inam in C:\Users\inam\Desktop\Real github project\contact-management-system-Description-\Backend)
2026-01-27 18:41:43.606 | DEBUG | [main] | c.e.backend.BackendApplicationTests.logStarting | Running with Spring Boot v3.5.9, Spring v6.2.15
2026-01-27 18:41:43.608 | INFO  | [main] | c.e.backend.BackendApplicationTests.logStartupProfileInfo | No active profile set, falling back to 1 default profile: "default"
2026-01-27 18:41:45.262 | INFO  | [main] | o.s.d.r.c.RepositoryConfigurationDelegate.registerRepositoriesIn | Bootstrapping Spring Data JPA repositories in DEFAULT mode.
2026-01-27 18:41:45.434 | INFO  | [main] | o.s.d.r.c.RepositoryConfigurationDelegate.registerRepositoriesIn | Finished Spring Data repository scanning in 154 ms. Found 6 JPA repository interfaces.
2026-01-27 18:41:46.253 | INFO  | [main] | o.h.jpa.internal.util.LogHelper.logPersistenceUnitInformation | HHH000204: Processing PersistenceUnitInfo [name: default]
2026-01-27 18:41:46.379 | INFO  | [main] | org.hibernate.Version.logVersion | HHH000412: Hibernate ORM core version 6.6.39.Final
2026-01-27 18:41:46.439 | INFO  | [main] | o.h.c.i.RegionFactoryInitiator.initiateService | HHH000026: Second-level cache disabled
2026-01-27 18:41:47.018 | INFO  | [main] | o.s.o.j.p.SpringPersistenceUnitInfo.addTransformer | No LoadTimeWeaver setup: ignoring JPA class transformer
2026-01-27 18:41:47.084 | INFO  | [main] | com.zaxxer.hikari.HikariDataSource.getConnection | HikariPool-1 - Starting...
2026-01-27 18:41:47.400 | INFO  | [main] | com.zaxxer.hikari.pool.HikariPool.checkFailFast | HikariPool-1 - Added connection org.postgresql.jdbc.PgConnection@35becbd4
2026-01-27 18:41:47.403 | INFO  | [main] | com.zaxxer.hikari.HikariDataSource.getConnection | HikariPool-1 - Start completed.
2026-01-27 18:41:47.529 | INFO  | [main] | o.hibernate.orm.connections.pooling.logConnectionInfo | HHH10001005: Database info:
	Database JDBC URL [Connecting through datasource 'HikariDataSource (HikariPool-1)']
	Database driver: undefined/unknown
	Database version: 17.6
	Autocommit mode: undefined/unknown
	Isolation level: undefined/unknown
	Minimum pool size: undefined/unknown
	Maximum pool size: undefined/unknown
2026-01-27 18:41:49.387 | INFO  | [main] | o.h.e.t.j.p.i.JtaPlatformInitiator.initiateService | HHH000489: No JTA platform available (set 'hibernate.transaction.jta.platform' to enable JTA platform integration)
2026-01-27 18:41:49.573 | INFO  | [main] | o.s.o.j.LocalContainerEntityManagerFactoryBean.buildNativeEntityManagerFactory | Initialized JPA EntityManagerFactory for persistence unit 'default'
2026-01-27 18:41:50.134 | INFO  | [main] | o.s.d.j.r.query.QueryEnhancerFactory.<clinit> | Hibernate is in classpath; If applicable, HQL parser will be used.
2026-01-27 18:41:52.767 | WARN  | [main] | o.s.b.a.o.j.JpaBaseConfiguration$JpaWebConfiguration.openEntityManagerInViewInterceptor | spring.jpa.open-in-view is enabled by default. Therefore, database queries may be performed during view rendering. Explicitly configure spring.jpa.open-in-view to disable this warning
2026-01-27 18:41:53.176 | INFO  | [main] | o.s.s.c.a.a.c.InitializeAuthenticationProviderBeanManagerConfigurer$InitializeAuthenticationProviderManagerConfigurer.configure | Global AuthenticationManager configured with AuthenticationProvider bean with name authenticationProvider
2026-01-27 18:41:53.177 | WARN  | [main] | o.s.s.c.a.a.c.InitializeUserDetailsBeanManagerConfigurer$InitializeUserDetailsManagerConfigurer.configure | Global AuthenticationManager configured with an AuthenticationProvider bean. UserDetailsService beans will not be used by Spring Security for automatically configuring username/password login. Consider removing the AuthenticationProvider bean. Alternatively, consider using the UserDetailsService in a manually instantiated DaoAuthenticationProvider. If the current configuration is intentional, to turn off this warning, increase the logging level of 'org.springframework.security.config.annotation.authentication.configuration.InitializeUserDetailsBeanManagerConfigurer' to ERROR
2026-01-27 18:41:53.778 | INFO  | [main] | c.e.backend.BackendApplicationTests.logStarted | Started BackendApplicationTests in 10.929 seconds (process running for 12.545)
2026-01-27 18:41:53.924 | DEBUG | [main] | org.hibernate.SQL.logStatement | 
    select
        r1_0.id,
        r1_0.role_name 
    from
        roles r1_0
2026-01-27 18:41:54.641 | INFO  | [SpringApplicationShutdownHook] | o.s.o.j.LocalContainerEntityManagerFactoryBean.destroy | Closing JPA EntityManagerFactory for persistence unit 'default'
2026-01-27 18:41:54.645 | INFO  | [SpringApplicationShutdownHook] | com.zaxxer.hikari.HikariDataSource.close | HikariPool-1 - Shutdown initiated...
2026-01-27 18:41:54.661 | INFO  | [SpringApplicationShutdownHook] | com.zaxxer.hikari.HikariDataSource.close | HikariPool-1 - Shutdown completed.
2026-01-27 18:46:10.044 | INFO  | [background-preinit] | o.h.validator.internal.util.Version.<clinit> | HV000001: Hibernate Validator 8.0.3.Final
2026-01-27 18:46:10.087 | INFO  | [main] | c.e.backend.BackendApplicationTests.logStarting | Starting BackendApplicationTests using Java 17.0.12 with PID 14704 (started by inam in C:\Users\inam\Desktop\Real github project\contact-management-system-Description-\Backend)
2026-01-27 18:46:10.088 | DEBUG | [main] | c.e.backend.BackendApplicationTests.logStarting | Running with Spring Boot v3.5.9, Spring v6.2.15
2026-01-27 18:46:10.091 | INFO  | [main] | c.e.backend.BackendApplicationTests.logStartupProfileInfo | No active profile set, falling back to 1 default profile: "default"
2026-01-27 18:46:11.493 | INFO  | [main] | o.s.d.r.c.RepositoryConfigurationDelegate.registerRepositoriesIn | Bootstrapping Spring Data JPA repositories in DEFAULT mode.
2026-01-27 18:46:11.635 | INFO  | [main] | o.s.d.r.c.RepositoryConfigurationDelegate.registerRepositoriesIn | Finished Spring Data repository scanning in 127 ms. Found 6 JPA repository interfaces.
2026-01-27 18:46:12.350 | INFO  | [main] | o.h.jpa.internal.util.LogHelper.logPersistenceUnitInformation | HHH000204: Processing PersistenceUnitInfo [name: default]
2026-01-27 18:46:12.463 | INFO  | [main] | org.hibernate.Version.logVersion | HHH000412: Hibernate ORM core version 6.6.39.Final
2026-01-27 18:46:12.518 | INFO  | [main] | o.h.c.i.RegionFactoryInitiator.initiateService | HHH000026: Second-level cache disabled
2026-01-27 18:46:13.027 | INFO  | [main] | o.s.o.j.p.SpringPersistenceUnitInfo.addTransformer | No LoadTimeWeaver setup: ignoring JPA class transformer
2026-01-27 18:46:13.081 | INFO  | [main] | com.zaxxer.hikari.HikariDataSource.getConnection | HikariPool-1 - Starting...
2026-01-27 18:46:13.344 | INFO  | [main] | com.zaxxer.hikari.pool.HikariPool.checkFailFast | HikariPool-1 - Added connection org.postgresql.jdbc.PgConnection@2ce47652
2026-01-27 18:46:13.347 | INFO  | [main] | com.zaxxer.hikari.HikariDataSource.getConnection | HikariPool-1 - Start completed.
2026-01-27 18:46:13.453 | INFO  | [main] | o.hibernate.orm.connections.pooling.logConnectionInfo | HHH10001005: Database info:
	Database JDBC URL [Connecting through datasource 'HikariDataSource (HikariPool-1)']
	Database driver: undefined/unknown
	Database version: 17.6
	Autocommit mode: undefined/unknown
	Isolation level: undefined/unknown
	Minimum pool size: undefined/unknown
	Maximum pool size: undefined/unknown
2026-01-27 18:46:14.932 | INFO  | [main] | o.h.e.t.j.p.i.JtaPlatformInitiator.initiateService | HHH000489: No JTA platform available (set 'hibernate.transaction.jta.platform' to enable JTA platform integration)
2026-01-27 18:46:15.099 | INFO  | [main] | o.s.o.j.LocalContainerEntityManagerFactoryBean.buildNativeEntityManagerFactory | Initialized JPA EntityManagerFactory for persistence unit 'default'
2026-01-27 18:46:15.572 | INFO  | [main] | o.s.d.j.r.query.QueryEnhancerFactory.<clinit> | Hibernate is in classpath; If applicable, HQL parser will be used.
2026-01-27 18:46:17.240 | WARN  | [main] | o.s.b.a.o.j.JpaBaseConfiguration$JpaWebConfiguration.openEntityManagerInViewInterceptor | spring.jpa.open-in-view is enabled by default. Therefore, database queries may be performed during view rendering. Explicitly configure spring.jpa.open-in-view to disable this warning
2026-01-27 18:46:17.568 | INFO  | [main] | o.s.s.c.a.a.c.InitializeAuthenticationProviderBeanManagerConfigurer$InitializeAuthenticationProviderManagerConfigurer.configure | Global AuthenticationManager configured with AuthenticationProvider bean with name authenticationProvider
2026-01-27 18:46:17.570 | WARN  | [main] | o.s.s.c.a.a.c.InitializeUserDetailsBeanManagerConfigurer$InitializeUserDetailsManagerConfigurer.configure | Global AuthenticationManager configured with an AuthenticationProvider bean. UserDetailsService beans will not be used by Spring Security for automatically configuring username/password login. Consider removing the AuthenticationProvider bean. Alternatively, consider using the UserDetailsService in a manually instantiated DaoAuthenticationProvider. If the current configuration is intentional, to turn off this warning, increase the logging level of 'org.springframework.security.config.annotation.authentication.configuration.InitializeUserDetailsBeanManagerConfigurer' to ERROR
2026-01-27 18:46:18.107 | INFO  | [main] | c.e.backend.BackendApplicationTests.logStarted | Started BackendApplicationTests in 8.659 seconds (process running for 10.071)
2026-01-27 18:46:18.229 | DEBUG | [main] | org.hibernate.SQL.logStatement | 
    select
        r1_0.id,
        r1_0.role_name 
    from
        roles r1_0
2026-01-27 18:46:18.907 | INFO  | [SpringApplicationShutdownHook] | o.s.o.j.LocalContainerEntityManagerFactoryBean.destroy | Closing JPA EntityManagerFactory for persistence unit 'default'
2026-01-27 18:46:18.910 | INFO  | [SpringApplicationShutdownHook] | com.zaxxer.hikari.HikariDataSource.close | HikariPool-1 - Shutdown initiated...
2026-01-27 18:46:18.933 | INFO  | [SpringApplicationShutdownHook] | com.zaxxer.hikari.HikariDataSource.close | HikariPool-1 - Shutdown completed.
2026-01-27 18:50:06.996 | INFO  | [background-preinit] | o.h.validator.internal.util.Version.<clinit> | HV000001: Hibernate Validator 8.0.3.Final
2026-01-27 18:50:07.075 | INFO  | [main] | c.e.backend.BackendApplicationTests.logStarting | Starting BackendApplicationTests using Java 17.0.12 with PID 27312 (started by inam in C:\Users\inam\Desktop\Real github project\contact-management-system-Description-\Backend)
2026-01-27 18:50:07.078 | DEBUG | [main] | c.e.backend.BackendApplicationTests.logStarting | Running with Spring Boot v3.5.9, Spring v6.2.15
2026-01-27 18:50:07.080 | INFO  | [main] | c.e.backend.BackendApplicationTests.logStartupProfileInfo | No active profile set, falling back to 1 default profile: "default"
2026-01-27 18:50:08.520 | INFO  | [main] | o.s.d.r.c.RepositoryConfigurationDelegate.registerRepositoriesIn | Bootstrapping Spring Data JPA repositories in DEFAULT mode.
2026-01-27 18:50:08.672 | INFO  | [main] | o.s.d.r.c.RepositoryConfigurationDelegate.registerRepositoriesIn | Finished Spring Data repository scanning in 138 ms. Found 6 JPA repository interfaces.
2026-01-27 18:50:09.733 | INFO  | [main] | o.h.jpa.internal.util.LogHelper.logPersistenceUnitInformation | HHH000204: Processing PersistenceUnitInfo [name: default]
2026-01-27 18:50:09.844 | INFO  | [main] | org.hibernate.Version.logVersion | HHH000412: Hibernate ORM core version 6.6.39.Final
2026-01-27 18:50:09.928 | INFO  | [main] | o.h.c.i.RegionFactoryInitiator.initiateService | HHH000026: Second-level cache disabled
2026-01-27 18:50:10.454 | INFO  | [main] | o.s.o.j.p.SpringPersistenceUnitInfo.addTransformer | No LoadTimeWeaver setup: ignoring JPA class transformer
2026-01-27 18:50:10.503 | INFO  | [main] | com.zaxxer.hikari.HikariDataSource.getConnection | HikariPool-1 - Starting...
2026-01-27 18:50:10.790 | INFO  | [main] | com.zaxxer.hikari.pool.HikariPool.checkFailFast | HikariPool-1 - Added connection org.postgresql.jdbc.PgConnection@4db6348b
2026-01-27 18:50:10.794 | INFO  | [main] | com.zaxxer.hikari.HikariDataSource.getConnection | HikariPool-1 - Start completed.
2026-01-27 18:50:10.895 | INFO  | [main] | o.hibernate.orm.connections.pooling.logConnectionInfo | HHH10001005: Database info:
	Database JDBC URL [Connecting through datasource 'HikariDataSource (HikariPool-1)']
	Database driver: undefined/unknown
	Database version: 17.6
	Autocommit mode: undefined/unknown
	Isolation level: undefined/unknown
	Minimum pool size: undefined/unknown
	Maximum pool size: undefined/unknown
2026-01-27 18:50:12.440 | INFO  | [main] | o.h.e.t.j.p.i.JtaPlatformInitiator.initiateService | HHH000489: No JTA platform available (set 'hibernate.transaction.jta.platform' to enable JTA platform integration)
2026-01-27 18:50:12.603 | INFO  | [main] | o.s.o.j.LocalContainerEntityManagerFactoryBean.buildNativeEntityManagerFactory | Initialized JPA EntityManagerFactory for persistence unit 'default'
2026-01-27 18:50:13.120 | INFO  | [main] | o.s.d.j.r.query.QueryEnhancerFactory.<clinit> | Hibernate is in classpath; If applicable, HQL parser will be used.
2026-01-27 18:50:14.912 | WARN  | [main] | o.s.b.a.o.j.JpaBaseConfiguration$JpaWebConfiguration.openEntityManagerInViewInterceptor | spring.jpa.open-in-view is enabled by default. Therefore, database queries may be performed during view rendering. Explicitly configure spring.jpa.open-in-view to disable this warning
2026-01-27 18:50:15.268 | INFO  | [main] | o.s.s.c.a.a.c.InitializeAuthenticationProviderBeanManagerConfigurer$InitializeAuthenticationProviderManagerConfigurer.configure | Global AuthenticationManager configured with AuthenticationProvider bean with name authenticationProvider
2026-01-27 18:50:15.269 | WARN  | [main] | o.s.s.c.a.a.c.InitializeUserDetailsBeanManagerConfigurer$InitializeUserDetailsManagerConfigurer.configure | Global AuthenticationManager configured with an AuthenticationProvider bean. UserDetailsService beans will not be used by Spring Security for automatically configuring username/password login. Consider removing the AuthenticationProvider bean. Alternatively, consider using the UserDetailsService in a manually instantiated DaoAuthenticationProvider. If the current configuration is intentional, to turn off this warning, increase the logging level of 'org.springframework.security.config.annotation.authentication.configuration.InitializeUserDetailsBeanManagerConfigurer' to ERROR
2026-01-27 18:50:15.779 | INFO  | [main] | c.e.backend.BackendApplicationTests.logStarted | Started BackendApplicationTests in 9.412 seconds (process running for 11.09)
2026-01-27 18:50:15.897 | DEBUG | [main] | org.hibernate.SQL.logStatement | 
    select
        r1_0.id,
        r1_0.role_name 
    from
        roles r1_0
2026-01-27 18:50:16.537 | INFO  | [SpringApplicationShutdownHook] | o.s.o.j.LocalContainerEntityManagerFactoryBean.destroy | Closing JPA EntityManagerFactory for persistence unit 'default'
2026-01-27 18:50:16.540 | INFO  | [SpringApplicationShutdownHook] | com.zaxxer.hikari.HikariDataSource.close | HikariPool-1 - Shutdown initiated...
2026-01-27 18:50:16.553 | INFO  | [SpringApplicationShutdownHook] | com.zaxxer.hikari.HikariDataSource.close | HikariPool-1 - Shutdown completed.
2026-01-27 18:52:26.723 | INFO  | [background-preinit] | o.h.validator.internal.util.Version.<clinit> | HV000001: Hibernate Validator 8.0.3.Final
2026-01-27 18:52:26.799 | INFO  | [main] | c.e.backend.BackendApplicationTests.logStarting | Starting BackendApplicationTests using Java 17.0.12 with PID 24100 (started by inam in C:\Users\inam\Desktop\Real github project\contact-management-system-Description-\Backend)
2026-01-27 18:52:26.800 | DEBUG | [main] | c.e.backend.BackendApplicationTests.logStarting | Running with Spring Boot v3.5.9, Spring v6.2.15
2026-01-27 18:52:26.809 | INFO  | [main] | c.e.backend.BackendApplicationTests.logStartupProfileInfo | No active profile set, falling back to 1 default profile: "default"
2026-01-27 18:52:28.184 | INFO  | [main] | o.s.d.r.c.RepositoryConfigurationDelegate.registerRepositoriesIn | Bootstrapping Spring Data JPA repositories in DEFAULT mode.
2026-01-27 18:52:28.334 | INFO  | [main] | o.s.d.r.c.RepositoryConfigurationDelegate.registerRepositoriesIn | Finished Spring Data repository scanning in 134 ms. Found 6 JPA repository interfaces.
2026-01-27 18:52:29.049 | INFO  | [main] | o.h.jpa.internal.util.LogHelper.logPersistenceUnitInformation | HHH000204: Processing PersistenceUnitInfo [name: default]
2026-01-27 18:52:29.164 | INFO  | [main] | org.hibernate.Version.logVersion | HHH000412: Hibernate ORM core version 6.6.39.Final
2026-01-27 18:52:29.223 | INFO  | [main] | o.h.c.i.RegionFactoryInitiator.initiateService | HHH000026: Second-level cache disabled
2026-01-27 18:52:29.775 | INFO  | [main] | o.s.o.j.p.SpringPersistenceUnitInfo.addTransformer | No LoadTimeWeaver setup: ignoring JPA class transformer
2026-01-27 18:52:29.828 | INFO  | [main] | com.zaxxer.hikari.HikariDataSource.getConnection | HikariPool-1 - Starting...
2026-01-27 18:52:30.089 | INFO  | [main] | com.zaxxer.hikari.pool.HikariPool.checkFailFast | HikariPool-1 - Added connection org.postgresql.jdbc.PgConnection@3ba97962
2026-01-27 18:52:30.091 | INFO  | [main] | com.zaxxer.hikari.HikariDataSource.getConnection | HikariPool-1 - Start completed.
2026-01-27 18:52:30.190 | INFO  | [main] | o.hibernate.orm.connections.pooling.logConnectionInfo | HHH10001005: Database info:
	Database JDBC URL [Connecting through datasource 'HikariDataSource (HikariPool-1)']
	Database driver: undefined/unknown
	Database version: 17.6
	Autocommit mode: undefined/unknown
	Isolation level: undefined/unknown
	Minimum pool size: undefined/unknown
	Maximum pool size: undefined/unknown
2026-01-27 18:52:31.792 | INFO  | [main] | o.h.e.t.j.p.i.JtaPlatformInitiator.initiateService | HHH000489: No JTA platform available (set 'hibernate.transaction.jta.platform' to enable JTA platform integration)
2026-01-27 18:52:31.958 | INFO  | [main] | o.s.o.j.LocalContainerEntityManagerFactoryBean.buildNativeEntityManagerFactory | Initialized JPA EntityManagerFactory for persistence unit 'default'
2026-01-27 18:52:32.435 | INFO  | [main] | o.s.d.j.r.query.QueryEnhancerFactory.<clinit> | Hibernate is in classpath; If applicable, HQL parser will be used.
2026-01-27 18:52:33.991 | WARN  | [main] | o.s.b.a.o.j.JpaBaseConfiguration$JpaWebConfiguration.openEntityManagerInViewInterceptor | spring.jpa.open-in-view is enabled by default. Therefore, database queries may be performed during view rendering. Explicitly configure spring.jpa.open-in-view to disable this warning
2026-01-27 18:52:34.312 | INFO  | [main] | o.s.s.c.a.a.c.InitializeAuthenticationProviderBeanManagerConfigurer$InitializeAuthenticationProviderManagerConfigurer.configure | Global AuthenticationManager configured with AuthenticationProvider bean with name authenticationProvider
2026-01-27 18:52:34.313 | WARN  | [main] | o.s.s.c.a.a.c.InitializeUserDetailsBeanManagerConfigurer$InitializeUserDetailsManagerConfigurer.configure | Global AuthenticationManager configured with an AuthenticationProvider bean. UserDetailsService beans will not be used by Spring Security for automatically configuring username/password login. Consider removing the AuthenticationProvider bean. Alternatively, consider using the UserDetailsService in a manually instantiated DaoAuthenticationProvider. If the current configuration is intentional, to turn off this warning, increase the logging level of 'org.springframework.security.config.annotation.authentication.configuration.InitializeUserDetailsBeanManagerConfigurer' to ERROR
2026-01-27 18:52:34.851 | INFO  | [main] | c.e.backend.BackendApplicationTests.logStarted | Started BackendApplicationTests in 8.683 seconds (process running for 10.077)
2026-01-27 18:52:34.962 | DEBUG | [main] | org.hibernate.SQL.logStatement | 
    select
        r1_0.id,
        r1_0.role_name 
    from
        roles r1_0
2026-01-27 18:52:36.621 | INFO  | [SpringApplicationShutdownHook] | o.s.o.j.LocalContainerEntityManagerFactoryBean.destroy | Closing JPA EntityManagerFactory for persistence unit 'default'
2026-01-27 18:52:36.642 | INFO  | [SpringApplicationShutdownHook] | com.zaxxer.hikari.HikariDataSource.close | HikariPool-1 - Shutdown initiated...
2026-01-27 18:52:36.654 | INFO  | [SpringApplicationShutdownHook] | com.zaxxer.hikari.HikariDataSource.close | HikariPool-1 - Shutdown completed.
2026-01-27 18:54:26.080 | INFO  | [background-preinit] | o.h.validator.internal.util.Version.<clinit> | HV000001: Hibernate Validator 8.0.3.Final
2026-01-27 18:54:26.125 | INFO  | [main] | c.e.backend.BackendApplicationTests.logStarting | Starting BackendApplicationTests using Java 17.0.12 with PID 11172 (started by inam in C:\Users\inam\Desktop\Real github project\contact-management-system-Description-\Backend)
2026-01-27 18:54:26.127 | DEBUG | [main] | c.e.backend.BackendApplicationTests.logStarting | Running with Spring Boot v3.5.9, Spring v6.2.15
2026-01-27 18:54:26.129 | INFO  | [main] | c.e.backend.BackendApplicationTests.logStartupProfileInfo | No active profile set, falling back to 1 default profile: "default"
2026-01-27 18:54:27.535 | INFO  | [main] | o.s.d.r.c.RepositoryConfigurationDelegate.registerRepositoriesIn | Bootstrapping Spring Data JPA repositories in DEFAULT mode.
2026-01-27 18:54:27.686 | INFO  | [main] | o.s.d.r.c.RepositoryConfigurationDelegate.registerRepositoriesIn | Finished Spring Data repository scanning in 135 ms. Found 6 JPA repository interfaces.
2026-01-27 18:54:28.413 | INFO  | [main] | o.h.jpa.internal.util.LogHelper.logPersistenceUnitInformation | HHH000204: Processing PersistenceUnitInfo [name: default]
2026-01-27 18:54:28.522 | INFO  | [main] | org.hibernate.Version.logVersion | HHH000412: Hibernate ORM core version 6.6.39.Final
2026-01-27 18:54:28.588 | INFO  | [main] | o.h.c.i.RegionFactoryInitiator.initiateService | HHH000026: Second-level cache disabled
2026-01-27 18:54:29.269 | INFO  | [main] | o.s.o.j.p.SpringPersistenceUnitInfo.addTransformer | No LoadTimeWeaver setup: ignoring JPA class transformer
2026-01-27 18:54:29.325 | INFO  | [main] | com.zaxxer.hikari.HikariDataSource.getConnection | HikariPool-1 - Starting...
2026-01-27 18:54:29.634 | INFO  | [main] | com.zaxxer.hikari.pool.HikariPool.checkFailFast | HikariPool-1 - Added connection org.postgresql.jdbc.PgConnection@7c0e4e4e
2026-01-27 18:54:29.636 | INFO  | [main] | com.zaxxer.hikari.HikariDataSource.getConnection | HikariPool-1 - Start completed.
2026-01-27 18:54:29.814 | INFO  | [main] | o.hibernate.orm.connections.pooling.logConnectionInfo | HHH10001005: Database info:
	Database JDBC URL [Connecting through datasource 'HikariDataSource (HikariPool-1)']
	Database driver: undefined/unknown
	Database version: 17.6
	Autocommit mode: undefined/unknown
	Isolation level: undefined/unknown
	Minimum pool size: undefined/unknown
	Maximum pool size: undefined/unknown
2026-01-27 18:54:31.385 | INFO  | [main] | o.h.e.t.j.p.i.JtaPlatformInitiator.initiateService | HHH000489: No JTA platform available (set 'hibernate.transaction.jta.platform' to enable JTA platform integration)
2026-01-27 18:54:31.550 | INFO  | [main] | o.s.o.j.LocalContainerEntityManagerFactoryBean.buildNativeEntityManagerFactory | Initialized JPA EntityManagerFactory for persistence unit 'default'
2026-01-27 18:54:32.073 | INFO  | [main] | o.s.d.j.r.query.QueryEnhancerFactory.<clinit> | Hibernate is in classpath; If applicable, HQL parser will be used.
2026-01-27 18:54:33.624 | WARN  | [main] | o.s.b.a.o.j.JpaBaseConfiguration$JpaWebConfiguration.openEntityManagerInViewInterceptor | spring.jpa.open-in-view is enabled by default. Therefore, database queries may be performed during view rendering. Explicitly configure spring.jpa.open-in-view to disable this warning
2026-01-27 18:54:33.951 | INFO  | [main] | o.s.s.c.a.a.c.InitializeAuthenticationProviderBeanManagerConfigurer$InitializeAuthenticationProviderManagerConfigurer.configure | Global AuthenticationManager configured with AuthenticationProvider bean with name authenticationProvider
2026-01-27 18:54:33.952 | WARN  | [main] | o.s.s.c.a.a.c.InitializeUserDetailsBeanManagerConfigurer$InitializeUserDetailsManagerConfigurer.configure | Global AuthenticationManager configured with an AuthenticationProvider bean. UserDetailsService beans will not be used by Spring Security for automatically configuring username/password login. Consider removing the AuthenticationProvider bean. Alternatively, consider using the UserDetailsService in a manually instantiated DaoAuthenticationProvider. If the current configuration is intentional, to turn off this warning, increase the logging level of 'org.springframework.security.config.annotation.authentication.configuration.InitializeUserDetailsBeanManagerConfigurer' to ERROR
2026-01-27 18:54:34.484 | INFO  | [main] | c.e.backend.BackendApplicationTests.logStarted | Started BackendApplicationTests in 8.972 seconds (process running for 10.409)
2026-01-27 18:54:34.611 | DEBUG | [main] | org.hibernate.SQL.logStatement | 
    select
        r1_0.id,
        r1_0.role_name 
    from
        roles r1_0
2026-01-27 18:54:35.250 | INFO  | [SpringApplicationShutdownHook] | o.s.o.j.LocalContainerEntityManagerFactoryBean.destroy | Closing JPA EntityManagerFactory for persistence unit 'default'
2026-01-27 18:54:35.255 | INFO  | [SpringApplicationShutdownHook] | com.zaxxer.hikari.HikariDataSource.close | HikariPool-1 - Shutdown initiated...
2026-01-27 18:54:35.266 | INFO  | [SpringApplicationShutdownHook] | com.zaxxer.hikari.HikariDataSource.close | HikariPool-1 - Shutdown completed.
2026-01-27 19:00:25.055 | INFO  | [background-preinit] | o.h.validator.internal.util.Version.<clinit> | HV000001: Hibernate Validator 8.0.3.Final
2026-01-27 19:00:25.114 | INFO  | [main] | c.e.backend.BackendApplicationTests.logStarting | Starting BackendApplicationTests using Java 17.0.12 with PID 16732 (started by inam in C:\Users\inam\Desktop\Real github project\contact-management-system-Description-\Backend)
2026-01-27 19:00:25.116 | DEBUG | [main] | c.e.backend.BackendApplicationTests.logStarting | Running with Spring Boot v3.5.9, Spring v6.2.15
2026-01-27 19:00:25.120 | INFO  | [main] | c.e.backend.BackendApplicationTests.logStartupProfileInfo | No active profile set, falling back to 1 default profile: "default"
2026-01-27 19:00:26.734 | INFO  | [main] | o.s.d.r.c.RepositoryConfigurationDelegate.registerRepositoriesIn | Bootstrapping Spring Data JPA repositories in DEFAULT mode.
2026-01-27 19:00:26.904 | INFO  | [main] | o.s.d.r.c.RepositoryConfigurationDelegate.registerRepositoriesIn | Finished Spring Data repository scanning in 152 ms. Found 6 JPA repository interfaces.
2026-01-27 19:00:28.024 | INFO  | [main] | o.h.jpa.internal.util.LogHelper.logPersistenceUnitInformation | HHH000204: Processing PersistenceUnitInfo [name: default]
2026-01-27 19:00:28.420 | INFO  | [main] | org.hibernate.Version.logVersion | HHH000412: Hibernate ORM core version 6.6.39.Final
2026-01-27 19:00:28.535 | INFO  | [main] | o.h.c.i.RegionFactoryInitiator.initiateService | HHH000026: Second-level cache disabled
2026-01-27 19:00:29.305 | INFO  | [main] | o.s.o.j.p.SpringPersistenceUnitInfo.addTransformer | No LoadTimeWeaver setup: ignoring JPA class transformer
2026-01-27 19:00:29.401 | INFO  | [main] | com.zaxxer.hikari.HikariDataSource.getConnection | HikariPool-1 - Starting...
2026-01-27 19:00:29.752 | INFO  | [main] | com.zaxxer.hikari.pool.HikariPool.checkFailFast | HikariPool-1 - Added connection org.postgresql.jdbc.PgConnection@1f48fa72
2026-01-27 19:00:29.754 | INFO  | [main] | com.zaxxer.hikari.HikariDataSource.getConnection | HikariPool-1 - Start completed.
2026-01-27 19:00:29.861 | INFO  | [main] | o.hibernate.orm.connections.pooling.logConnectionInfo | HHH10001005: Database info:
	Database JDBC URL [Connecting through datasource 'HikariDataSource (HikariPool-1)']
	Database driver: undefined/unknown
	Database version: 17.6
	Autocommit mode: undefined/unknown
	Isolation level: undefined/unknown
	Minimum pool size: undefined/unknown
	Maximum pool size: undefined/unknown
2026-01-27 19:00:31.897 | INFO  | [main] | o.h.e.t.j.p.i.JtaPlatformInitiator.initiateService | HHH000489: No JTA platform available (set 'hibernate.transaction.jta.platform' to enable JTA platform integration)
2026-01-27 19:00:32.073 | INFO  | [main] | o.s.o.j.LocalContainerEntityManagerFactoryBean.buildNativeEntityManagerFactory | Initialized JPA EntityManagerFactory for persistence unit 'default'
2026-01-27 19:00:33.192 | INFO  | [main] | o.s.d.j.r.query.QueryEnhancerFactory.<clinit> | Hibernate is in classpath; If applicable, HQL parser will be used.
2026-01-27 19:00:35.573 | WARN  | [main] | o.s.b.a.o.j.JpaBaseConfiguration$JpaWebConfiguration.openEntityManagerInViewInterceptor | spring.jpa.open-in-view is enabled by default. Therefore, database queries may be performed during view rendering. Explicitly configure spring.jpa.open-in-view to disable this warning
2026-01-27 19:00:36.035 | INFO  | [main] | o.s.s.c.a.a.c.InitializeAuthenticationProviderBeanManagerConfigurer$InitializeAuthenticationProviderManagerConfigurer.configure | Global AuthenticationManager configured with AuthenticationProvider bean with name authenticationProvider
2026-01-27 19:00:36.036 | WARN  | [main] | o.s.s.c.a.a.c.InitializeUserDetailsBeanManagerConfigurer$InitializeUserDetailsManagerConfigurer.configure | Global AuthenticationManager configured with an AuthenticationProvider bean. UserDetailsService beans will not be used by Spring Security for automatically configuring username/password login. Consider removing the AuthenticationProvider bean. Alternatively, consider using the UserDetailsService in a manually instantiated DaoAuthenticationProvider. If the current configuration is intentional, to turn off this warning, increase the logging level of 'org.springframework.security.config.annotation.authentication.configuration.InitializeUserDetailsBeanManagerConfigurer' to ERROR
2026-01-27 19:00:37.158 | INFO  | [main] | c.e.backend.BackendApplicationTests.logStarted | Started BackendApplicationTests in 12.655 seconds (process running for 14.309)
2026-01-27 19:00:37.362 | DEBUG | [main] | org.hibernate.SQL.logStatement | 
    select
        r1_0.id,
        r1_0.role_name 
    from
        roles r1_0
2026-01-27 19:00:38.204 | INFO  | [SpringApplicationShutdownHook] | o.s.o.j.LocalContainerEntityManagerFactoryBean.destroy | Closing JPA EntityManagerFactory for persistence unit 'default'
2026-01-27 19:00:38.208 | INFO  | [SpringApplicationShutdownHook] | com.zaxxer.hikari.HikariDataSource.close | HikariPool-1 - Shutdown initiated...
2026-01-27 19:00:38.236 | INFO  | [SpringApplicationShutdownHook] | com.zaxxer.hikari.HikariDataSource.close | HikariPool-1 - Shutdown completed.
