2026-01-16 13:04:33.321 | INFO  | [background-preinit] | o.h.validator.internal.util.Version.<clinit> | HV000001: Hibernate Validator 8.0.3.Final
2026-01-16 13:04:33.427 | INFO  | [main] | c.example.Backend.BackendApplication.logStarting | Starting BackendApplication using Java 24.0.1 with PID 15580 (C:\Users\inam\Desktop\10pearl\contact-management-system-Description-\Backend\target\classes started by inam in C:\Users\inam\Desktop\10pearl\contact-management-system-Description-\Backend)
2026-01-16 13:04:33.429 | INFO  | [main] | c.example.Backend.BackendApplication.logStartupProfileInfo | No active profile set, falling back to 1 default profile: "default"
2026-01-16 13:04:37.023 | INFO  | [main] | o.a.coyote.http11.Http11NioProtocol.log | Initializing ProtocolHandler ["http-nio-0.0.0.0-8082"]
2026-01-16 13:04:37.026 | INFO  | [main] | o.a.catalina.core.StandardService.log | Starting service [Tomcat]
2026-01-16 13:04:37.027 | INFO  | [main] | o.a.catalina.core.StandardEngine.log | Starting Servlet engine: [Apache Tomcat/10.1.50]
2026-01-16 13:04:37.232 | INFO  | [main] | o.a.c.c.C.[Tomcat].[localhost].[/].log | Initializing Spring embedded WebApplicationContext
2026-01-16 13:04:37.638 | INFO  | [main] | o.h.jpa.internal.util.LogHelper.logPersistenceUnitInformation | HHH000204: Processing PersistenceUnitInfo [name: default]
2026-01-16 13:04:37.849 | INFO  | [main] | org.hibernate.Version.logVersion | HHH000412: Hibernate ORM core version 6.6.39.Final
2026-01-16 13:04:37.941 | INFO  | [main] | o.h.c.i.RegionFactoryInitiator.initiateService | HHH000026: Second-level cache disabled
2026-01-16 13:04:38.910 | INFO  | [main] | com.zaxxer.hikari.HikariDataSource.getConnection | HikariPool-1 - Starting...
2026-01-16 13:04:39.465 | INFO  | [main] | com.zaxxer.hikari.pool.HikariPool.checkFailFast | HikariPool-1 - Added connection org.postgresql.jdbc.PgConnection@27dc335a
2026-01-16 13:04:39.471 | INFO  | [main] | com.zaxxer.hikari.HikariDataSource.getConnection | HikariPool-1 - Start completed.
2026-01-16 13:04:39.608 | INFO  | [main] | o.hibernate.orm.connections.pooling.logConnectionInfo | HHH10001005: Database info:
	Database JDBC URL [Connecting through datasource 'HikariDataSource (HikariPool-1)']
	Database driver: undefined/unknown
	Database version: 17.6
	Autocommit mode: undefined/unknown
	Isolation level: undefined/unknown
	Minimum pool size: undefined/unknown
	Maximum pool size: undefined/unknown
2026-01-16 13:04:39.646 | DEBUG | [main] | o.h.t.d.sql.spi.DdlTypeRegistry.addDescriptor | addDescriptor(2003, org.hibernate.type.descriptor.sql.internal.ArrayDdlTypeImpl@5c1c9881) replaced previous registration(org.hibernate.type.descriptor.sql.internal.ArrayDdlTypeImpl@1c18ee69)
2026-01-16 13:04:39.647 | DEBUG | [main] | o.h.t.d.sql.spi.DdlTypeRegistry.addDescriptor | addDescriptor(6, org.hibernate.type.descriptor.sql.internal.CapacityDependentDdlType@2f99d8c) replaced previous registration(org.hibernate.type.descriptor.sql.internal.DdlTypeImpl@65d7eea4)
2026-01-16 13:04:43.206 | INFO  | [main] | o.h.e.t.j.p.i.JtaPlatformInitiator.initiateService | HHH000489: No JTA platform available (set 'hibernate.transaction.jta.platform' to enable JTA platform integration)
2026-01-16 13:04:47.728 | WARN  | [main] | o.s.b.a.o.j.JpaBaseConfiguration$JpaWebConfiguration.openEntityManagerInViewInterceptor | spring.jpa.open-in-view is enabled by default. Therefore, database queries may be performed during view rendering. Explicitly configure spring.jpa.open-in-view to disable this warning
2026-01-16 13:04:48.164 | WARN  | [main] | o.s.s.c.a.a.c.InitializeUserDetailsBeanManagerConfigurer$InitializeUserDetailsManagerConfigurer.configure | Global AuthenticationManager configured with an AuthenticationProvider bean. UserDetailsService beans will not be used by Spring Security for automatically configuring username/password login. Consider removing the AuthenticationProvider bean. Alternatively, consider using the UserDetailsService in a manually instantiated DaoAuthenticationProvider. If the current configuration is intentional, to turn off this warning, increase the logging level of 'org.springframework.security.config.annotation.authentication.configuration.InitializeUserDetailsBeanManagerConfigurer' to ERROR
2026-01-16 13:04:49.176 | INFO  | [main] | o.a.coyote.http11.Http11NioProtocol.log | Starting ProtocolHandler ["http-nio-0.0.0.0-8082"]
2026-01-16 13:04:49.245 | INFO  | [main] | c.example.Backend.BackendApplication.logStarted | Started BackendApplication in 16.98 seconds (process running for 18.63)
2026-01-16 13:04:52.077 | INFO  | [http-nio-0.0.0.0-8082-exec-2] | o.a.c.c.C.[Tomcat].[localhost].[/].log | Initializing Spring DispatcherServlet 'dispatcherServlet'
2026-01-16 13:04:53.392 | INFO  | [http-nio-0.0.0.0-8082-exec-2] | c.e.B.controller.auth.AuthController.login | Login attempt for email: inam@gmail.com
2026-01-16 13:04:53.596 | DEBUG | [http-nio-0.0.0.0-8082-exec-2] | org.hibernate.SQL.logStatement | 
    select
        u1_0.id,
        u1_0.active,
        u1_0.is_deleted,
        u1_0.email,
        u1_0.last_login,
        u1_0.name,
        u1_0.password,
        u1_0.refresh_token,
        u1_0.reset_password_token,
        u1_0.reset_token_expiry,
        u1_0.role_id,
        u1_0.token_expiry,
        u1_0.verification_token,
        u1_0.verified 
    from
        users u1_0 
    where
        upper(u1_0.email)=upper(?)
2026-01-16 13:04:53.690 | DEBUG | [http-nio-0.0.0.0-8082-exec-2] | org.hibernate.SQL.logStatement | 
    select
        r1_0.id,
        r1_0.role_name 
    from
        roles r1_0 
    where
        r1_0.id=?
2026-01-16 13:04:54.060 | DEBUG | [http-nio-0.0.0.0-8082-exec-2] | org.hibernate.SQL.logStatement | 
    select
        u1_0.id,
        u1_0.active,
        u1_0.is_deleted,
        u1_0.email,
        u1_0.last_login,
        u1_0.name,
        u1_0.password,
        u1_0.refresh_token,
        u1_0.reset_password_token,
        u1_0.reset_token_expiry,
        u1_0.role_id,
        u1_0.token_expiry,
        u1_0.verification_token,
        u1_0.verified 
    from
        users u1_0 
    where
        upper(u1_0.email)=upper(?)
2026-01-16 13:04:54.343 | DEBUG | [http-nio-0.0.0.0-8082-exec-2] | org.hibernate.SQL.logStatement | 
    update
        users 
    set
        active=?,
        is_deleted=?,
        email=?,
        last_login=?,
        name=?,
        password=?,
        refresh_token=?,
        reset_password_token=?,
        reset_token_expiry=?,
        role_id=?,
        token_expiry=?,
        verification_token=?,
        verified=? 
    where
        id=?
2026-01-16 13:04:54.378 | INFO  | [http-nio-0.0.0.0-8082-exec-2] | c.e.B.controller.auth.AuthController.login | Login successful for email: inam@gmail.com
2026-01-16 13:10:52.709 | INFO  | [SpringApplicationShutdownHook] | com.zaxxer.hikari.HikariDataSource.close | HikariPool-1 - Shutdown initiated...
2026-01-16 13:10:52.729 | INFO  | [SpringApplicationShutdownHook] | com.zaxxer.hikari.HikariDataSource.close | HikariPool-1 - Shutdown completed.
