2026-01-08 09:45:55.584 | INFO  | [background-preinit] | o.h.validator.internal.util.Version.<clinit> | HV000001: Hibernate Validator 8.0.3.Final
2026-01-08 09:45:55.688 | INFO  | [main] | c.e.Backend.BackendApplicationTests.logStarting | Starting BackendApplicationTests using Java 17.0.12 with PID 16244 (started by inam in C:\Users\inam\Downloads\Backend\Backend)
2026-01-08 09:45:55.689 | INFO  | [main] | c.e.Backend.BackendApplicationTests.logStartupProfileInfo | No active profile set, falling back to 1 default profile: "default"
2026-01-08 09:45:57.636 | INFO  | [main] | o.h.jpa.internal.util.LogHelper.logPersistenceUnitInformation | HHH000204: Processing PersistenceUnitInfo [name: default]
2026-01-08 09:45:57.745 | INFO  | [main] | org.hibernate.Version.logVersion | HHH000412: Hibernate ORM core version 6.6.39.Final
2026-01-08 09:45:57.825 | INFO  | [main] | o.h.c.i.RegionFactoryInitiator.initiateService | HHH000026: Second-level cache disabled
2026-01-08 09:45:58.538 | INFO  | [main] | com.zaxxer.hikari.HikariDataSource.getConnection | HikariPool-1 - Starting...
2026-01-08 09:45:58.873 | INFO  | [main] | com.zaxxer.hikari.pool.HikariPool.checkFailFast | HikariPool-1 - Added connection org.postgresql.jdbc.PgConnection@10bdfbcc
2026-01-08 09:45:58.876 | INFO  | [main] | com.zaxxer.hikari.HikariDataSource.getConnection | HikariPool-1 - Start completed.
2026-01-08 09:45:59.008 | INFO  | [main] | o.hibernate.orm.connections.pooling.logConnectionInfo | HHH10001005: Database info:
	Database JDBC URL [Connecting through datasource 'HikariDataSource (HikariPool-1)']
	Database driver: undefined/unknown
	Database version: 17.6
	Autocommit mode: undefined/unknown
	Isolation level: undefined/unknown
	Minimum pool size: undefined/unknown
	Maximum pool size: undefined/unknown
2026-01-08 09:45:59.024 | DEBUG | [main] | o.h.t.d.sql.spi.DdlTypeRegistry.addDescriptor | addDescriptor(2003, org.hibernate.type.descriptor.sql.internal.ArrayDdlTypeImpl@2211b44f) replaced previous registration(org.hibernate.type.descriptor.sql.internal.ArrayDdlTypeImpl@6c830ebd)
2026-01-08 09:45:59.025 | DEBUG | [main] | o.h.t.d.sql.spi.DdlTypeRegistry.addDescriptor | addDescriptor(6, org.hibernate.type.descriptor.sql.internal.CapacityDependentDdlType@15f519f7) replaced previous registration(org.hibernate.type.descriptor.sql.internal.DdlTypeImpl@4a336377)
2026-01-08 09:46:00.681 | INFO  | [main] | o.h.e.t.j.p.i.JtaPlatformInitiator.initiateService | HHH000489: No JTA platform available (set 'hibernate.transaction.jta.platform' to enable JTA platform integration)
2026-01-08 09:46:01.063 | WARN  | [main] | o.s.b.a.o.j.JpaBaseConfiguration$JpaWebConfiguration.openEntityManagerInViewInterceptor | spring.jpa.open-in-view is enabled by default. Therefore, database queries may be performed during view rendering. Explicitly configure spring.jpa.open-in-view to disable this warning
2026-01-08 09:46:01.721 | INFO  | [main] | c.e.Backend.BackendApplicationTests.logStarted | Started BackendApplicationTests in 6.928 seconds (process running for 9.017)
2026-01-08 09:46:02.590 | INFO  | [SpringApplicationShutdownHook] | com.zaxxer.hikari.HikariDataSource.close | HikariPool-1 - Shutdown initiated...
2026-01-08 09:46:02.603 | INFO  | [SpringApplicationShutdownHook] | com.zaxxer.hikari.HikariDataSource.close | HikariPool-1 - Shutdown completed.
2026-01-08 09:51:59.273 | INFO  | [background-preinit] | o.h.validator.internal.util.Version.<clinit> | HV000001: Hibernate Validator 8.0.3.Final
2026-01-08 09:51:59.389 | INFO  | [main] | c.e.Backend.BackendApplicationTests.logStarting | Starting BackendApplicationTests using Java 17.0.12 with PID 19784 (started by inam in C:\Users\inam\Downloads\Backend\Backend)
2026-01-08 09:51:59.391 | INFO  | [main] | c.e.Backend.BackendApplicationTests.logStartupProfileInfo | No active profile set, falling back to 1 default profile: "default"
2026-01-08 09:52:01.264 | INFO  | [main] | o.h.jpa.internal.util.LogHelper.logPersistenceUnitInformation | HHH000204: Processing PersistenceUnitInfo [name: default]
2026-01-08 09:52:01.365 | INFO  | [main] | org.hibernate.Version.logVersion | HHH000412: Hibernate ORM core version 6.6.39.Final
2026-01-08 09:52:01.470 | INFO  | [main] | o.h.c.i.RegionFactoryInitiator.initiateService | HHH000026: Second-level cache disabled
2026-01-08 09:52:02.162 | INFO  | [main] | com.zaxxer.hikari.HikariDataSource.getConnection | HikariPool-1 - Starting...
2026-01-08 09:52:02.483 | INFO  | [main] | com.zaxxer.hikari.pool.HikariPool.checkFailFast | HikariPool-1 - Added connection org.postgresql.jdbc.PgConnection@261275ae
2026-01-08 09:52:02.486 | INFO  | [main] | com.zaxxer.hikari.HikariDataSource.getConnection | HikariPool-1 - Start completed.
2026-01-08 09:52:02.590 | INFO  | [main] | o.hibernate.orm.connections.pooling.logConnectionInfo | HHH10001005: Database info:
	Database JDBC URL [Connecting through datasource 'HikariDataSource (HikariPool-1)']
	Database driver: undefined/unknown
	Database version: 17.6
	Autocommit mode: undefined/unknown
	Isolation level: undefined/unknown
	Minimum pool size: undefined/unknown
	Maximum pool size: undefined/unknown
2026-01-08 09:52:02.606 | DEBUG | [main] | o.h.t.d.sql.spi.DdlTypeRegistry.addDescriptor | addDescriptor(2003, org.hibernate.type.descriptor.sql.internal.ArrayDdlTypeImpl@1dca62c2) replaced previous registration(org.hibernate.type.descriptor.sql.internal.ArrayDdlTypeImpl@52657d5f)
2026-01-08 09:52:02.608 | DEBUG | [main] | o.h.t.d.sql.spi.DdlTypeRegistry.addDescriptor | addDescriptor(6, org.hibernate.type.descriptor.sql.internal.CapacityDependentDdlType@43d3995f) replaced previous registration(org.hibernate.type.descriptor.sql.internal.DdlTypeImpl@2211b44f)
2026-01-08 09:52:04.209 | INFO  | [main] | o.h.e.t.j.p.i.JtaPlatformInitiator.initiateService | HHH000489: No JTA platform available (set 'hibernate.transaction.jta.platform' to enable JTA platform integration)
2026-01-08 09:52:04.619 | WARN  | [main] | o.s.b.a.o.j.JpaBaseConfiguration$JpaWebConfiguration.openEntityManagerInViewInterceptor | spring.jpa.open-in-view is enabled by default. Therefore, database queries may be performed during view rendering. Explicitly configure spring.jpa.open-in-view to disable this warning
2026-01-08 09:52:05.255 | INFO  | [main] | c.e.Backend.BackendApplicationTests.logStarted | Started BackendApplicationTests in 6.645 seconds (process running for 8.238)
2026-01-08 09:52:06.117 | INFO  | [SpringApplicationShutdownHook] | com.zaxxer.hikari.HikariDataSource.close | HikariPool-1 - Shutdown initiated...
2026-01-08 09:52:06.133 | INFO  | [SpringApplicationShutdownHook] | com.zaxxer.hikari.HikariDataSource.close | HikariPool-1 - Shutdown completed.
2026-01-08 10:05:29.472 | INFO  | [background-preinit] | o.h.validator.internal.util.Version.<clinit> | HV000001: Hibernate Validator 8.0.3.Final
2026-01-08 10:05:29.555 | INFO  | [main] | c.e.Backend.BackendApplicationTests.logStarting | Starting BackendApplicationTests using Java 17.0.12 with PID 31264 (started by inam in C:\Users\inam\Downloads\Backend\Backend)
2026-01-08 10:05:29.557 | INFO  | [main] | c.e.Backend.BackendApplicationTests.logStartupProfileInfo | No active profile set, falling back to 1 default profile: "default"
2026-01-08 10:05:31.470 | INFO  | [main] | o.h.jpa.internal.util.LogHelper.logPersistenceUnitInformation | HHH000204: Processing PersistenceUnitInfo [name: default]
2026-01-08 10:05:31.572 | INFO  | [main] | org.hibernate.Version.logVersion | HHH000412: Hibernate ORM core version 6.6.39.Final
2026-01-08 10:05:31.646 | INFO  | [main] | o.h.c.i.RegionFactoryInitiator.initiateService | HHH000026: Second-level cache disabled
2026-01-08 10:05:32.365 | INFO  | [main] | com.zaxxer.hikari.HikariDataSource.getConnection | HikariPool-1 - Starting...
2026-01-08 10:05:32.705 | INFO  | [main] | com.zaxxer.hikari.pool.HikariPool.checkFailFast | HikariPool-1 - Added connection org.postgresql.jdbc.PgConnection@60ed0b9d
2026-01-08 10:05:32.708 | INFO  | [main] | com.zaxxer.hikari.HikariDataSource.getConnection | HikariPool-1 - Start completed.
2026-01-08 10:05:32.828 | INFO  | [main] | o.hibernate.orm.connections.pooling.logConnectionInfo | HHH10001005: Database info:
	Database JDBC URL [Connecting through datasource 'HikariDataSource (HikariPool-1)']
	Database driver: undefined/unknown
	Database version: 17.6
	Autocommit mode: undefined/unknown
	Isolation level: undefined/unknown
	Minimum pool size: undefined/unknown
	Maximum pool size: undefined/unknown
2026-01-08 10:05:32.844 | DEBUG | [main] | o.h.t.d.sql.spi.DdlTypeRegistry.addDescriptor | addDescriptor(2003, org.hibernate.type.descriptor.sql.internal.ArrayDdlTypeImpl@65af05b2) replaced previous registration(org.hibernate.type.descriptor.sql.internal.ArrayDdlTypeImpl@11ad095c)
2026-01-08 10:05:32.846 | DEBUG | [main] | o.h.t.d.sql.spi.DdlTypeRegistry.addDescriptor | addDescriptor(6, org.hibernate.type.descriptor.sql.internal.CapacityDependentDdlType@2c2a903f) replaced previous registration(org.hibernate.type.descriptor.sql.internal.DdlTypeImpl@7d537616)
2026-01-08 10:05:34.551 | INFO  | [main] | o.h.e.t.j.p.i.JtaPlatformInitiator.initiateService | HHH000489: No JTA platform available (set 'hibernate.transaction.jta.platform' to enable JTA platform integration)
2026-01-08 10:05:34.956 | WARN  | [main] | o.s.b.a.o.j.JpaBaseConfiguration$JpaWebConfiguration.openEntityManagerInViewInterceptor | spring.jpa.open-in-view is enabled by default. Therefore, database queries may be performed during view rendering. Explicitly configure spring.jpa.open-in-view to disable this warning
2026-01-08 10:05:35.604 | INFO  | [main] | c.e.Backend.BackendApplicationTests.logStarted | Started BackendApplicationTests in 6.873 seconds (process running for 8.635)
2026-01-08 10:05:36.444 | INFO  | [SpringApplicationShutdownHook] | com.zaxxer.hikari.HikariDataSource.close | HikariPool-1 - Shutdown initiated...
2026-01-08 10:05:36.476 | INFO  | [SpringApplicationShutdownHook] | com.zaxxer.hikari.HikariDataSource.close | HikariPool-1 - Shutdown completed.
2026-01-08 10:30:42.614 | INFO  | [background-preinit] | o.h.validator.internal.util.Version.<clinit> | HV000001: Hibernate Validator 8.0.3.Final
2026-01-08 10:30:42.704 | INFO  | [main] | c.e.Backend.BackendApplicationTests.logStarting | Starting BackendApplicationTests using Java 17.0.12 with PID 26036 (started by inam in C:\Users\inam\Downloads\Backend\Backend)
2026-01-08 10:30:42.721 | INFO  | [main] | c.e.Backend.BackendApplicationTests.logStartupProfileInfo | No active profile set, falling back to 1 default profile: "default"
2026-01-08 10:30:44.404 | INFO  | [main] | o.h.jpa.internal.util.LogHelper.logPersistenceUnitInformation | HHH000204: Processing PersistenceUnitInfo [name: default]
2026-01-08 10:30:44.496 | INFO  | [main] | org.hibernate.Version.logVersion | HHH000412: Hibernate ORM core version 6.6.39.Final
2026-01-08 10:30:44.561 | INFO  | [main] | o.h.c.i.RegionFactoryInitiator.initiateService | HHH000026: Second-level cache disabled
2026-01-08 10:30:45.153 | INFO  | [main] | com.zaxxer.hikari.HikariDataSource.getConnection | HikariPool-1 - Starting...
2026-01-08 10:30:45.451 | INFO  | [main] | com.zaxxer.hikari.pool.HikariPool.checkFailFast | HikariPool-1 - Added connection org.postgresql.jdbc.PgConnection@15e8c040
2026-01-08 10:30:45.453 | INFO  | [main] | com.zaxxer.hikari.HikariDataSource.getConnection | HikariPool-1 - Start completed.
2026-01-08 10:30:45.551 | INFO  | [main] | o.hibernate.orm.connections.pooling.logConnectionInfo | HHH10001005: Database info:
	Database JDBC URL [Connecting through datasource 'HikariDataSource (HikariPool-1)']
	Database driver: undefined/unknown
	Database version: 17.6
	Autocommit mode: undefined/unknown
	Isolation level: undefined/unknown
	Minimum pool size: undefined/unknown
	Maximum pool size: undefined/unknown
2026-01-08 10:30:45.564 | DEBUG | [main] | o.h.t.d.sql.spi.DdlTypeRegistry.addDescriptor | addDescriptor(2003, org.hibernate.type.descriptor.sql.internal.ArrayDdlTypeImpl@15f519f7) replaced previous registration(org.hibernate.type.descriptor.sql.internal.ArrayDdlTypeImpl@4a336377)
2026-01-08 10:30:45.565 | DEBUG | [main] | o.h.t.d.sql.spi.DdlTypeRegistry.addDescriptor | addDescriptor(6, org.hibernate.type.descriptor.sql.internal.CapacityDependentDdlType@65af05b2) replaced previous registration(org.hibernate.type.descriptor.sql.internal.DdlTypeImpl@11ad095c)
2026-01-08 10:30:47.072 | INFO  | [main] | o.h.e.t.j.p.i.JtaPlatformInitiator.initiateService | HHH000489: No JTA platform available (set 'hibernate.transaction.jta.platform' to enable JTA platform integration)
2026-01-08 10:30:47.429 | WARN  | [main] | o.s.b.a.o.j.JpaBaseConfiguration$JpaWebConfiguration.openEntityManagerInViewInterceptor | spring.jpa.open-in-view is enabled by default. Therefore, database queries may be performed during view rendering. Explicitly configure spring.jpa.open-in-view to disable this warning
2026-01-08 10:30:48.025 | INFO  | [main] | c.e.Backend.BackendApplicationTests.logStarted | Started BackendApplicationTests in 6.018 seconds (process running for 7.432)
2026-01-08 10:30:48.777 | INFO  | [SpringApplicationShutdownHook] | com.zaxxer.hikari.HikariDataSource.close | HikariPool-1 - Shutdown initiated...
2026-01-08 10:30:48.796 | INFO  | [SpringApplicationShutdownHook] | com.zaxxer.hikari.HikariDataSource.close | HikariPool-1 - Shutdown completed.
2026-01-08 10:57:06.276 | INFO  | [background-preinit] | o.h.validator.internal.util.Version.<clinit> | HV000001: Hibernate Validator 8.0.3.Final
2026-01-08 10:57:06.358 | INFO  | [main] | c.e.Backend.BackendApplicationTests.logStarting | Starting BackendApplicationTests using Java 17.0.12 with PID 10168 (started by inam in C:\Users\inam\Downloads\Backend\Backend)
2026-01-08 10:57:06.359 | INFO  | [main] | c.e.Backend.BackendApplicationTests.logStartupProfileInfo | No active profile set, falling back to 1 default profile: "default"
2026-01-08 10:57:08.056 | INFO  | [main] | o.h.jpa.internal.util.LogHelper.logPersistenceUnitInformation | HHH000204: Processing PersistenceUnitInfo [name: default]
2026-01-08 10:57:08.156 | INFO  | [main] | org.hibernate.Version.logVersion | HHH000412: Hibernate ORM core version 6.6.39.Final
2026-01-08 10:57:08.212 | INFO  | [main] | o.h.c.i.RegionFactoryInitiator.initiateService | HHH000026: Second-level cache disabled
2026-01-08 10:57:08.838 | INFO  | [main] | com.zaxxer.hikari.HikariDataSource.getConnection | HikariPool-1 - Starting...
2026-01-08 10:57:09.120 | INFO  | [main] | com.zaxxer.hikari.pool.HikariPool.checkFailFast | HikariPool-1 - Added connection org.postgresql.jdbc.PgConnection@7f012923
2026-01-08 10:57:09.124 | INFO  | [main] | com.zaxxer.hikari.HikariDataSource.getConnection | HikariPool-1 - Start completed.
2026-01-08 10:57:09.241 | INFO  | [main] | o.hibernate.orm.connections.pooling.logConnectionInfo | HHH10001005: Database info:
	Database JDBC URL [Connecting through datasource 'HikariDataSource (HikariPool-1)']
	Database driver: undefined/unknown
	Database version: 17.6
	Autocommit mode: undefined/unknown
	Isolation level: undefined/unknown
	Minimum pool size: undefined/unknown
	Maximum pool size: undefined/unknown
2026-01-08 10:57:09.254 | DEBUG | [main] | o.h.t.d.sql.spi.DdlTypeRegistry.addDescriptor | addDescriptor(2003, org.hibernate.type.descriptor.sql.internal.ArrayDdlTypeImpl@4aab7195) replaced previous registration(org.hibernate.type.descriptor.sql.internal.ArrayDdlTypeImpl@6210666c)
2026-01-08 10:57:09.255 | DEBUG | [main] | o.h.t.d.sql.spi.DdlTypeRegistry.addDescriptor | addDescriptor(6, org.hibernate.type.descriptor.sql.internal.CapacityDependentDdlType@1dca62c2) replaced previous registration(org.hibernate.type.descriptor.sql.internal.DdlTypeImpl@52657d5f)
2026-01-08 10:57:10.804 | INFO  | [main] | o.h.e.t.j.p.i.JtaPlatformInitiator.initiateService | HHH000489: No JTA platform available (set 'hibernate.transaction.jta.platform' to enable JTA platform integration)
2026-01-08 10:57:11.164 | WARN  | [main] | o.s.b.a.o.j.JpaBaseConfiguration$JpaWebConfiguration.openEntityManagerInViewInterceptor | spring.jpa.open-in-view is enabled by default. Therefore, database queries may be performed during view rendering. Explicitly configure spring.jpa.open-in-view to disable this warning
2026-01-08 10:57:11.747 | INFO  | [main] | c.e.Backend.BackendApplicationTests.logStarted | Started BackendApplicationTests in 6.066 seconds (process running for 7.535)
2026-01-08 10:57:12.475 | INFO  | [SpringApplicationShutdownHook] | com.zaxxer.hikari.HikariDataSource.close | HikariPool-1 - Shutdown initiated...
2026-01-08 10:57:12.488 | INFO  | [SpringApplicationShutdownHook] | com.zaxxer.hikari.HikariDataSource.close | HikariPool-1 - Shutdown completed.
2026-01-08 11:03:58.691 | INFO  | [background-preinit] | o.h.validator.internal.util.Version.<clinit> | HV000001: Hibernate Validator 8.0.3.Final
2026-01-08 11:03:58.750 | INFO  | [main] | c.e.Backend.BackendApplicationTests.logStarting | Starting BackendApplicationTests using Java 17.0.12 with PID 14720 (started by inam in C:\Users\inam\Downloads\Backend\Backend)
2026-01-08 11:03:58.752 | INFO  | [main] | c.e.Backend.BackendApplicationTests.logStartupProfileInfo | No active profile set, falling back to 1 default profile: "default"
2026-01-08 11:04:00.492 | INFO  | [main] | o.h.jpa.internal.util.LogHelper.logPersistenceUnitInformation | HHH000204: Processing PersistenceUnitInfo [name: default]
2026-01-08 11:04:00.593 | INFO  | [main] | org.hibernate.Version.logVersion | HHH000412: Hibernate ORM core version 6.6.39.Final
2026-01-08 11:04:00.645 | INFO  | [main] | o.h.c.i.RegionFactoryInitiator.initiateService | HHH000026: Second-level cache disabled
2026-01-08 11:04:01.237 | INFO  | [main] | com.zaxxer.hikari.HikariDataSource.getConnection | HikariPool-1 - Starting...
2026-01-08 11:04:01.516 | INFO  | [main] | com.zaxxer.hikari.pool.HikariPool.checkFailFast | HikariPool-1 - Added connection org.postgresql.jdbc.PgConnection@770cae59
2026-01-08 11:04:01.521 | INFO  | [main] | com.zaxxer.hikari.HikariDataSource.getConnection | HikariPool-1 - Start completed.
2026-01-08 11:04:01.633 | INFO  | [main] | o.hibernate.orm.connections.pooling.logConnectionInfo | HHH10001005: Database info:
	Database JDBC URL [Connecting through datasource 'HikariDataSource (HikariPool-1)']
	Database driver: undefined/unknown
	Database version: 17.6
	Autocommit mode: undefined/unknown
	Isolation level: undefined/unknown
	Minimum pool size: undefined/unknown
	Maximum pool size: undefined/unknown
2026-01-08 11:04:01.644 | DEBUG | [main] | o.h.t.d.sql.spi.DdlTypeRegistry.addDescriptor | addDescriptor(2003, org.hibernate.type.descriptor.sql.internal.ArrayDdlTypeImpl@41be8db9) replaced previous registration(org.hibernate.type.descriptor.sql.internal.ArrayDdlTypeImpl@2c2a7d53)
2026-01-08 11:04:01.646 | DEBUG | [main] | o.h.t.d.sql.spi.DdlTypeRegistry.addDescriptor | addDescriptor(6, org.hibernate.type.descriptor.sql.internal.CapacityDependentDdlType@46524ebe) replaced previous registration(org.hibernate.type.descriptor.sql.internal.DdlTypeImpl@1de85972)
2026-01-08 11:04:03.163 | INFO  | [main] | o.h.e.t.j.p.i.JtaPlatformInitiator.initiateService | HHH000489: No JTA platform available (set 'hibernate.transaction.jta.platform' to enable JTA platform integration)
2026-01-08 11:04:03.506 | WARN  | [main] | o.s.b.a.o.j.JpaBaseConfiguration$JpaWebConfiguration.openEntityManagerInViewInterceptor | spring.jpa.open-in-view is enabled by default. Therefore, database queries may be performed during view rendering. Explicitly configure spring.jpa.open-in-view to disable this warning
2026-01-08 11:04:04.118 | INFO  | [main] | c.e.Backend.BackendApplicationTests.logStarted | Started BackendApplicationTests in 6.024 seconds (process running for 7.416)
2026-01-08 11:04:04.831 | INFO  | [SpringApplicationShutdownHook] | com.zaxxer.hikari.HikariDataSource.close | HikariPool-1 - Shutdown initiated...
2026-01-08 11:04:04.843 | INFO  | [SpringApplicationShutdownHook] | com.zaxxer.hikari.HikariDataSource.close | HikariPool-1 - Shutdown completed.
